ATT:GSAT-8,ATT0,UGA-50
GSAT:GSAT0,UGA0,VZ5,VONA-3
UGA:VZ55,GSAT42,UGA0,ATT50,VONA47
VONA:VZ8,VONA0
VZ:VZ0,ATT2
-----
ATT:VZ-3,GSAT-8,ATT0,UGA-50,VONA-11
GSAT:ATT7,GSAT0,UGA0,VZ5,VONA-3
UGA:VZ47,GSAT42,UGA0,ATT50,VONA39
VONA:VZ8,ATT10,VONA0
VZ:GSAT-6,VZ0,ATT2,UGA-48
-----
ATT:VZ-3,GSAT-8,ATT0,UGA-50,VONA-11
GSAT:ATT7,GSAT0,UGA-43,VZ5,VONA-3
UGA:VZ47,GSAT42,UGA0,ATT50,VONA39
VONA:GSAT2,VZ8,ATT10,VONA0,UGA-40
VZ:GSAT-6,VZ0,ATT2,VONA-9,UGA-48
-----
ATT:VZ-3,GSAT-8,ATT0,UGA-51,VONA-11
GSAT:ATT7,GSAT0,UGA-43,VZ5,VONA-3
UGA:VZ47,GSAT42,UGA0,ATT50,VONA39
VONA:GSAT2,VZ8,ATT10,VONA0,UGA-40
VZ:GSAT-6,VZ0,ATT2,VONA-9,UGA-48
-----
ATT:VZ-3,GSAT-8,ATT0,UGA-51,VONA-11
GSAT:ATT7,GSAT0,UGA-43,VZ5,VONA-3
UGA:VZ47,GSAT42,UGA0,ATT50,VONA39
VONA:GSAT2,VZ8,ATT10,VONA0,UGA-40
VZ:GSAT-6,VZ0,ATT2,VONA-9,UGA-49
-----
ATT:VZ-3,GSAT-8,ATT0,UGA-51,VONA-11
GSAT:ATT7,GSAT0,UGA-44,VZ5,VONA-3
UGA:VZ47,GSAT42,UGA0,ATT50,VONA39
VONA:GSAT2,VZ8,ATT10,VONA0,UGA-41
VZ:GSAT-6,VZ0,ATT2,VONA-9,UGA-49
-----
ATT:VZ-3,GSAT-8,ATT0,UGA-52,VONA-11
GSAT:ATT7,GSAT0,UGA-44,VZ5,VONA-3
UGA:VZ47,GSAT42,UGA0,ATT50,VONA39
VONA:GSAT2,VZ8,ATT10,VONA0,UGA-41
VZ:GSAT-6,VZ0,ATT2,VONA-9,UGA-49
-----
ATT:VZ-3,GSAT-8,ATT0,UGA-52,VONA-11
GSAT:ATT7,GSAT0,UGA-44,VZ5,VONA-3
UGA:VZ47,GSAT42,UGA0,ATT50,VONA39
VONA:GSAT2,VZ8,ATT10,VONA0,UGA-41
VZ:GSAT-6,VZ0,ATT2,VONA-9,UGA-50
-----
ATT:VZ-3,GSAT-8,ATT0,UGA-52,VONA-11
GSAT:ATT7,GSAT0,UGA-45,VZ5,VONA-3
UGA:VZ47,GSAT42,UGA0,ATT50,VONA39
VONA:GSAT2,VZ8,ATT10,VONA0,UGA-42
VZ:GSAT-6,VZ0,ATT2,VONA-9,UGA-50
-----
ATT:VZ-3,GSAT-8,ATT0,UGA-53,VONA-11
GSAT:ATT7,GSAT0,UGA-45,VZ5,VONA-3
UGA:VZ47,GSAT42,UGA0,ATT50,VONA39
VONA:GSAT2,VZ8,ATT10,VONA0,UGA-42
VZ:GSAT-6,VZ0,ATT2,VONA-9,UGA-50
-----
ATT:VZ-3,GSAT-8,ATT0,UGA-53,VONA-11
GSAT:ATT7,GSAT0,UGA-45,VZ5,VONA-3
UGA:VZ47,GSAT42,UGA0,ATT50,VONA39
VONA:GSAT2,VZ8,ATT10,VONA0,UGA-42
VZ:GSAT-6,VZ0,ATT2,VONA-9,UGA-51
-----
ATT:VZ-3,GSAT-8,ATT0,UGA-53,VONA-11
GSAT:ATT7,GSAT0,UGA-46,VZ5,VONA-3
UGA:VZ47,GSAT42,UGA0,ATT50,VONA39
VONA:GSAT2,VZ8,ATT10,VONA0,UGA-43
VZ:GSAT-6,VZ0,ATT2,VONA-9,UGA-51
-----
ATT:VZ-3,GSAT-8,ATT0,UGA-54,VONA-11
GSAT:ATT7,GSAT0,UGA-46,VZ5,VONA-3
UGA:VZ47,GSAT42,UGA0,ATT50,VONA39
VONA:GSAT2,VZ8,ATT10,VONA0,UGA-43
VZ:GSAT-6,VZ0,ATT2,VONA-9,UGA-51
-----
ATT:VZ-3,GSAT-8,ATT0,UGA-54,VONA-11
GSAT:ATT7,GSAT0,UGA-46,VZ5,VONA-3
UGA:VZ47,GSAT42,UGA0,ATT50,VONA39
VONA:GSAT2,VZ8,ATT10,VONA0,UGA-43
VZ:GSAT-6,VZ0,ATT2,VONA-9,UGA-52
-----
ATT:VZ-3,GSAT-8,ATT0,UGA-54,VONA-11
GSAT:ATT7,GSAT0,UGA-47,VZ5,VONA-3
UGA:VZ47,GSAT42,UGA0,ATT50,VONA39
VONA:GSAT2,VZ8,ATT10,VONA0,UGA-44
VZ:GSAT-6,VZ0,ATT2,VONA-9,UGA-52
-----
ATT:VZ-3,GSAT-8,ATT0,UGA-55,VONA-11
GSAT:ATT7,GSAT0,UGA-47,VZ5,VONA-3
UGA:VZ47,GSAT42,UGA0,ATT50,VONA39
VONA:GSAT2,VZ8,ATT10,VONA0,UGA-44
VZ:GSAT-6,VZ0,ATT2,VONA-9,UGA-52
-----
ATT:VZ-3,GSAT-8,ATT0,UGA-55,VONA-11
GSAT:ATT7,GSAT0,UGA-47,VZ5,VONA-3
UGA:VZ47,GSAT42,UGA0,ATT50,VONA39
VONA:GSAT2,VZ8,ATT10,VONA0,UGA-44
VZ:GSAT-6,VZ0,ATT2,VONA-9,UGA-53
-----
ATT:VZ-3,GSAT-8,ATT0,UGA-55,VONA-11
GSAT:ATT7,GSAT0,UGA-48,VZ5,VONA-3
UGA:VZ47,GSAT42,UGA0,ATT50,VONA39
VONA:GSAT2,VZ8,ATT10,VONA0,UGA-45
VZ:GSAT-6,VZ0,ATT2,VONA-9,UGA-53
-----
ATT:VZ-3,GSAT-8,ATT0,UGA-56,VONA-11
GSAT:ATT7,GSAT0,UGA-48,VZ5,VONA-3
UGA:VZ47,GSAT42,UGA0,ATT50,VONA39
VONA:GSAT2,VZ8,ATT10,VONA0,UGA-45
VZ:GSAT-6,VZ0,ATT2,VONA-9,UGA-53
-----
ATT:VZ-3,GSAT-8,ATT0,UGA-56,VONA-11
GSAT:ATT7,GSAT0,UGA-48,VZ5,VONA-3
UGA:VZ47,GSAT42,UGA0,ATT50,VONA39
VONA:GSAT2,VZ8,ATT10,VONA0,UGA-45
VZ:GSAT-6,VZ0,ATT2,VONA-9,UGA-54
-----
ATT:VZ-3,GSAT-8,ATT0,UGA-56,VONA-11
GSAT:ATT7,GSAT0,UGA-49,VZ5,VONA-3
UGA:VZ47,GSAT42,UGA0,ATT50,VONA39
VONA:GSAT2,VZ8,ATT10,VONA0,UGA-46
VZ:GSAT-6,VZ0,ATT2,VONA-9,UGA-54
-----
ATT:VZ-3,GSAT-8,ATT0,UGA-57,VONA-11
GSAT:ATT7,GSAT0,UGA-49,VZ5,VONA-3
UGA:VZ47,GSAT42,UGA0,ATT50,VONA39
VONA:GSAT2,VZ8,ATT10,VONA0,UGA-46
VZ:GSAT-6,VZ0,ATT2,VONA-9,UGA-54
-----
ATT:VZ-3,GSAT-8,ATT0,UGA-57,VONA-11
GSAT:ATT7,GSAT0,UGA-49,VZ5,VONA-3
UGA:VZ47,GSAT42,UGA0,ATT50,VONA39
VONA:GSAT2,VZ8,ATT10,VONA0,UGA-46
VZ:GSAT-6,VZ0,ATT2,VONA-9,UGA-55
-----
ATT:VZ-3,GSAT-8,ATT0,UGA-57,VONA-11
GSAT:ATT7,GSAT0,UGA-50,VZ5,VONA-3
UGA:VZ47,GSAT42,UGA0,ATT50,VONA39
VONA:GSAT2,VZ8,ATT10,VONA0,UGA-47
VZ:GSAT-6,VZ0,ATT2,VONA-9,UGA-55
-----
ATT:VZ-3,GSAT-8,ATT0,UGA-58,VONA-11
GSAT:ATT7,GSAT0,UGA-50,VZ5,VONA-3
UGA:VZ47,GSAT42,UGA0,ATT50,VONA39
VONA:GSAT2,VZ8,ATT10,VONA0,UGA-47
VZ:GSAT-6,VZ0,ATT2,VONA-9,UGA-55
-----
ATT:VZ-3,GSAT-8,ATT0,UGA-58,VONA-11
GSAT:ATT7,GSAT0,UGA-50,VZ5,VONA-3
UGA:VZ47,GSAT42,UGA0,ATT50,VONA39
VONA:GSAT2,VZ8,ATT10,VONA0,UGA-47
VZ:GSAT-6,VZ0,ATT2,VONA-9,UGA-56
-----
ATT:VZ-3,GSAT-8,ATT0,UGA-58,VONA-11
GSAT:ATT7,GSAT0,UGA-51,VZ5,VONA-3
UGA:VZ47,GSAT42,UGA0,ATT50,VONA39
VONA:GSAT2,VZ8,ATT10,VONA0,UGA-48
VZ:GSAT-6,VZ0,ATT2,VONA-9,UGA-56
-----
ATT:VZ-3,GSAT-8,ATT0,UGA-59,VONA-11
GSAT:ATT7,GSAT0,UGA-51,VZ5,VONA-3
UGA:VZ47,GSAT42,UGA0,ATT50,VONA39
VONA:GSAT2,VZ8,ATT10,VONA0,UGA-48
VZ:GSAT-6,VZ0,ATT2,VONA-9,UGA-56
-----
ATT:VZ-3,GSAT-8,ATT0,UGA-59,VONA-11
GSAT:ATT7,GSAT0,UGA-51,VZ5,VONA-3
UGA:VZ47,GSAT42,UGA0,ATT50,VONA39
VONA:GSAT2,VZ8,ATT10,VONA0,UGA-48
VZ:GSAT-6,VZ0,ATT2,VONA-9,UGA-57
-----
ATT:VZ-3,GSAT-8,ATT0,UGA-59,VONA-11
GSAT:ATT7,GSAT0,UGA-52,VZ5,VONA-3
UGA:VZ47,GSAT42,UGA0,ATT50,VONA39
VONA:GSAT2,VZ8,ATT10,VONA0,UGA-49
VZ:GSAT-6,VZ0,ATT2,VONA-9,UGA-57
-----
ATT:VZ-3,GSAT-8,ATT0,UGA-60,VONA-11
GSAT:ATT7,GSAT0,UGA-52,VZ5,VONA-3
UGA:VZ47,GSAT42,UGA0,ATT50,VONA39
VONA:GSAT2,VZ8,ATT10,VONA0,UGA-49
VZ:GSAT-6,VZ0,ATT2,VONA-9,UGA-57
-----
ATT:VZ-3,GSAT-8,ATT0,UGA-60,VONA-11
GSAT:ATT7,GSAT0,UGA-52,VZ5,VONA-3
UGA:VZ47,GSAT42,UGA0,ATT50,VONA39
VONA:GSAT2,VZ8,ATT10,VONA0,UGA-49
VZ:GSAT-6,VZ0,ATT2,VONA-9,UGA-58
-----
ATT:VZ-3,GSAT-8,ATT0,UGA-60,VONA-11
GSAT:ATT7,GSAT0,UGA-53,VZ5,VONA-3
UGA:VZ47,GSAT42,UGA0,ATT50,VONA39
VONA:GSAT2,VZ8,ATT10,VONA0,UGA-50
VZ:GSAT-6,VZ0,ATT2,VONA-9,UGA-58
-----
ATT:VZ-3,GSAT-8,ATT0,UGA-61,VONA-11
GSAT:ATT7,GSAT0,UGA-53,VZ5,VONA-3
UGA:VZ47,GSAT42,UGA0,ATT50,VONA39
VONA:GSAT2,VZ8,ATT10,VONA0,UGA-50
VZ:GSAT-6,VZ0,ATT2,VONA-9,UGA-58
-----
ATT:VZ-3,GSAT-8,ATT0,UGA-61,VONA-11
GSAT:ATT7,GSAT0,UGA-53,VZ5,VONA-3
UGA:VZ47,GSAT42,UGA0,ATT50,VONA39
VONA:GSAT2,VZ8,ATT10,VONA0,UGA-50
VZ:GSAT-6,VZ0,ATT2,VONA-9,UGA-59
-----
ATT:VZ-3,GSAT-8,ATT0,UGA-61,VONA-11
GSAT:ATT7,GSAT0,UGA-54,VZ5,VONA-3
UGA:VZ47,GSAT42,UGA0,ATT50,VONA39
VONA:GSAT2,VZ8,ATT10,VONA0,UGA-51
VZ:GSAT-6,VZ0,ATT2,VONA-9,UGA-59
-----
ATT:VZ-3,GSAT-8,ATT0,UGA-62,VONA-11
GSAT:ATT7,GSAT0,UGA-54,VZ5,VONA-3
UGA:VZ47,GSAT42,UGA0,ATT50,VONA39
VONA:GSAT2,VZ8,ATT10,VONA0,UGA-51
VZ:GSAT-6,VZ0,ATT2,VONA-9,UGA-59
-----
ATT:VZ-3,GSAT-8,ATT0,UGA-62,VONA-11
GSAT:ATT7,GSAT0,UGA-54,VZ5,VONA-3
UGA:VZ47,GSAT42,UGA0,ATT50,VONA39
VONA:GSAT2,VZ8,ATT10,VONA0,UGA-51
VZ:GSAT-6,VZ0,ATT2,VONA-9,UGA-60
-----
ATT:VZ-3,GSAT-8,ATT0,UGA-62,VONA-11
GSAT:ATT7,GSAT0,UGA-55,VZ5,VONA-3
UGA:VZ47,GSAT42,UGA0,ATT50,VONA39
VONA:GSAT2,VZ8,ATT10,VONA0,UGA-52
VZ:GSAT-6,VZ0,ATT2,VONA-9,UGA-60
-----
ATT:VZ-3,GSAT-8,ATT0,UGA-63,VONA-11
GSAT:ATT7,GSAT0,UGA-55,VZ5,VONA-3
UGA:VZ47,GSAT42,UGA0,ATT50,VONA39
VONA:GSAT2,VZ8,ATT10,VONA0,UGA-52
VZ:GSAT-6,VZ0,ATT2,VONA-9,UGA-60
-----
ATT:VZ-3,GSAT-8,ATT0,UGA-63,VONA-11
GSAT:ATT7,GSAT0,UGA-55,VZ5,VONA-3
UGA:VZ47,GSAT42,UGA0,ATT50,VONA39
VONA:GSAT2,VZ8,ATT10,VONA0,UGA-52
VZ:GSAT-6,VZ0,ATT2,VONA-9,UGA-61
-----
ATT:VZ-3,GSAT-8,ATT0,UGA-63,VONA-11
GSAT:ATT7,GSAT0,UGA-56,VZ5,VONA-3
UGA:VZ47,GSAT42,UGA0,ATT50,VONA39
VONA:GSAT2,VZ8,ATT10,VONA0,UGA-53
VZ:GSAT-6,VZ0,ATT2,VONA-9,UGA-61
-----
ATT:VZ-3,GSAT-8,ATT0,UGA-64,VONA-11
GSAT:ATT7,GSAT0,UGA-56,VZ5,VONA-3
UGA:VZ47,GSAT42,UGA0,ATT50,VONA39
VONA:GSAT2,VZ8,ATT10,VONA0,UGA-53
VZ:GSAT-6,VZ0,ATT2,VONA-9,UGA-61
-----
ATT:VZ-3,GSAT-8,ATT0,UGA-64,VONA-11
GSAT:ATT7,GSAT0,UGA-56,VZ5,VONA-3
UGA:VZ47,GSAT42,UGA0,ATT50,VONA39
VONA:GSAT2,VZ8,ATT10,VONA0,UGA-53
VZ:GSAT-6,VZ0,ATT2,VONA-9,UGA-62
-----
ATT:VZ-3,GSAT-8,ATT0,UGA-64,VONA-11
GSAT:ATT7,GSAT0,UGA-57,VZ5,VONA-3
UGA:VZ47,GSAT42,UGA0,ATT50,VONA39
VONA:GSAT2,VZ8,ATT10,VONA0,UGA-54
VZ:GSAT-6,VZ0,ATT2,VONA-9,UGA-62
-----
ATT:VZ-3,GSAT-8,ATT0,UGA-65,VONA-11
GSAT:ATT7,GSAT0,UGA-57,VZ5,VONA-3
UGA:VZ47,GSAT42,UGA0,ATT50,VONA39
VONA:GSAT2,VZ8,ATT10,VONA0,UGA-54
VZ:GSAT-6,VZ0,ATT2,VONA-9,UGA-62
-----
ATT:VZ-3,GSAT-8,ATT0,UGA-65,VONA-11
GSAT:ATT7,GSAT0,UGA-57,VZ5,VONA-3
UGA:VZ47,GSAT42,UGA0,ATT50,VONA39
VONA:GSAT2,VZ8,ATT10,VONA0,UGA-54
VZ:GSAT-6,VZ0,ATT2,VONA-9,UGA-63
-----
ATT:VZ-3,GSAT-8,ATT0,UGA-65,VONA-11
GSAT:ATT7,GSAT0,UGA-58,VZ5,VONA-3
UGA:VZ47,GSAT42,UGA0,ATT50,VONA39
VONA:GSAT2,VZ8,ATT10,VONA0,UGA-55
VZ:GSAT-6,VZ0,ATT2,VONA-9,UGA-63
-----
ATT:VZ-3,GSAT-8,ATT0,UGA-66,VONA-11
GSAT:ATT7,GSAT0,UGA-58,VZ5,VONA-3
UGA:VZ47,GSAT42,UGA0,ATT50,VONA39
VONA:GSAT2,VZ8,ATT10,VONA0,UGA-55
VZ:GSAT-6,VZ0,ATT2,VONA-9,UGA-63
-----
ATT:VZ-3,GSAT-8,ATT0,UGA-66,VONA-11
GSAT:ATT7,GSAT0,UGA-58,VZ5,VONA-3
UGA:VZ47,GSAT42,UGA0,ATT50,VONA39
VONA:GSAT2,VZ8,ATT10,VONA0,UGA-55
VZ:GSAT-6,VZ0,ATT2,VONA-9,UGA-64
-----
ATT:VZ-3,GSAT-8,ATT0,UGA-66,VONA-11
GSAT:ATT7,GSAT0,UGA-59,VZ5,VONA-3
UGA:VZ47,GSAT42,UGA0,ATT50,VONA39
VONA:GSAT2,VZ8,ATT10,VONA0,UGA-56
VZ:GSAT-6,VZ0,ATT2,VONA-9,UGA-64
-----
ATT:VZ-3,GSAT-8,ATT0,UGA-67,VONA-11
GSAT:ATT7,GSAT0,UGA-59,VZ5,VONA-3
UGA:VZ47,GSAT42,UGA0,ATT50,VONA39
VONA:GSAT2,VZ8,ATT10,VONA0,UGA-56
VZ:GSAT-6,VZ0,ATT2,VONA-9,UGA-64
-----
ATT:VZ-3,GSAT-8,ATT0,UGA-67,VONA-11
GSAT:ATT7,GSAT0,UGA-59,VZ5,VONA-3
UGA:VZ47,GSAT42,UGA0,ATT50,VONA39
VONA:GSAT2,VZ8,ATT10,VONA0,UGA-56
VZ:GSAT-6,VZ0,ATT2,VONA-9,UGA-65
-----
ATT:VZ-3,GSAT-8,ATT0,UGA-67,VONA-11
GSAT:ATT7,GSAT0,UGA-60,VZ5,VONA-3
UGA:VZ47,GSAT42,UGA0,ATT50,VONA39
VONA:GSAT2,VZ8,ATT10,VONA0,UGA-57
VZ:GSAT-6,VZ0,ATT2,VONA-9,UGA-65
-----
ATT:VZ-3,GSAT-8,ATT0,UGA-68,VONA-11
GSAT:ATT7,GSAT0,UGA-60,VZ5,VONA-3
UGA:VZ47,GSAT42,UGA0,ATT50,VONA39
VONA:GSAT2,VZ8,ATT10,VONA0,UGA-57
VZ:GSAT-6,VZ0,ATT2,VONA-9,UGA-65
-----
ATT:VZ-3,GSAT-8,ATT0,UGA-68,VONA-11
GSAT:ATT7,GSAT0,UGA-60,VZ5,VONA-3
UGA:VZ47,GSAT42,UGA0,ATT50,VONA39
VONA:GSAT2,VZ8,ATT10,VONA0,UGA-57
VZ:GSAT-6,VZ0,ATT2,VONA-9,UGA-66
-----
ATT:VZ-3,GSAT-8,ATT0,UGA-68,VONA-11
GSAT:ATT7,GSAT0,UGA-61,VZ5,VONA-3
UGA:VZ47,GSAT42,UGA0,ATT50,VONA39
VONA:GSAT2,VZ8,ATT10,VONA0,UGA-58
VZ:GSAT-6,VZ0,ATT2,VONA-9,UGA-66
-----
ATT:VZ-3,GSAT-8,ATT0,UGA-69,VONA-11
GSAT:ATT7,GSAT0,UGA-61,VZ5,VONA-3
UGA:VZ47,GSAT42,UGA0,ATT50,VONA39
VONA:GSAT2,VZ8,ATT10,VONA0,UGA-58
VZ:GSAT-6,VZ0,ATT2,VONA-9,UGA-66
-----
ATT:VZ-3,GSAT-8,ATT0,UGA-69,VONA-11
GSAT:ATT7,GSAT0,UGA-61,VZ5,VONA-3
UGA:VZ47,GSAT42,UGA0,ATT50,VONA39
VONA:GSAT2,VZ8,ATT10,VONA0,UGA-58
VZ:GSAT-6,VZ0,ATT2,VONA-9,UGA-67
-----
ATT:VZ-3,GSAT-8,ATT0,UGA-69,VONA-11
GSAT:ATT7,GSAT0,UGA-62,VZ5,VONA-3
UGA:VZ47,GSAT42,UGA0,ATT50,VONA39
VONA:GSAT2,VZ8,ATT10,VONA0,UGA-59
VZ:GSAT-6,VZ0,ATT2,VONA-9,UGA-67
-----
ATT:VZ-3,GSAT-8,ATT0,UGA-70,VONA-11
GSAT:ATT7,GSAT0,UGA-62,VZ5,VONA-3
UGA:VZ47,GSAT42,UGA0,ATT50,VONA39
VONA:GSAT2,VZ8,ATT10,VONA0,UGA-59
VZ:GSAT-6,VZ0,ATT2,VONA-9,UGA-67
-----
ATT:VZ-3,GSAT-8,ATT0,UGA-70,VONA-11
GSAT:ATT7,GSAT0,UGA-62,VZ5,VONA-3
UGA:VZ47,GSAT42,UGA0,ATT50,VONA39
VONA:GSAT2,VZ8,ATT10,VONA0,UGA-59
VZ:GSAT-6,VZ0,ATT2,VONA-9,UGA-68
-----
ATT:VZ-3,GSAT-8,ATT0,UGA-70,VONA-11
GSAT:ATT7,GSAT0,UGA-63,VZ5,VONA-3
UGA:VZ47,GSAT42,UGA0,ATT50,VONA39
VONA:GSAT2,VZ8,ATT10,VONA0,UGA-60
VZ:GSAT-6,VZ0,ATT2,VONA-9,UGA-68
-----
ATT:VZ-3,GSAT-8,ATT0,UGA-71,VONA-11
GSAT:ATT7,GSAT0,UGA-63,VZ5,VONA-3
UGA:VZ47,GSAT42,UGA0,ATT50,VONA39
VONA:GSAT2,VZ8,ATT10,VONA0,UGA-60
VZ:GSAT-6,VZ0,ATT2,VONA-9,UGA-68
-----
ATT:VZ-3,GSAT-8,ATT0,UGA-71,VONA-11
GSAT:ATT7,GSAT0,UGA-63,VZ5,VONA-3
UGA:VZ47,GSAT42,UGA0,ATT50,VONA39
VONA:GSAT2,VZ8,ATT10,VONA0,UGA-60
VZ:GSAT-6,VZ0,ATT2,VONA-9,UGA-69
-----
ATT:VZ-3,GSAT-8,ATT0,UGA-71,VONA-11
GSAT:ATT7,GSAT0,UGA-64,VZ5,VONA-3
UGA:VZ47,GSAT42,UGA0,ATT50,VONA39
VONA:GSAT2,VZ8,ATT10,VONA0,UGA-61
VZ:GSAT-6,VZ0,ATT2,VONA-9,UGA-69
-----
ATT:VZ-3,GSAT-8,ATT0,UGA-72,VONA-11
GSAT:ATT7,GSAT0,UGA-64,VZ5,VONA-3
UGA:VZ47,GSAT42,UGA0,ATT50,VONA39
VONA:GSAT2,VZ8,ATT10,VONA0,UGA-61
VZ:GSAT-6,VZ0,ATT2,VONA-9,UGA-69
-----
ATT:VZ-3,GSAT-8,ATT0,UGA-72,VONA-11
GSAT:ATT7,GSAT0,UGA-64,VZ5,VONA-3
UGA:VZ47,GSAT42,UGA0,ATT50,VONA39
VONA:GSAT2,VZ8,ATT10,VONA0,UGA-61
VZ:GSAT-6,VZ0,ATT2,VONA-9,UGA-70
-----
ATT:VZ-3,GSAT-8,ATT0,UGA-72,VONA-11
GSAT:ATT7,GSAT0,UGA-65,VZ5,VONA-3
UGA:VZ47,GSAT42,UGA0,ATT50,VONA39
VONA:GSAT2,VZ8,ATT10,VONA0,UGA-62
VZ:GSAT-6,VZ0,ATT2,VONA-9,UGA-70
-----
ATT:VZ-3,GSAT-8,ATT0,UGA-73,VONA-11
GSAT:ATT7,GSAT0,UGA-65,VZ5,VONA-3
UGA:VZ47,GSAT42,UGA0,ATT50,VONA39
VONA:GSAT2,VZ8,ATT10,VONA0,UGA-62
VZ:GSAT-6,VZ0,ATT2,VONA-9,UGA-70
-----
ATT:VZ-3,GSAT-8,ATT0,UGA-73,VONA-11
GSAT:ATT7,GSAT0,UGA-65,VZ5,VONA-3
UGA:VZ47,GSAT42,UGA0,ATT50,VONA39
VONA:GSAT2,VZ8,ATT10,VONA0,UGA-62
VZ:GSAT-6,VZ0,ATT2,VONA-9,UGA-71
-----
ATT:VZ-3,GSAT-8,ATT0,UGA-73,VONA-11
GSAT:ATT7,GSAT0,UGA-66,VZ5,VONA-3
UGA:VZ47,GSAT42,UGA0,ATT50,VONA39
VONA:GSAT2,VZ8,ATT10,VONA0,UGA-63
VZ:GSAT-6,VZ0,ATT2,VONA-9,UGA-71
-----
ATT:VZ-3,GSAT-8,ATT0,UGA-74,VONA-11
GSAT:ATT7,GSAT0,UGA-66,VZ5,VONA-3
UGA:VZ47,GSAT42,UGA0,ATT50,VONA39
VONA:GSAT2,VZ8,ATT10,VONA0,UGA-63
VZ:GSAT-6,VZ0,ATT2,VONA-9,UGA-71
-----
ATT:VZ-3,GSAT-8,ATT0,UGA-74,VONA-11
GSAT:ATT7,GSAT0,UGA-66,VZ5,VONA-3
UGA:VZ47,GSAT42,UGA0,ATT50,VONA39
VONA:GSAT2,VZ8,ATT10,VONA0,UGA-63
VZ:GSAT-6,VZ0,ATT2,VONA-9,UGA-72
-----
ATT:VZ-3,GSAT-8,ATT0,UGA-74,VONA-11
GSAT:ATT7,GSAT0,UGA-67,VZ5,VONA-3
UGA:VZ47,GSAT42,UGA0,ATT50,VONA39
VONA:GSAT2,VZ8,ATT10,VONA0,UGA-64
VZ:GSAT-6,VZ0,ATT2,VONA-9,UGA-72
-----
ATT:VZ-3,GSAT-8,ATT0,UGA-75,VONA-11
GSAT:ATT7,GSAT0,UGA-67,VZ5,VONA-3
UGA:VZ47,GSAT42,UGA0,ATT50,VONA39
VONA:GSAT2,VZ8,ATT10,VONA0,UGA-64
VZ:GSAT-6,VZ0,ATT2,VONA-9,UGA-72
-----
ATT:VZ-3,GSAT-8,ATT0,UGA-75,VONA-11
GSAT:ATT7,GSAT0,UGA-67,VZ5,VONA-3
UGA:VZ47,GSAT42,UGA0,ATT50,VONA39
VONA:GSAT2,VZ8,ATT10,VONA0,UGA-64
VZ:GSAT-6,VZ0,ATT2,VONA-9,UGA-73
-----
ATT:VZ-3,GSAT-8,ATT0,UGA-75,VONA-11
GSAT:ATT7,GSAT0,UGA-68,VZ5,VONA-3
UGA:VZ47,GSAT42,UGA0,ATT50,VONA39
VONA:GSAT2,VZ8,ATT10,VONA0,UGA-65
VZ:GSAT-6,VZ0,ATT2,VONA-9,UGA-73
-----
ATT:VZ-3,GSAT-8,ATT0,UGA-76,VONA-11
GSAT:ATT7,GSAT0,UGA-68,VZ5,VONA-3
UGA:VZ47,GSAT42,UGA0,ATT50,VONA39
VONA:GSAT2,VZ8,ATT10,VONA0,UGA-65
VZ:GSAT-6,VZ0,ATT2,VONA-9,UGA-73
-----
ATT:VZ-3,GSAT-8,ATT0,UGA-76,VONA-11
GSAT:ATT7,GSAT0,UGA-68,VZ5,VONA-3
UGA:VZ47,GSAT42,UGA0,ATT50,VONA39
VONA:GSAT2,VZ8,ATT10,VONA0,UGA-65
VZ:GSAT-6,VZ0,ATT2,VONA-9,UGA-74
-----
ATT:VZ-3,GSAT-8,ATT0,UGA-76,VONA-11
GSAT:ATT7,GSAT0,UGA-69,VZ5,VONA-3
UGA:VZ47,GSAT42,UGA0,ATT50,VONA39
VONA:GSAT2,VZ8,ATT10,VONA0,UGA-66
VZ:GSAT-6,VZ0,ATT2,VONA-9,UGA-74
-----
ATT:VZ-3,GSAT-8,ATT0,UGA-77,VONA-11
GSAT:ATT7,GSAT0,UGA-69,VZ5,VONA-3
UGA:VZ47,GSAT42,UGA0,ATT50,VONA39
VONA:GSAT2,VZ8,ATT10,VONA0,UGA-66
VZ:GSAT-6,VZ0,ATT2,VONA-9,UGA-74
-----
ATT:VZ-3,GSAT-8,ATT0,UGA-77,VONA-11
GSAT:ATT7,GSAT0,UGA-69,VZ5,VONA-3
UGA:VZ47,GSAT42,UGA0,ATT50,VONA39
VONA:GSAT2,VZ8,ATT10,VONA0,UGA-66
VZ:GSAT-6,VZ0,ATT2,VONA-9,UGA-75
-----
ATT:VZ-3,GSAT-8,ATT0,UGA-77,VONA-11
GSAT:ATT7,GSAT0,UGA-70,VZ5,VONA-3
UGA:VZ47,GSAT42,UGA0,ATT50,VONA39
VONA:GSAT2,VZ8,ATT10,VONA0,UGA-67
VZ:GSAT-6,VZ0,ATT2,VONA-9,UGA-75
-----
ATT:VZ-3,GSAT-8,ATT0,UGA-78,VONA-11
GSAT:ATT7,GSAT0,UGA-70,VZ5,VONA-3
UGA:VZ47,GSAT42,UGA0,ATT50,VONA39
VONA:GSAT2,VZ8,ATT10,VONA0,UGA-67
VZ:GSAT-6,VZ0,ATT2,VONA-9,UGA-75
-----
ATT:VZ-3,GSAT-8,ATT0,UGA-78,VONA-11
GSAT:ATT7,GSAT0,UGA-70,VZ5,VONA-3
UGA:VZ47,GSAT42,UGA0,ATT50,VONA39
VONA:GSAT2,VZ8,ATT10,VONA0,UGA-67
VZ:GSAT-6,VZ0,ATT2,VONA-9,UGA-76
-----
ATT:VZ-3,GSAT-8,ATT0,UGA-78,VONA-11
GSAT:ATT7,GSAT0,UGA-71,VZ5,VONA-3
UGA:VZ47,GSAT42,UGA0,ATT50,VONA39
VONA:GSAT2,VZ8,ATT10,VONA0,UGA-68
VZ:GSAT-6,VZ0,ATT2,VONA-9,UGA-76
-----
ATT:VZ-3,GSAT-8,ATT0,UGA-79,VONA-11
GSAT:ATT7,GSAT0,UGA-71,VZ5,VONA-3
UGA:VZ47,GSAT42,UGA0,ATT50,VONA39
VONA:GSAT2,VZ8,ATT10,VONA0,UGA-68
VZ:GSAT-6,VZ0,ATT2,VONA-9,UGA-76
-----
ATT:VZ-3,GSAT-8,ATT0,UGA-79,VONA-11
GSAT:ATT7,GSAT0,UGA-71,VZ5,VONA-3
UGA:VZ47,GSAT42,UGA0,ATT50,VONA39
VONA:GSAT2,VZ8,ATT10,VONA0,UGA-68
VZ:GSAT-6,VZ0,ATT2,VONA-9,UGA-77
-----
ATT:VZ-3,GSAT-8,ATT0,UGA-79,VONA-11
GSAT:ATT7,GSAT0,UGA-72,VZ5,VONA-3
UGA:VZ47,GSAT42,UGA0,ATT50,VONA39
VONA:GSAT2,VZ8,ATT10,VONA0,UGA-69
VZ:GSAT-6,VZ0,ATT2,VONA-9,UGA-77
-----
ATT:VZ-3,GSAT-8,ATT0,UGA-80,VONA-11
GSAT:ATT7,GSAT0,UGA-72,VZ5,VONA-3
UGA:VZ47,GSAT42,UGA0,ATT50,VONA39
VONA:GSAT2,VZ8,ATT10,VONA0,UGA-69
VZ:GSAT-6,VZ0,ATT2,VONA-9,UGA-77
-----
ATT:VZ-3,GSAT-8,ATT0,UGA-80,VONA-11
GSAT:ATT7,GSAT0,UGA-72,VZ5,VONA-3
UGA:VZ47,GSAT42,UGA0,ATT50,VONA39
VONA:GSAT2,VZ8,ATT10,VONA0,UGA-69
VZ:GSAT-6,VZ0,ATT2,VONA-9,UGA-78
-----
ATT:VZ-3,GSAT-8,ATT0,UGA-80,VONA-11
GSAT:ATT7,GSAT0,UGA-73,VZ5,VONA-3
UGA:VZ47,GSAT42,UGA0,ATT50,VONA39
VONA:GSAT2,VZ8,ATT10,VONA0,UGA-70
VZ:GSAT-6,VZ0,ATT2,VONA-9,UGA-78
-----
ATT:VZ-3,GSAT-8,ATT0,UGA-81,VONA-11
GSAT:ATT7,GSAT0,UGA-73,VZ5,VONA-3
UGA:VZ47,GSAT42,UGA0,ATT50,VONA39
VONA:GSAT2,VZ8,ATT10,VONA0,UGA-70
VZ:GSAT-6,VZ0,ATT2,VONA-9,UGA-78
-----
ATT:VZ-3,GSAT-8,ATT0,UGA-81,VONA-11
GSAT:ATT7,GSAT0,UGA-73,VZ5,VONA-3
UGA:VZ47,GSAT42,UGA0,ATT50,VONA39
VONA:GSAT2,VZ8,ATT10,VONA0,UGA-70
VZ:GSAT-6,VZ0,ATT2,VONA-9,UGA-79
-----
ATT:VZ-3,GSAT-8,ATT0,UGA-81,VONA-11
GSAT:ATT7,GSAT0,UGA-74,VZ5,VONA-3
UGA:VZ47,GSAT42,UGA0,ATT50,VONA39
VONA:GSAT2,VZ8,ATT10,VONA0,UGA-71
VZ:GSAT-6,VZ0,ATT2,VONA-9,UGA-79
-----
ATT:VZ-3,GSAT-8,ATT0,UGA-82,VONA-11
GSAT:ATT7,GSAT0,UGA-74,VZ5,VONA-3
UGA:VZ47,GSAT42,UGA0,ATT50,VONA39
VONA:GSAT2,VZ8,ATT10,VONA0,UGA-71
VZ:GSAT-6,VZ0,ATT2,VONA-9,UGA-79
-----
ATT:VZ-3,GSAT-8,ATT0,UGA-82,VONA-11
GSAT:ATT7,GSAT0,UGA-74,VZ5,VONA-3
UGA:VZ47,GSAT42,UGA0,ATT50,VONA39
VONA:GSAT2,VZ8,ATT10,VONA0,UGA-71
VZ:GSAT-6,VZ0,ATT2,VONA-9,UGA-80
-----
ATT:VZ-3,GSAT-8,ATT0,UGA-82,VONA-11
GSAT:ATT7,GSAT0,UGA-75,VZ5,VONA-3
UGA:VZ47,GSAT42,UGA0,ATT50,VONA39
VONA:GSAT2,VZ8,ATT10,VONA0,UGA-72
VZ:GSAT-6,VZ0,ATT2,VONA-9,UGA-80
-----
ATT:VZ-3,GSAT-8,ATT0,UGA-83,VONA-11
GSAT:ATT7,GSAT0,UGA-75,VZ5,VONA-3
UGA:VZ47,GSAT42,UGA0,ATT50,VONA39
VONA:GSAT2,VZ8,ATT10,VONA0,UGA-72
VZ:GSAT-6,VZ0,ATT2,VONA-9,UGA-80
-----
ATT:VZ-3,GSAT-8,ATT0,UGA-83,VONA-11
GSAT:ATT7,GSAT0,UGA-75,VZ5,VONA-3
UGA:VZ47,GSAT42,UGA0,ATT50,VONA39
VONA:GSAT2,VZ8,ATT10,VONA0,UGA-72
VZ:GSAT-6,VZ0,ATT2,VONA-9,UGA-81
-----
ATT:VZ-3,GSAT-8,ATT0,UGA-83,VONA-11
GSAT:ATT7,GSAT0,UGA-76,VZ5,VONA-3
UGA:VZ47,GSAT42,UGA0,ATT50,VONA39
VONA:GSAT2,VZ8,ATT10,VONA0,UGA-73
VZ:GSAT-6,VZ0,ATT2,VONA-9,UGA-81
-----
ATT:VZ-3,GSAT-8,ATT0,UGA-84,VONA-11
GSAT:ATT7,GSAT0,UGA-76,VZ5,VONA-3
UGA:VZ47,GSAT42,UGA0,ATT50,VONA39
VONA:GSAT2,VZ8,ATT10,VONA0,UGA-73
VZ:GSAT-6,VZ0,ATT2,VONA-9,UGA-81
-----
ATT:VZ-3,GSAT-8,ATT0,UGA-84,VONA-11
GSAT:ATT7,GSAT0,UGA-76,VZ5,VONA-3
UGA:VZ47,GSAT42,UGA0,ATT50,VONA39
VONA:GSAT2,VZ8,ATT10,VONA0,UGA-73
VZ:GSAT-6,VZ0,ATT2,VONA-9,UGA-82
-----
ATT:VZ-3,GSAT-8,ATT0,UGA-84,VONA-11
GSAT:ATT7,GSAT0,UGA-77,VZ5,VONA-3
UGA:VZ47,GSAT42,UGA0,ATT50,VONA39
VONA:GSAT2,VZ8,ATT10,VONA0,UGA-74
VZ:GSAT-6,VZ0,ATT2,VONA-9,UGA-82
-----
ATT:VZ-3,GSAT-8,ATT0,UGA-85,VONA-11
GSAT:ATT7,GSAT0,UGA-77,VZ5,VONA-3
UGA:VZ47,GSAT42,UGA0,ATT50,VONA39
VONA:GSAT2,VZ8,ATT10,VONA0,UGA-74
VZ:GSAT-6,VZ0,ATT2,VONA-9,UGA-82
-----
ATT:VZ-3,GSAT-8,ATT0,UGA-85,VONA-11
GSAT:ATT7,GSAT0,UGA-77,VZ5,VONA-3
UGA:VZ47,GSAT42,UGA0,ATT50,VONA39
VONA:GSAT2,VZ8,ATT10,VONA0,UGA-74
VZ:GSAT-6,VZ0,ATT2,VONA-9,UGA-83
-----
ATT:VZ-3,GSAT-8,ATT0,UGA-85,VONA-11
GSAT:ATT7,GSAT0,UGA-78,VZ5,VONA-3
UGA:VZ47,GSAT42,UGA0,ATT50,VONA39
VONA:GSAT2,VZ8,ATT10,VONA0,UGA-75
VZ:GSAT-6,VZ0,ATT2,VONA-9,UGA-83
-----
ATT:VZ-3,GSAT-8,ATT0,UGA-86,VONA-11
GSAT:ATT7,GSAT0,UGA-78,VZ5,VONA-3
UGA:VZ47,GSAT42,UGA0,ATT50,VONA39
VONA:GSAT2,VZ8,ATT10,VONA0,UGA-75
VZ:GSAT-6,VZ0,ATT2,VONA-9,UGA-83
-----
ATT:VZ-3,GSAT-8,ATT0,UGA-86,VONA-11
GSAT:ATT7,GSAT0,UGA-78,VZ5,VONA-3
UGA:VZ47,GSAT42,UGA0,ATT50,VONA39
VONA:GSAT2,VZ8,ATT10,VONA0,UGA-75
VZ:GSAT-6,VZ0,ATT2,VONA-9,UGA-84
-----
ATT:VZ-3,GSAT-8,ATT0,UGA-86,VONA-11
GSAT:ATT7,GSAT0,UGA-79,VZ5,VONA-3
UGA:VZ47,GSAT42,UGA0,ATT50,VONA39
VONA:GSAT2,VZ8,ATT10,VONA0,UGA-76
VZ:GSAT-6,VZ0,ATT2,VONA-9,UGA-84
-----
ATT:VZ-3,GSAT-8,ATT0,UGA-87,VONA-11
GSAT:ATT7,GSAT0,UGA-79,VZ5,VONA-3
UGA:VZ47,GSAT42,UGA0,ATT50,VONA39
VONA:GSAT2,VZ8,ATT10,VONA0,UGA-76
VZ:GSAT-6,VZ0,ATT2,VONA-9,UGA-84
-----
ATT:VZ-3,GSAT-8,ATT0,UGA-87,VONA-11
GSAT:ATT7,GSAT0,UGA-79,VZ5,VONA-3
UGA:VZ47,GSAT42,UGA0,ATT50,VONA39
VONA:GSAT2,VZ8,ATT10,VONA0,UGA-76
VZ:GSAT-6,VZ0,ATT2,VONA-9,UGA-85
-----
ATT:VZ-3,GSAT-8,ATT0,UGA-87,VONA-11
GSAT:ATT7,GSAT0,UGA-80,VZ5,VONA-3
UGA:VZ47,GSAT42,UGA0,ATT50,VONA39
VONA:GSAT2,VZ8,ATT10,VONA0,UGA-77
VZ:GSAT-6,VZ0,ATT2,VONA-9,UGA-85
-----
ATT:VZ-3,GSAT-8,ATT0,UGA-88,VONA-11
GSAT:ATT7,GSAT0,UGA-80,VZ5,VONA-3
UGA:VZ47,GSAT42,UGA0,ATT50,VONA39
VONA:GSAT2,VZ8,ATT10,VONA0,UGA-77
VZ:GSAT-6,VZ0,ATT2,VONA-9,UGA-85
-----
ATT:VZ-3,GSAT-8,ATT0,UGA-88,VONA-11
GSAT:ATT7,GSAT0,UGA-80,VZ5,VONA-3
UGA:VZ47,GSAT42,UGA0,ATT50,VONA39
VONA:GSAT2,VZ8,ATT10,VONA0,UGA-77
VZ:GSAT-6,VZ0,ATT2,VONA-9,UGA-86
-----
ATT:VZ-3,GSAT-8,ATT0,UGA-88,VONA-11
GSAT:ATT7,GSAT0,UGA-81,VZ5,VONA-3
UGA:VZ47,GSAT42,UGA0,ATT50,VONA39
VONA:GSAT2,VZ8,ATT10,VONA0,UGA-78
VZ:GSAT-6,VZ0,ATT2,VONA-9,UGA-86
-----
ATT:VZ-3,GSAT-8,ATT0,UGA-89,VONA-11
GSAT:ATT7,GSAT0,UGA-81,VZ5,VONA-3
UGA:VZ47,GSAT42,UGA0,ATT50,VONA39
VONA:GSAT2,VZ8,ATT10,VONA0,UGA-78
VZ:GSAT-6,VZ0,ATT2,VONA-9,UGA-86
-----
ATT:VZ-3,GSAT-8,ATT0,UGA-89,VONA-11
GSAT:ATT7,GSAT0,UGA-81,VZ5,VONA-3
UGA:VZ47,GSAT42,UGA0,ATT50,VONA39
VONA:GSAT2,VZ8,ATT10,VONA0,UGA-78
VZ:GSAT-6,VZ0,ATT2,VONA-9,UGA-87
-----
ATT:VZ-3,GSAT-8,ATT0,UGA-89,VONA-11
GSAT:ATT7,GSAT0,UGA-82,VZ5,VONA-3
UGA:VZ47,GSAT42,UGA0,ATT50,VONA39
VONA:GSAT2,VZ8,ATT10,VONA0,UGA-79
VZ:GSAT-6,VZ0,ATT2,VONA-9,UGA-87
-----
ATT:VZ-3,GSAT-8,ATT0,UGA-90,VONA-11
GSAT:ATT7,GSAT0,UGA-82,VZ5,VONA-3
UGA:VZ47,GSAT42,UGA0,ATT50,VONA39
VONA:GSAT2,VZ8,ATT10,VONA0,UGA-79
VZ:GSAT-6,VZ0,ATT2,VONA-9,UGA-87
-----
ATT:VZ-3,GSAT-8,ATT0,UGA-90,VONA-11
GSAT:ATT7,GSAT0,UGA-82,VZ5,VONA-3
UGA:VZ47,GSAT42,UGA0,ATT50,VONA39
VONA:GSAT2,VZ8,ATT10,VONA0,UGA-79
VZ:GSAT-6,VZ0,ATT2,VONA-9,UGA-88
-----
ATT:VZ-3,GSAT-8,ATT0,UGA-90,VONA-11
GSAT:ATT7,GSAT0,UGA-83,VZ5,VONA-3
UGA:VZ47,GSAT42,UGA0,ATT50,VONA39
VONA:GSAT2,VZ8,ATT10,VONA0,UGA-80
VZ:GSAT-6,VZ0,ATT2,VONA-9,UGA-88
-----
ATT:VZ-3,GSAT-8,ATT0,UGA-91,VONA-11
GSAT:ATT7,GSAT0,UGA-83,VZ5,VONA-3
UGA:VZ47,GSAT42,UGA0,ATT50,VONA39
VONA:GSAT2,VZ8,ATT10,VONA0,UGA-80
VZ:GSAT-6,VZ0,ATT2,VONA-9,UGA-88
-----
ATT:VZ-3,GSAT-8,ATT0,UGA-91,VONA-11
GSAT:ATT7,GSAT0,UGA-83,VZ5,VONA-3
UGA:VZ47,GSAT42,UGA0,ATT50,VONA39
VONA:GSAT2,VZ8,ATT10,VONA0,UGA-80
VZ:GSAT-6,VZ0,ATT2,VONA-9,UGA-89
-----
ATT:VZ-3,GSAT-8,ATT0,UGA-91,VONA-11
GSAT:ATT7,GSAT0,UGA-84,VZ5,VONA-3
UGA:VZ47,GSAT42,UGA0,ATT50,VONA39
VONA:GSAT2,VZ8,ATT10,VONA0,UGA-81
VZ:GSAT-6,VZ0,ATT2,VONA-9,UGA-89
-----
ATT:VZ-3,GSAT-8,ATT0,UGA-92,VONA-11
GSAT:ATT7,GSAT0,UGA-84,VZ5,VONA-3
UGA:VZ47,GSAT42,UGA0,ATT50,VONA39
VONA:GSAT2,VZ8,ATT10,VONA0,UGA-81
VZ:GSAT-6,VZ0,ATT2,VONA-9,UGA-89
-----
ATT:VZ-3,GSAT-8,ATT0,UGA-92,VONA-11
GSAT:ATT7,GSAT0,UGA-84,VZ5,VONA-3
UGA:VZ47,GSAT42,UGA0,ATT50,VONA39
VONA:GSAT2,VZ8,ATT10,VONA0,UGA-81
VZ:GSAT-6,VZ0,ATT2,VONA-9,UGA-90
-----
ATT:VZ-3,GSAT-8,ATT0,UGA-92,VONA-11
GSAT:ATT7,GSAT0,UGA-85,VZ5,VONA-3
UGA:VZ47,GSAT42,UGA0,ATT50,VONA39
VONA:GSAT2,VZ8,ATT10,VONA0,UGA-82
VZ:GSAT-6,VZ0,ATT2,VONA-9,UGA-90
-----
ATT:VZ-3,GSAT-8,ATT0,UGA-93,VONA-11
GSAT:ATT7,GSAT0,UGA-85,VZ5,VONA-3
UGA:VZ47,GSAT42,UGA0,ATT50,VONA39
VONA:GSAT2,VZ8,ATT10,VONA0,UGA-82
VZ:GSAT-6,VZ0,ATT2,VONA-9,UGA-90
-----
ATT:VZ-3,GSAT-8,ATT0,UGA-93,VONA-11
GSAT:ATT7,GSAT0,UGA-85,VZ5,VONA-3
UGA:VZ47,GSAT42,UGA0,ATT50,VONA39
VONA:GSAT2,VZ8,ATT10,VONA0,UGA-82
VZ:GSAT-6,VZ0,ATT2,VONA-9,UGA-91
-----
ATT:VZ-3,GSAT-8,ATT0,UGA-93,VONA-11
GSAT:ATT7,GSAT0,UGA-86,VZ5,VONA-3
UGA:VZ47,GSAT42,UGA0,ATT50,VONA39
VONA:GSAT2,VZ8,ATT10,VONA0,UGA-83
VZ:GSAT-6,VZ0,ATT2,VONA-9,UGA-91
-----
ATT:VZ-3,GSAT-8,ATT0,UGA-94,VONA-11
GSAT:ATT7,GSAT0,UGA-86,VZ5,VONA-3
UGA:VZ47,GSAT42,UGA0,ATT50,VONA39
VONA:GSAT2,VZ8,ATT10,VONA0,UGA-83
VZ:GSAT-6,VZ0,ATT2,VONA-9,UGA-91
-----
ATT:VZ-3,GSAT-8,ATT0,UGA-94,VONA-11
GSAT:ATT7,GSAT0,UGA-86,VZ5,VONA-3
UGA:VZ47,GSAT42,UGA0,ATT50,VONA39
VONA:GSAT2,VZ8,ATT10,VONA0,UGA-83
VZ:GSAT-6,VZ0,ATT2,VONA-9,UGA-92
-----
ATT:VZ-3,GSAT-8,ATT0,UGA-94,VONA-11
GSAT:ATT7,GSAT0,UGA-87,VZ5,VONA-3
UGA:VZ47,GSAT42,UGA0,ATT50,VONA39
VONA:GSAT2,VZ8,ATT10,VONA0,UGA-84
VZ:GSAT-6,VZ0,ATT2,VONA-9,UGA-92
-----
ATT:VZ-3,GSAT-8,ATT0,UGA-95,VONA-11
GSAT:ATT7,GSAT0,UGA-87,VZ5,VONA-3
UGA:VZ47,GSAT42,UGA0,ATT50,VONA39
VONA:GSAT2,VZ8,ATT10,VONA0,UGA-84
VZ:GSAT-6,VZ0,ATT2,VONA-9,UGA-92
-----
ATT:VZ-3,GSAT-8,ATT0,UGA-95,VONA-11
GSAT:ATT7,GSAT0,UGA-87,VZ5,VONA-3
UGA:VZ47,GSAT42,UGA0,ATT50,VONA39
VONA:GSAT2,VZ8,ATT10,VONA0,UGA-84
VZ:GSAT-6,VZ0,ATT2,VONA-9,UGA-93
-----
ATT:VZ-3,GSAT-8,ATT0,UGA-95,VONA-11
GSAT:ATT7,GSAT0,UGA-88,VZ5,VONA-3
UGA:VZ47,GSAT42,UGA0,ATT50,VONA39
VONA:GSAT2,VZ8,ATT10,VONA0,UGA-85
VZ:GSAT-6,VZ0,ATT2,VONA-9,UGA-93
-----
ATT:VZ-3,GSAT-8,ATT0,UGA-96,VONA-11
GSAT:ATT7,GSAT0,UGA-88,VZ5,VONA-3
UGA:VZ47,GSAT42,UGA0,ATT50,VONA39
VONA:GSAT2,VZ8,ATT10,VONA0,UGA-85
VZ:GSAT-6,VZ0,ATT2,VONA-9,UGA-93
-----
ATT:VZ-3,GSAT-8,ATT0,UGA-96,VONA-11
GSAT:ATT7,GSAT0,UGA-88,VZ5,VONA-3
UGA:VZ47,GSAT42,UGA0,ATT50,VONA39
VONA:GSAT2,VZ8,ATT10,VONA0,UGA-85
VZ:GSAT-6,VZ0,ATT2,VONA-9,UGA-94
-----
ATT:VZ-3,GSAT-8,ATT0,UGA-96,VONA-11
GSAT:ATT7,GSAT0,UGA-89,VZ5,VONA-3
UGA:VZ47,GSAT42,UGA0,ATT50,VONA39
VONA:GSAT2,VZ8,ATT10,VONA0,UGA-86
VZ:GSAT-6,VZ0,ATT2,VONA-9,UGA-94
-----
ATT:VZ-3,GSAT-8,ATT0,UGA-97,VONA-11
GSAT:ATT7,GSAT0,UGA-89,VZ5,VONA-3
UGA:VZ47,GSAT42,UGA0,ATT50,VONA39
VONA:GSAT2,VZ8,ATT10,VONA0,UGA-86
VZ:GSAT-6,VZ0,ATT2,VONA-9,UGA-94
-----
ATT:VZ-3,GSAT-8,ATT0,UGA-97,VONA-11
GSAT:ATT7,GSAT0,UGA-89,VZ5,VONA-3
UGA:VZ47,GSAT42,UGA0,ATT50,VONA39
VONA:GSAT2,VZ8,ATT10,VONA0,UGA-86
VZ:GSAT-6,VZ0,ATT2,VONA-9,UGA-95
-----
ATT:VZ-3,GSAT-8,ATT0,UGA-97,VONA-11
GSAT:ATT7,GSAT0,UGA-90,VZ5,VONA-3
UGA:VZ47,GSAT42,UGA0,ATT50,VONA39
VONA:GSAT2,VZ8,ATT10,VONA0,UGA-87
VZ:GSAT-6,VZ0,ATT2,VONA-9,UGA-95
-----
ATT:VZ-3,GSAT-8,ATT0,UGA-98,VONA-11
GSAT:ATT7,GSAT0,UGA-90,VZ5,VONA-3
UGA:VZ47,GSAT42,UGA0,ATT50,VONA39
VONA:GSAT2,VZ8,ATT10,VONA0,UGA-87
VZ:GSAT-6,VZ0,ATT2,VONA-9,UGA-95
-----
ATT:VZ-3,GSAT-8,ATT0,UGA-98,VONA-11
GSAT:ATT7,GSAT0,UGA-90,VZ5,VONA-3
UGA:VZ47,GSAT42,UGA0,ATT50,VONA39
VONA:GSAT2,VZ8,ATT10,VONA0,UGA-87
VZ:GSAT-6,VZ0,ATT2,VONA-9,UGA-96
-----
ATT:VZ-3,GSAT-8,ATT0,UGA-98,VONA-11
GSAT:ATT7,GSAT0,UGA-91,VZ5,VONA-3
UGA:VZ47,GSAT42,UGA0,ATT50,VONA39
VONA:GSAT2,VZ8,ATT10,VONA0,UGA-88
VZ:GSAT-6,VZ0,ATT2,VONA-9,UGA-96
-----
ATT:VZ-3,GSAT-8,ATT0,UGA-99,VONA-11
GSAT:ATT7,GSAT0,UGA-91,VZ5,VONA-3
UGA:VZ47,GSAT42,UGA0,ATT50,VONA39
VONA:GSAT2,VZ8,ATT10,VONA0,UGA-88
VZ:GSAT-6,VZ0,ATT2,VONA-9,UGA-96
-----
ATT:VZ-3,GSAT-8,ATT0,UGA-99,VONA-11
GSAT:ATT7,GSAT0,UGA-91,VZ5,VONA-3
UGA:VZ47,GSAT42,UGA0,ATT50,VONA39
VONA:GSAT2,VZ8,ATT10,VONA0,UGA-88
VZ:GSAT-6,VZ0,ATT2,VONA-9,UGA-99
-----
ATT:VZ-3,GSAT-8,ATT0,UGA-99,VONA-11
GSAT:ATT7,GSAT0,UGA-99,VZ5,VONA-3
UGA:VZ47,GSAT42,UGA0,ATT50,VONA39
VONA:GSAT2,VZ8,ATT10,VONA0,UGA-99
VZ:GSAT-6,VZ0,ATT2,VONA-9,UGA-99
-----
ATT:VZ-3,GSAT-8,ATT0,UGA-99,VONA-11
GSAT:ATT7,GSAT0,UGA-99,VZ5,VONA-3
UGA:VZ47,GSAT42,UGA0,ATT50,VONA39
VONA:GSAT2,VZ8,ATT10,VONA0,UGA-99
VZ:GSAT-6,VZ0,ATT2,VONA-9,UGA-99
-----
