AA:AA0,AD-2
AB:AA-1,CC0,AB0,AD-3
AD:AE1,AD0
AE:AA0,AB1,AE0,AD-2,F-50,CC1
CC:CC0,AA-1,AB0,AD-3
F:AA-50,AB-49,AE-50,AD-52,F0,CC-49
G:AA-49,AB-48,AE-49,AD-51,G0,F1,CC-48
-----
AA:AA0,AE-1,AD-2
AB:AA-1,CC0,AB0,AE-2,AD-3
AD:AA1,AB2,AE1,AD0,F-49,CC2
AE:AA-99,AB-99,AE0,AD-99,F-50,CC-99
CC:CC0,AA-1,AB0,AE-2,AD-3
F:AA-99,AB-99,AE-50,AD-99,F0,CC-99
G:AA-99,AB-99,AE-49,AD-99,G0,F1,CC-99
-----
AA:AA0,AB0,AE-1,AD-2,F-51,CC0
AB:AA-1,AB0,AE-2,AD-3,F-52,CC-1
AD:AA-99,AB-99,AE1,AD0,F-49,CC-99
AE:AA-99,AB-99,AE0,AD-99,F-51,CC-99
CC:AA-1,AB0,AE-2,AD-3,F-52,CC0
F:AA-99,AB-99,AE-50,AD-99,F0,CC-99
G:AA-99,AB-99,AE-49,AD-99,G0,F1,CC-99
-----
AA:AA0,AB-99,AE-1,AD-2,F-51,CC-99
AB:AA-1,AB0,AE-2,AD-3,F-52,CC-99
AD:AA-99,AB-99,AE1,AD0,F-50,CC-99
AE:AA-99,AB-99,AE0,AD-99,F-51,CC-99
CC:AA-1,AB0,AE-2,AD-3,F-52,CC0
F:AA-99,AB-99,AE-50,AD-99,F0,CC-99
G:AA-99,AB-99,AE-49,AD-99,G0,F1,CC-99
-----
AA:AA0,AB-99,AE-1,AD-2,F-52,CC-99
AB:AA-1,AB0,AE-2,AD-3,F-53,CC-99
AD:AA-99,AB-99,AE1,AD0,F-50,CC-99
AE:AA-99,AB-99,AE0,AD-99,F-52,CC-99
CC:AA-1,AB0,AE-2,AD-3,F-53,CC0
F:AA-99,AB-99,AE-50,AD-99,F0,CC-99
G:AA-99,AB-99,AE-49,AD-99,G0,F1,CC-99
-----
AA:AA0,AB-99,AE-1,AD-2,F-52,CC-99
AB:AA-1,AB0,AE-2,AD-3,F-53,CC-99
AD:AA-99,AB-99,AE1,AD0,F-51,CC-99
AE:AA-99,AB-99,AE0,AD-99,F-52,CC-99
CC:AA-1,AB0,AE-2,AD-3,F-53,CC0
F:AA-99,AB-99,AE-50,AD-99,F0,CC-99
G:AA-99,AB-99,AE-49,AD-99,G0,F1,CC-99
-----
AA:AA0,AB-99,AE-1,AD-2,F-53,CC-99
AB:AA-1,AB0,AE-2,AD-3,F-54,CC-99
AD:AA-99,AB-99,AE1,AD0,F-51,CC-99
AE:AA-99,AB-99,AE0,AD-99,F-53,CC-99
CC:AA-1,AB0,AE-2,AD-3,F-54,CC0
F:AA-99,AB-99,AE-50,AD-99,F0,CC-99
G:AA-99,AB-99,AE-49,AD-99,G0,F1,CC-99
-----
AA:AA0,AB-99,AE-1,AD-2,F-53,CC-99
AB:AA-1,AB0,AE-2,AD-3,F-54,CC-99
AD:AA-99,AB-99,AE1,AD0,F-52,CC-99
AE:AA-99,AB-99,AE0,AD-99,F-53,CC-99
CC:AA-1,AB0,AE-2,AD-3,F-54,CC0
F:AA-99,AB-99,AE-50,AD-99,F0,CC-99
G:AA-99,AB-99,AE-49,AD-99,G0,F1,CC-99
-----
AA:AA0,AB-99,AE-1,AD-2,F-54,CC-99
AB:AA-1,AB0,AE-2,AD-3,F-55,CC-99
AD:AA-99,AB-99,AE1,AD0,F-52,CC-99
AE:AA-99,AB-99,AE0,AD-99,F-54,CC-99
CC:AA-1,AB0,AE-2,AD-3,F-55,CC0
F:AA-99,AB-99,AE-50,AD-99,F0,CC-99
G:AA-99,AB-99,AE-49,AD-99,G0,F1,CC-99
-----
AA:AA0,AB-99,AE-1,AD-2,F-54,CC-99
AB:AA-1,AB0,AE-2,AD-3,F-55,CC-99
AD:AA-99,AB-99,AE1,AD0,F-53,CC-99
AE:AA-99,AB-99,AE0,AD-99,F-54,CC-99
CC:AA-1,AB0,AE-2,AD-3,F-55,CC0
F:AA-99,AB-99,AE-50,AD-99,F0,CC-99
G:AA-99,AB-99,AE-49,AD-99,G0,F1,CC-99
-----
AA:AA0,AB-99,AE-1,AD-2,F-55,CC-99
AB:AA-1,AB0,AE-2,AD-3,F-56,CC-99
AD:AA-99,AB-99,AE1,AD0,F-53,CC-99
AE:AA-99,AB-99,AE0,AD-99,F-55,CC-99
CC:AA-1,AB0,AE-2,AD-3,F-56,CC0
F:AA-99,AB-99,AE-50,AD-99,F0,CC-99
G:AA-99,AB-99,AE-49,AD-99,G0,F1,CC-99
-----
AA:AA0,AB-99,AE-1,AD-2,F-55,CC-99
AB:AA-1,AB0,AE-2,AD-3,F-56,CC-99
AD:AA-99,AB-99,AE1,AD0,F-54,CC-99
AE:AA-99,AB-99,AE0,AD-99,F-55,CC-99
CC:AA-1,AB0,AE-2,AD-3,F-56,CC0
F:AA-99,AB-99,AE-50,AD-99,F0,CC-99
G:AA-99,AB-99,AE-49,AD-99,G0,F1,CC-99
-----
AA:AA0,AB-99,AE-1,AD-2,F-56,CC-99
AB:AA-1,AB0,AE-2,AD-3,F-57,CC-99
AD:AA-99,AB-99,AE1,AD0,F-54,CC-99
AE:AA-99,AB-99,AE0,AD-99,F-56,CC-99
CC:AA-1,AB0,AE-2,AD-3,F-57,CC0
F:AA-99,AB-99,AE-50,AD-99,F0,CC-99
G:AA-99,AB-99,AE-49,AD-99,G0,F1,CC-99
-----
AA:AA0,AB-99,AE-1,AD-2,F-56,CC-99
AB:AA-1,AB0,AE-2,AD-3,F-57,CC-99
AD:AA-99,AB-99,AE1,AD0,F-55,CC-99
AE:AA-99,AB-99,AE0,AD-99,F-56,CC-99
CC:AA-1,AB0,AE-2,AD-3,F-57,CC0
F:AA-99,AB-99,AE-50,AD-99,F0,CC-99
G:AA-99,AB-99,AE-49,AD-99,G0,F1,CC-99
-----
AA:AA0,AB-99,AE-1,AD-2,F-57,CC-99
AB:AA-1,AB0,AE-2,AD-3,F-58,CC-99
AD:AA-99,AB-99,AE1,AD0,F-55,CC-99
AE:AA-99,AB-99,AE0,AD-99,F-57,CC-99
CC:AA-1,AB0,AE-2,AD-3,F-58,CC0
F:AA-99,AB-99,AE-50,AD-99,F0,CC-99
G:AA-99,AB-99,AE-49,AD-99,G0,F1,CC-99
-----
AA:AA0,AB-99,AE-1,AD-2,F-57,CC-99
AB:AA-1,AB0,AE-2,AD-3,F-58,CC-99
AD:AA-99,AB-99,AE1,AD0,F-56,CC-99
AE:AA-99,AB-99,AE0,AD-99,F-57,CC-99
CC:AA-1,AB0,AE-2,AD-3,F-58,CC0
F:AA-99,AB-99,AE-50,AD-99,F0,CC-99
G:AA-99,AB-99,AE-49,AD-99,G0,F1,CC-99
-----
AA:AA0,AB-99,AE-1,AD-2,F-58,CC-99
AB:AA-1,AB0,AE-2,AD-3,F-59,CC-99
AD:AA-99,AB-99,AE1,AD0,F-56,CC-99
AE:AA-99,AB-99,AE0,AD-99,F-58,CC-99
CC:AA-1,AB0,AE-2,AD-3,F-59,CC0
F:AA-99,AB-99,AE-50,AD-99,F0,CC-99
G:AA-99,AB-99,AE-49,AD-99,G0,F1,CC-99
-----
AA:AA0,AB-99,AE-1,AD-2,F-58,CC-99
AB:AA-1,AB0,AE-2,AD-3,F-59,CC-99
AD:AA-99,AB-99,AE1,AD0,F-57,CC-99
AE:AA-99,AB-99,AE0,AD-99,F-58,CC-99
CC:AA-1,AB0,AE-2,AD-3,F-59,CC0
F:AA-99,AB-99,AE-50,AD-99,F0,CC-99
G:AA-99,AB-99,AE-49,AD-99,G0,F1,CC-99
-----
AA:AA0,AB-99,AE-1,AD-2,F-59,CC-99
AB:AA-1,AB0,AE-2,AD-3,F-60,CC-99
AD:AA-99,AB-99,AE1,AD0,F-57,CC-99
AE:AA-99,AB-99,AE0,AD-99,F-59,CC-99
CC:AA-1,AB0,AE-2,AD-3,F-60,CC0
F:AA-99,AB-99,AE-50,AD-99,F0,CC-99
G:AA-99,AB-99,AE-49,AD-99,G0,F1,CC-99
-----
AA:AA0,AB-99,AE-1,AD-2,F-59,CC-99
AB:AA-1,AB0,AE-2,AD-3,F-60,CC-99
AD:AA-99,AB-99,AE1,AD0,F-58,CC-99
AE:AA-99,AB-99,AE0,AD-99,F-59,CC-99
CC:AA-1,AB0,AE-2,AD-3,F-60,CC0
F:AA-99,AB-99,AE-50,AD-99,F0,CC-99
G:AA-99,AB-99,AE-49,AD-99,G0,F1,CC-99
-----
AA:AA0,AB-99,AE-1,AD-2,F-60,CC-99
AB:AA-1,AB0,AE-2,AD-3,F-61,CC-99
AD:AA-99,AB-99,AE1,AD0,F-58,CC-99
AE:AA-99,AB-99,AE0,AD-99,F-60,CC-99
CC:AA-1,AB0,AE-2,AD-3,F-61,CC0
F:AA-99,AB-99,AE-50,AD-99,F0,CC-99
G:AA-99,AB-99,AE-49,AD-99,G0,F1,CC-99
-----
AA:AA0,AB-99,AE-1,AD-2,F-60,CC-99
AB:AA-1,AB0,AE-2,AD-3,F-61,CC-99
AD:AA-99,AB-99,AE1,AD0,F-59,CC-99
AE:AA-99,AB-99,AE0,AD-99,F-60,CC-99
CC:AA-1,AB0,AE-2,AD-3,F-61,CC0
F:AA-99,AB-99,AE-50,AD-99,F0,CC-99
G:AA-99,AB-99,AE-49,AD-99,G0,F1,CC-99
-----
AA:AA0,AB-99,AE-1,AD-2,F-61,CC-99
AB:AA-1,AB0,AE-2,AD-3,F-62,CC-99
AD:AA-99,AB-99,AE1,AD0,F-59,CC-99
AE:AA-99,AB-99,AE0,AD-99,F-61,CC-99
CC:AA-1,AB0,AE-2,AD-3,F-62,CC0
F:AA-99,AB-99,AE-50,AD-99,F0,CC-99
G:AA-99,AB-99,AE-49,AD-99,G0,F1,CC-99
-----
AA:AA0,AB-99,AE-1,AD-2,F-61,CC-99
AB:AA-1,AB0,AE-2,AD-3,F-62,CC-99
AD:AA-99,AB-99,AE1,AD0,F-60,CC-99
AE:AA-99,AB-99,AE0,AD-99,F-61,CC-99
CC:AA-1,AB0,AE-2,AD-3,F-62,CC0
F:AA-99,AB-99,AE-50,AD-99,F0,CC-99
G:AA-99,AB-99,AE-49,AD-99,G0,F1,CC-99
-----
AA:AA0,AB-99,AE-1,AD-2,F-62,CC-99
AB:AA-1,AB0,AE-2,AD-3,F-63,CC-99
AD:AA-99,AB-99,AE1,AD0,F-60,CC-99
AE:AA-99,AB-99,AE0,AD-99,F-62,CC-99
CC:AA-1,AB0,AE-2,AD-3,F-63,CC0
F:AA-99,AB-99,AE-50,AD-99,F0,CC-99
G:AA-99,AB-99,AE-49,AD-99,G0,F1,CC-99
-----
AA:AA0,AB-99,AE-1,AD-2,F-62,CC-99
AB:AA-1,AB0,AE-2,AD-3,F-63,CC-99
AD:AA-99,AB-99,AE1,AD0,F-61,CC-99
AE:AA-99,AB-99,AE0,AD-99,F-62,CC-99
CC:AA-1,AB0,AE-2,AD-3,F-63,CC0
F:AA-99,AB-99,AE-50,AD-99,F0,CC-99
G:AA-99,AB-99,AE-49,AD-99,G0,F1,CC-99
-----
AA:AA0,AB-99,AE-1,AD-2,F-63,CC-99
AB:AA-1,AB0,AE-2,AD-3,F-64,CC-99
AD:AA-99,AB-99,AE1,AD0,F-61,CC-99
AE:AA-99,AB-99,AE0,AD-99,F-63,CC-99
CC:AA-1,AB0,AE-2,AD-3,F-64,CC0
F:AA-99,AB-99,AE-50,AD-99,F0,CC-99
G:AA-99,AB-99,AE-49,AD-99,G0,F1,CC-99
-----
AA:AA0,AB-99,AE-1,AD-2,F-63,CC-99
AB:AA-1,AB0,AE-2,AD-3,F-64,CC-99
AD:AA-99,AB-99,AE1,AD0,F-62,CC-99
AE:AA-99,AB-99,AE0,AD-99,F-63,CC-99
CC:AA-1,AB0,AE-2,AD-3,F-64,CC0
F:AA-99,AB-99,AE-50,AD-99,F0,CC-99
G:AA-99,AB-99,AE-49,AD-99,G0,F1,CC-99
-----
AA:AA0,AB-99,AE-1,AD-2,F-64,CC-99
AB:AA-1,AB0,AE-2,AD-3,F-65,CC-99
AD:AA-99,AB-99,AE1,AD0,F-62,CC-99
AE:AA-99,AB-99,AE0,AD-99,F-64,CC-99
CC:AA-1,AB0,AE-2,AD-3,F-65,CC0
F:AA-99,AB-99,AE-50,AD-99,F0,CC-99
G:AA-99,AB-99,AE-49,AD-99,G0,F1,CC-99
-----
AA:AA0,AB-99,AE-1,AD-2,F-64,CC-99
AB:AA-1,AB0,AE-2,AD-3,F-65,CC-99
AD:AA-99,AB-99,AE1,AD0,F-63,CC-99
AE:AA-99,AB-99,AE0,AD-99,F-64,CC-99
CC:AA-1,AB0,AE-2,AD-3,F-65,CC0
F:AA-99,AB-99,AE-50,AD-99,F0,CC-99
G:AA-99,AB-99,AE-49,AD-99,G0,F1,CC-99
-----
AA:AA0,AB-99,AE-1,AD-2,F-65,CC-99
AB:AA-1,AB0,AE-2,AD-3,F-66,CC-99
AD:AA-99,AB-99,AE1,AD0,F-63,CC-99
AE:AA-99,AB-99,AE0,AD-99,F-65,CC-99
CC:AA-1,AB0,AE-2,AD-3,F-66,CC0
F:AA-99,AB-99,AE-50,AD-99,F0,CC-99
G:AA-99,AB-99,AE-49,AD-99,G0,F1,CC-99
-----
AA:AA0,AB-99,AE-1,AD-2,F-65,CC-99
AB:AA-1,AB0,AE-2,AD-3,F-66,CC-99
AD:AA-99,AB-99,AE1,AD0,F-64,CC-99
AE:AA-99,AB-99,AE0,AD-99,F-65,CC-99
CC:AA-1,AB0,AE-2,AD-3,F-66,CC0
F:AA-99,AB-99,AE-50,AD-99,F0,CC-99
G:AA-99,AB-99,AE-49,AD-99,G0,F1,CC-99
-----
AA:AA0,AB-99,AE-1,AD-2,F-66,CC-99
AB:AA-1,AB0,AE-2,AD-3,F-67,CC-99
AD:AA-99,AB-99,AE1,AD0,F-64,CC-99
AE:AA-99,AB-99,AE0,AD-99,F-66,CC-99
CC:AA-1,AB0,AE-2,AD-3,F-67,CC0
F:AA-99,AB-99,AE-50,AD-99,F0,CC-99
G:AA-99,AB-99,AE-49,AD-99,G0,F1,CC-99
-----
AA:AA0,AB-99,AE-1,AD-2,F-66,CC-99
AB:AA-1,AB0,AE-2,AD-3,F-67,CC-99
AD:AA-99,AB-99,AE1,AD0,F-65,CC-99
AE:AA-99,AB-99,AE0,AD-99,F-66,CC-99
CC:AA-1,AB0,AE-2,AD-3,F-67,CC0
F:AA-99,AB-99,AE-50,AD-99,F0,CC-99
G:AA-99,AB-99,AE-49,AD-99,G0,F1,CC-99
-----
AA:AA0,AB-99,AE-1,AD-2,F-67,CC-99
AB:AA-1,AB0,AE-2,AD-3,F-68,CC-99
AD:AA-99,AB-99,AE1,AD0,F-65,CC-99
AE:AA-99,AB-99,AE0,AD-99,F-67,CC-99
CC:AA-1,AB0,AE-2,AD-3,F-68,CC0
F:AA-99,AB-99,AE-50,AD-99,F0,CC-99
G:AA-99,AB-99,AE-49,AD-99,G0,F1,CC-99
-----
AA:AA0,AB-99,AE-1,AD-2,F-67,CC-99
AB:AA-1,AB0,AE-2,AD-3,F-68,CC-99
AD:AA-99,AB-99,AE1,AD0,F-66,CC-99
AE:AA-99,AB-99,AE0,AD-99,F-67,CC-99
CC:AA-1,AB0,AE-2,AD-3,F-68,CC0
F:AA-99,AB-99,AE-50,AD-99,F0,CC-99
G:AA-99,AB-99,AE-49,AD-99,G0,F1,CC-99
-----
AA:AA0,AB-99,AE-1,AD-2,F-68,CC-99
AB:AA-1,AB0,AE-2,AD-3,F-69,CC-99
AD:AA-99,AB-99,AE1,AD0,F-66,CC-99
AE:AA-99,AB-99,AE0,AD-99,F-68,CC-99
CC:AA-1,AB0,AE-2,AD-3,F-69,CC0
F:AA-99,AB-99,AE-50,AD-99,F0,CC-99
G:AA-99,AB-99,AE-49,AD-99,G0,F1,CC-99
-----
AA:AA0,AB-99,AE-1,AD-2,F-68,CC-99
AB:AA-1,AB0,AE-2,AD-3,F-69,CC-99
AD:AA-99,AB-99,AE1,AD0,F-67,CC-99
AE:AA-99,AB-99,AE0,AD-99,F-68,CC-99
CC:AA-1,AB0,AE-2,AD-3,F-69,CC0
F:AA-99,AB-99,AE-50,AD-99,F0,CC-99
G:AA-99,AB-99,AE-49,AD-99,G0,F1,CC-99
-----
AA:AA0,AB-99,AE-1,AD-2,F-69,CC-99
AB:AA-1,AB0,AE-2,AD-3,F-70,CC-99
AD:AA-99,AB-99,AE1,AD0,F-67,CC-99
AE:AA-99,AB-99,AE0,AD-99,F-69,CC-99
CC:AA-1,AB0,AE-2,AD-3,F-70,CC0
F:AA-99,AB-99,AE-50,AD-99,F0,CC-99
G:AA-99,AB-99,AE-49,AD-99,G0,F1,CC-99
-----
AA:AA0,AB-99,AE-1,AD-2,F-69,CC-99
AB:AA-1,AB0,AE-2,AD-3,F-70,CC-99
AD:AA-99,AB-99,AE1,AD0,F-68,CC-99
AE:AA-99,AB-99,AE0,AD-99,F-69,CC-99
CC:AA-1,AB0,AE-2,AD-3,F-70,CC0
F:AA-99,AB-99,AE-50,AD-99,F0,CC-99
G:AA-99,AB-99,AE-49,AD-99,G0,F1,CC-99
-----
AA:AA0,AB-99,AE-1,AD-2,F-70,CC-99
AB:AA-1,AB0,AE-2,AD-3,F-71,CC-99
AD:AA-99,AB-99,AE1,AD0,F-68,CC-99
AE:AA-99,AB-99,AE0,AD-99,F-70,CC-99
CC:AA-1,AB0,AE-2,AD-3,F-71,CC0
F:AA-99,AB-99,AE-50,AD-99,F0,CC-99
G:AA-99,AB-99,AE-49,AD-99,G0,F1,CC-99
-----
AA:AA0,AB-99,AE-1,AD-2,F-70,CC-99
AB:AA-1,AB0,AE-2,AD-3,F-71,CC-99
AD:AA-99,AB-99,AE1,AD0,F-69,CC-99
AE:AA-99,AB-99,AE0,AD-99,F-70,CC-99
CC:AA-1,AB0,AE-2,AD-3,F-71,CC0
F:AA-99,AB-99,AE-50,AD-99,F0,CC-99
G:AA-99,AB-99,AE-49,AD-99,G0,F1,CC-99
-----
AA:AA0,AB-99,AE-1,AD-2,F-71,CC-99
AB:AA-1,AB0,AE-2,AD-3,F-72,CC-99
AD:AA-99,AB-99,AE1,AD0,F-69,CC-99
AE:AA-99,AB-99,AE0,AD-99,F-71,CC-99
CC:AA-1,AB0,AE-2,AD-3,F-72,CC0
F:AA-99,AB-99,AE-50,AD-99,F0,CC-99
G:AA-99,AB-99,AE-49,AD-99,G0,F1,CC-99
-----
AA:AA0,AB-99,AE-1,AD-2,F-71,CC-99
AB:AA-1,AB0,AE-2,AD-3,F-72,CC-99
AD:AA-99,AB-99,AE1,AD0,F-70,CC-99
AE:AA-99,AB-99,AE0,AD-99,F-71,CC-99
CC:AA-1,AB0,AE-2,AD-3,F-72,CC0
F:AA-99,AB-99,AE-50,AD-99,F0,CC-99
G:AA-99,AB-99,AE-49,AD-99,G0,F1,CC-99
-----
AA:AA0,AB-99,AE-1,AD-2,F-72,CC-99
AB:AA-1,AB0,AE-2,AD-3,F-73,CC-99
AD:AA-99,AB-99,AE1,AD0,F-70,CC-99
AE:AA-99,AB-99,AE0,AD-99,F-72,CC-99
CC:AA-1,AB0,AE-2,AD-3,F-73,CC0
F:AA-99,AB-99,AE-50,AD-99,F0,CC-99
G:AA-99,AB-99,AE-49,AD-99,G0,F1,CC-99
-----
AA:AA0,AB-99,AE-1,AD-2,F-72,CC-99
AB:AA-1,AB0,AE-2,AD-3,F-73,CC-99
AD:AA-99,AB-99,AE1,AD0,F-71,CC-99
AE:AA-99,AB-99,AE0,AD-99,F-72,CC-99
CC:AA-1,AB0,AE-2,AD-3,F-73,CC0
F:AA-99,AB-99,AE-50,AD-99,F0,CC-99
G:AA-99,AB-99,AE-49,AD-99,G0,F1,CC-99
-----
AA:AA0,AB-99,AE-1,AD-2,F-73,CC-99
AB:AA-1,AB0,AE-2,AD-3,F-74,CC-99
AD:AA-99,AB-99,AE1,AD0,F-71,CC-99
AE:AA-99,AB-99,AE0,AD-99,F-73,CC-99
CC:AA-1,AB0,AE-2,AD-3,F-74,CC0
F:AA-99,AB-99,AE-50,AD-99,F0,CC-99
G:AA-99,AB-99,AE-49,AD-99,G0,F1,CC-99
-----
AA:AA0,AB-99,AE-1,AD-2,F-73,CC-99
AB:AA-1,AB0,AE-2,AD-3,F-74,CC-99
AD:AA-99,AB-99,AE1,AD0,F-72,CC-99
AE:AA-99,AB-99,AE0,AD-99,F-73,CC-99
CC:AA-1,AB0,AE-2,AD-3,F-74,CC0
F:AA-99,AB-99,AE-50,AD-99,F0,CC-99
G:AA-99,AB-99,AE-49,AD-99,G0,F1,CC-99
-----
AA:AA0,AB-99,AE-1,AD-2,F-74,CC-99
AB:AA-1,AB0,AE-2,AD-3,F-75,CC-99
AD:AA-99,AB-99,AE1,AD0,F-72,CC-99
AE:AA-99,AB-99,AE0,AD-99,F-74,CC-99
CC:AA-1,AB0,AE-2,AD-3,F-75,CC0
F:AA-99,AB-99,AE-50,AD-99,F0,CC-99
G:AA-99,AB-99,AE-49,AD-99,G0,F1,CC-99
-----
AA:AA0,AB-99,AE-1,AD-2,F-74,CC-99
AB:AA-1,AB0,AE-2,AD-3,F-75,CC-99
AD:AA-99,AB-99,AE1,AD0,F-73,CC-99
AE:AA-99,AB-99,AE0,AD-99,F-74,CC-99
CC:AA-1,AB0,AE-2,AD-3,F-75,CC0
F:AA-99,AB-99,AE-50,AD-99,F0,CC-99
G:AA-99,AB-99,AE-49,AD-99,G0,F1,CC-99
-----
AA:AA0,AB-99,AE-1,AD-2,F-75,CC-99
AB:AA-1,AB0,AE-2,AD-3,F-76,CC-99
AD:AA-99,AB-99,AE1,AD0,F-73,CC-99
AE:AA-99,AB-99,AE0,AD-99,F-75,CC-99
CC:AA-1,AB0,AE-2,AD-3,F-76,CC0
F:AA-99,AB-99,AE-50,AD-99,F0,CC-99
G:AA-99,AB-99,AE-49,AD-99,G0,F1,CC-99
-----
AA:AA0,AB-99,AE-1,AD-2,F-75,CC-99
AB:AA-1,AB0,AE-2,AD-3,F-76,CC-99
AD:AA-99,AB-99,AE1,AD0,F-74,CC-99
AE:AA-99,AB-99,AE0,AD-99,F-75,CC-99
CC:AA-1,AB0,AE-2,AD-3,F-76,CC0
F:AA-99,AB-99,AE-50,AD-99,F0,CC-99
G:AA-99,AB-99,AE-49,AD-99,G0,F1,CC-99
-----
AA:AA0,AB-99,AE-1,AD-2,F-76,CC-99
AB:AA-1,AB0,AE-2,AD-3,F-77,CC-99
AD:AA-99,AB-99,AE1,AD0,F-74,CC-99
AE:AA-99,AB-99,AE0,AD-99,F-76,CC-99
CC:AA-1,AB0,AE-2,AD-3,F-77,CC0
F:AA-99,AB-99,AE-50,AD-99,F0,CC-99
G:AA-99,AB-99,AE-49,AD-99,G0,F1,CC-99
-----
AA:AA0,AB-99,AE-1,AD-2,F-76,CC-99
AB:AA-1,AB0,AE-2,AD-3,F-77,CC-99
AD:AA-99,AB-99,AE1,AD0,F-75,CC-99
AE:AA-99,AB-99,AE0,AD-99,F-76,CC-99
CC:AA-1,AB0,AE-2,AD-3,F-77,CC0
F:AA-99,AB-99,AE-50,AD-99,F0,CC-99
G:AA-99,AB-99,AE-49,AD-99,G0,F1,CC-99
-----
AA:AA0,AB-99,AE-1,AD-2,F-77,CC-99
AB:AA-1,AB0,AE-2,AD-3,F-78,CC-99
AD:AA-99,AB-99,AE1,AD0,F-75,CC-99
AE:AA-99,AB-99,AE0,AD-99,F-77,CC-99
CC:AA-1,AB0,AE-2,AD-3,F-78,CC0
F:AA-99,AB-99,AE-50,AD-99,F0,CC-99
G:AA-99,AB-99,AE-49,AD-99,G0,F1,CC-99
-----
AA:AA0,AB-99,AE-1,AD-2,F-77,CC-99
AB:AA-1,AB0,AE-2,AD-3,F-78,CC-99
AD:AA-99,AB-99,AE1,AD0,F-76,CC-99
AE:AA-99,AB-99,AE0,AD-99,F-77,CC-99
CC:AA-1,AB0,AE-2,AD-3,F-78,CC0
F:AA-99,AB-99,AE-50,AD-99,F0,CC-99
G:AA-99,AB-99,AE-49,AD-99,G0,F1,CC-99
-----
AA:AA0,AB-99,AE-1,AD-2,F-78,CC-99
AB:AA-1,AB0,AE-2,AD-3,F-79,CC-99
AD:AA-99,AB-99,AE1,AD0,F-76,CC-99
AE:AA-99,AB-99,AE0,AD-99,F-78,CC-99
CC:AA-1,AB0,AE-2,AD-3,F-79,CC0
F:AA-99,AB-99,AE-50,AD-99,F0,CC-99
G:AA-99,AB-99,AE-49,AD-99,G0,F1,CC-99
-----
AA:AA0,AB-99,AE-1,AD-2,F-78,CC-99
AB:AA-1,AB0,AE-2,AD-3,F-79,CC-99
AD:AA-99,AB-99,AE1,AD0,F-77,CC-99
AE:AA-99,AB-99,AE0,AD-99,F-78,CC-99
CC:AA-1,AB0,AE-2,AD-3,F-79,CC0
F:AA-99,AB-99,AE-50,AD-99,F0,CC-99
G:AA-99,AB-99,AE-49,AD-99,G0,F1,CC-99
-----
AA:AA0,AB-99,AE-1,AD-2,F-79,CC-99
AB:AA-1,AB0,AE-2,AD-3,F-80,CC-99
AD:AA-99,AB-99,AE1,AD0,F-77,CC-99
AE:AA-99,AB-99,AE0,AD-99,F-79,CC-99
CC:AA-1,AB0,AE-2,AD-3,F-80,CC0
F:AA-99,AB-99,AE-50,AD-99,F0,CC-99
G:AA-99,AB-99,AE-49,AD-99,G0,F1,CC-99
-----
AA:AA0,AB-99,AE-1,AD-2,F-79,CC-99
AB:AA-1,AB0,AE-2,AD-3,F-80,CC-99
AD:AA-99,AB-99,AE1,AD0,F-78,CC-99
AE:AA-99,AB-99,AE0,AD-99,F-79,CC-99
CC:AA-1,AB0,AE-2,AD-3,F-80,CC0
F:AA-99,AB-99,AE-50,AD-99,F0,CC-99
G:AA-99,AB-99,AE-49,AD-99,G0,F1,CC-99
-----
AA:AA0,AB-99,AE-1,AD-2,F-80,CC-99
AB:AA-1,AB0,AE-2,AD-3,F-81,CC-99
AD:AA-99,AB-99,AE1,AD0,F-78,CC-99
AE:AA-99,AB-99,AE0,AD-99,F-80,CC-99
CC:AA-1,AB0,AE-2,AD-3,F-81,CC0
F:AA-99,AB-99,AE-50,AD-99,F0,CC-99
G:AA-99,AB-99,AE-49,AD-99,G0,F1,CC-99
-----
AA:AA0,AB-99,AE-1,AD-2,F-80,CC-99
AB:AA-1,AB0,AE-2,AD-3,F-81,CC-99
AD:AA-99,AB-99,AE1,AD0,F-79,CC-99
AE:AA-99,AB-99,AE0,AD-99,F-80,CC-99
CC:AA-1,AB0,AE-2,AD-3,F-81,CC0
F:AA-99,AB-99,AE-50,AD-99,F0,CC-99
G:AA-99,AB-99,AE-49,AD-99,G0,F1,CC-99
-----
AA:AA0,AB-99,AE-1,AD-2,F-81,CC-99
AB:AA-1,AB0,AE-2,AD-3,F-82,CC-99
AD:AA-99,AB-99,AE1,AD0,F-79,CC-99
AE:AA-99,AB-99,AE0,AD-99,F-81,CC-99
CC:AA-1,AB0,AE-2,AD-3,F-82,CC0
F:AA-99,AB-99,AE-50,AD-99,F0,CC-99
G:AA-99,AB-99,AE-49,AD-99,G0,F1,CC-99
-----
AA:AA0,AB-99,AE-1,AD-2,F-81,CC-99
AB:AA-1,AB0,AE-2,AD-3,F-82,CC-99
AD:AA-99,AB-99,AE1,AD0,F-80,CC-99
AE:AA-99,AB-99,AE0,AD-99,F-81,CC-99
CC:AA-1,AB0,AE-2,AD-3,F-82,CC0
F:AA-99,AB-99,AE-50,AD-99,F0,CC-99
G:AA-99,AB-99,AE-49,AD-99,G0,F1,CC-99
-----
AA:AA0,AB-99,AE-1,AD-2,F-82,CC-99
AB:AA-1,AB0,AE-2,AD-3,F-83,CC-99
AD:AA-99,AB-99,AE1,AD0,F-80,CC-99
AE:AA-99,AB-99,AE0,AD-99,F-82,CC-99
CC:AA-1,AB0,AE-2,AD-3,F-83,CC0
F:AA-99,AB-99,AE-50,AD-99,F0,CC-99
G:AA-99,AB-99,AE-49,AD-99,G0,F1,CC-99
-----
AA:AA0,AB-99,AE-1,AD-2,F-82,CC-99
AB:AA-1,AB0,AE-2,AD-3,F-83,CC-99
AD:AA-99,AB-99,AE1,AD0,F-81,CC-99
AE:AA-99,AB-99,AE0,AD-99,F-82,CC-99
CC:AA-1,AB0,AE-2,AD-3,F-83,CC0
F:AA-99,AB-99,AE-50,AD-99,F0,CC-99
G:AA-99,AB-99,AE-49,AD-99,G0,F1,CC-99
-----
AA:AA0,AB-99,AE-1,AD-2,F-83,CC-99
AB:AA-1,AB0,AE-2,AD-3,F-84,CC-99
AD:AA-99,AB-99,AE1,AD0,F-81,CC-99
AE:AA-99,AB-99,AE0,AD-99,F-83,CC-99
CC:AA-1,AB0,AE-2,AD-3,F-84,CC0
F:AA-99,AB-99,AE-50,AD-99,F0,CC-99
G:AA-99,AB-99,AE-49,AD-99,G0,F1,CC-99
-----
AA:AA0,AB-99,AE-1,AD-2,F-83,CC-99
AB:AA-1,AB0,AE-2,AD-3,F-84,CC-99
AD:AA-99,AB-99,AE1,AD0,F-82,CC-99
AE:AA-99,AB-99,AE0,AD-99,F-83,CC-99
CC:AA-1,AB0,AE-2,AD-3,F-84,CC0
F:AA-99,AB-99,AE-50,AD-99,F0,CC-99
G:AA-99,AB-99,AE-49,AD-99,G0,F1,CC-99
-----
AA:AA0,AB-99,AE-1,AD-2,F-84,CC-99
AB:AA-1,AB0,AE-2,AD-3,F-85,CC-99
AD:AA-99,AB-99,AE1,AD0,F-82,CC-99
AE:AA-99,AB-99,AE0,AD-99,F-84,CC-99
CC:AA-1,AB0,AE-2,AD-3,F-85,CC0
F:AA-99,AB-99,AE-50,AD-99,F0,CC-99
G:AA-99,AB-99,AE-49,AD-99,G0,F1,CC-99
-----
AA:AA0,AB-99,AE-1,AD-2,F-84,CC-99
AB:AA-1,AB0,AE-2,AD-3,F-85,CC-99
AD:AA-99,AB-99,AE1,AD0,F-83,CC-99
AE:AA-99,AB-99,AE0,AD-99,F-84,CC-99
CC:AA-1,AB0,AE-2,AD-3,F-85,CC0
F:AA-99,AB-99,AE-50,AD-99,F0,CC-99
G:AA-99,AB-99,AE-49,AD-99,G0,F1,CC-99
-----
AA:AA0,AB-99,AE-1,AD-2,F-85,CC-99
AB:AA-1,AB0,AE-2,AD-3,F-86,CC-99
AD:AA-99,AB-99,AE1,AD0,F-83,CC-99
AE:AA-99,AB-99,AE0,AD-99,F-85,CC-99
CC:AA-1,AB0,AE-2,AD-3,F-86,CC0
F:AA-99,AB-99,AE-50,AD-99,F0,CC-99
G:AA-99,AB-99,AE-49,AD-99,G0,F1,CC-99
-----
AA:AA0,AB-99,AE-1,AD-2,F-85,CC-99
AB:AA-1,AB0,AE-2,AD-3,F-86,CC-99
AD:AA-99,AB-99,AE1,AD0,F-84,CC-99
AE:AA-99,AB-99,AE0,AD-99,F-85,CC-99
CC:AA-1,AB0,AE-2,AD-3,F-86,CC0
F:AA-99,AB-99,AE-50,AD-99,F0,CC-99
G:AA-99,AB-99,AE-49,AD-99,G0,F1,CC-99
-----
AA:AA0,AB-99,AE-1,AD-2,F-86,CC-99
AB:AA-1,AB0,AE-2,AD-3,F-87,CC-99
AD:AA-99,AB-99,AE1,AD0,F-84,CC-99
AE:AA-99,AB-99,AE0,AD-99,F-86,CC-99
CC:AA-1,AB0,AE-2,AD-3,F-87,CC0
F:AA-99,AB-99,AE-50,AD-99,F0,CC-99
G:AA-99,AB-99,AE-49,AD-99,G0,F1,CC-99
-----
AA:AA0,AB-99,AE-1,AD-2,F-86,CC-99
AB:AA-1,AB0,AE-2,AD-3,F-87,CC-99
AD:AA-99,AB-99,AE1,AD0,F-85,CC-99
AE:AA-99,AB-99,AE0,AD-99,F-86,CC-99
CC:AA-1,AB0,AE-2,AD-3,F-87,CC0
F:AA-99,AB-99,AE-50,AD-99,F0,CC-99
G:AA-99,AB-99,AE-49,AD-99,G0,F1,CC-99
-----
AA:AA0,AB-99,AE-1,AD-2,F-87,CC-99
AB:AA-1,AB0,AE-2,AD-3,F-88,CC-99
AD:AA-99,AB-99,AE1,AD0,F-85,CC-99
AE:AA-99,AB-99,AE0,AD-99,F-87,CC-99
CC:AA-1,AB0,AE-2,AD-3,F-88,CC0
F:AA-99,AB-99,AE-50,AD-99,F0,CC-99
G:AA-99,AB-99,AE-49,AD-99,G0,F1,CC-99
-----
AA:AA0,AB-99,AE-1,AD-2,F-87,CC-99
AB:AA-1,AB0,AE-2,AD-3,F-88,CC-99
AD:AA-99,AB-99,AE1,AD0,F-86,CC-99
AE:AA-99,AB-99,AE0,AD-99,F-87,CC-99
CC:AA-1,AB0,AE-2,AD-3,F-88,CC0
F:AA-99,AB-99,AE-50,AD-99,F0,CC-99
G:AA-99,AB-99,AE-49,AD-99,G0,F1,CC-99
-----
AA:AA0,AB-99,AE-1,AD-2,F-88,CC-99
AB:AA-1,AB0,AE-2,AD-3,F-89,CC-99
AD:AA-99,AB-99,AE1,AD0,F-86,CC-99
AE:AA-99,AB-99,AE0,AD-99,F-88,CC-99
CC:AA-1,AB0,AE-2,AD-3,F-89,CC0
F:AA-99,AB-99,AE-50,AD-99,F0,CC-99
G:AA-99,AB-99,AE-49,AD-99,G0,F1,CC-99
-----
AA:AA0,AB-99,AE-1,AD-2,F-88,CC-99
AB:AA-1,AB0,AE-2,AD-3,F-89,CC-99
AD:AA-99,AB-99,AE1,AD0,F-87,CC-99
AE:AA-99,AB-99,AE0,AD-99,F-88,CC-99
CC:AA-1,AB0,AE-2,AD-3,F-89,CC0
F:AA-99,AB-99,AE-50,AD-99,F0,CC-99
G:AA-99,AB-99,AE-49,AD-99,G0,F1,CC-99
-----
AA:AA0,AB-99,AE-1,AD-2,F-89,CC-99
AB:AA-1,AB0,AE-2,AD-3,F-90,CC-99
AD:AA-99,AB-99,AE1,AD0,F-87,CC-99
AE:AA-99,AB-99,AE0,AD-99,F-89,CC-99
CC:AA-1,AB0,AE-2,AD-3,F-90,CC0
F:AA-99,AB-99,AE-50,AD-99,F0,CC-99
G:AA-99,AB-99,AE-49,AD-99,G0,F1,CC-99
-----
AA:AA0,AB-99,AE-1,AD-2,F-89,CC-99
AB:AA-1,AB0,AE-2,AD-3,F-90,CC-99
AD:AA-99,AB-99,AE1,AD0,F-88,CC-99
AE:AA-99,AB-99,AE0,AD-99,F-89,CC-99
CC:AA-1,AB0,AE-2,AD-3,F-90,CC0
F:AA-99,AB-99,AE-50,AD-99,F0,CC-99
G:AA-99,AB-99,AE-49,AD-99,G0,F1,CC-99
-----
AA:AA0,AB-99,AE-1,AD-2,F-90,CC-99
AB:AA-1,AB0,AE-2,AD-3,F-91,CC-99
AD:AA-99,AB-99,AE1,AD0,F-88,CC-99
AE:AA-99,AB-99,AE0,AD-99,F-90,CC-99
CC:AA-1,AB0,AE-2,AD-3,F-91,CC0
F:AA-99,AB-99,AE-50,AD-99,F0,CC-99
G:AA-99,AB-99,AE-49,AD-99,G0,F1,CC-99
-----
AA:AA0,AB-99,AE-1,AD-2,F-90,CC-99
AB:AA-1,AB0,AE-2,AD-3,F-91,CC-99
AD:AA-99,AB-99,AE1,AD0,F-89,CC-99
AE:AA-99,AB-99,AE0,AD-99,F-90,CC-99
CC:AA-1,AB0,AE-2,AD-3,F-91,CC0
F:AA-99,AB-99,AE-50,AD-99,F0,CC-99
G:AA-99,AB-99,AE-49,AD-99,G0,F1,CC-99
-----
AA:AA0,AB-99,AE-1,AD-2,F-91,CC-99
AB:AA-1,AB0,AE-2,AD-3,F-92,CC-99
AD:AA-99,AB-99,AE1,AD0,F-89,CC-99
AE:AA-99,AB-99,AE0,AD-99,F-91,CC-99
CC:AA-1,AB0,AE-2,AD-3,F-92,CC0
F:AA-99,AB-99,AE-50,AD-99,F0,CC-99
G:AA-99,AB-99,AE-49,AD-99,G0,F1,CC-99
-----
AA:AA0,AB-99,AE-1,AD-2,F-91,CC-99
AB:AA-1,AB0,AE-2,AD-3,F-92,CC-99
AD:AA-99,AB-99,AE1,AD0,F-90,CC-99
AE:AA-99,AB-99,AE0,AD-99,F-91,CC-99
CC:AA-1,AB0,AE-2,AD-3,F-92,CC0
F:AA-99,AB-99,AE-50,AD-99,F0,CC-99
G:AA-99,AB-99,AE-49,AD-99,G0,F1,CC-99
-----
AA:AA0,AB-99,AE-1,AD-2,F-92,CC-99
AB:AA-1,AB0,AE-2,AD-3,F-93,CC-99
AD:AA-99,AB-99,AE1,AD0,F-90,CC-99
AE:AA-99,AB-99,AE0,AD-99,F-92,CC-99
CC:AA-1,AB0,AE-2,AD-3,F-93,CC0
F:AA-99,AB-99,AE-50,AD-99,F0,CC-99
G:AA-99,AB-99,AE-49,AD-99,G0,F1,CC-99
-----
AA:AA0,AB-99,AE-1,AD-2,F-92,CC-99
AB:AA-1,AB0,AE-2,AD-3,F-93,CC-99
AD:AA-99,AB-99,AE1,AD0,F-91,CC-99
AE:AA-99,AB-99,AE0,AD-99,F-92,CC-99
CC:AA-1,AB0,AE-2,AD-3,F-93,CC0
F:AA-99,AB-99,AE-50,AD-99,F0,CC-99
G:AA-99,AB-99,AE-49,AD-99,G0,F1,CC-99
-----
AA:AA0,AB-99,AE-1,AD-2,F-93,CC-99
AB:AA-1,AB0,AE-2,AD-3,F-94,CC-99
AD:AA-99,AB-99,AE1,AD0,F-91,CC-99
AE:AA-99,AB-99,AE0,AD-99,F-93,CC-99
CC:AA-1,AB0,AE-2,AD-3,F-94,CC0
F:AA-99,AB-99,AE-50,AD-99,F0,CC-99
G:AA-99,AB-99,AE-49,AD-99,G0,F1,CC-99
-----
AA:AA0,AB-99,AE-1,AD-2,F-93,CC-99
AB:AA-1,AB0,AE-2,AD-3,F-94,CC-99
AD:AA-99,AB-99,AE1,AD0,F-92,CC-99
AE:AA-99,AB-99,AE0,AD-99,F-93,CC-99
CC:AA-1,AB0,AE-2,AD-3,F-94,CC0
F:AA-99,AB-99,AE-50,AD-99,F0,CC-99
G:AA-99,AB-99,AE-49,AD-99,G0,F1,CC-99
-----
AA:AA0,AB-99,AE-1,AD-2,F-94,CC-99
AB:AA-1,AB0,AE-2,AD-3,F-95,CC-99
AD:AA-99,AB-99,AE1,AD0,F-92,CC-99
AE:AA-99,AB-99,AE0,AD-99,F-94,CC-99
CC:AA-1,AB0,AE-2,AD-3,F-95,CC0
F:AA-99,AB-99,AE-50,AD-99,F0,CC-99
G:AA-99,AB-99,AE-49,AD-99,G0,F1,CC-99
-----
AA:AA0,AB-99,AE-1,AD-2,F-94,CC-99
AB:AA-1,AB0,AE-2,AD-3,F-95,CC-99
AD:AA-99,AB-99,AE1,AD0,F-93,CC-99
AE:AA-99,AB-99,AE0,AD-99,F-94,CC-99
CC:AA-1,AB0,AE-2,AD-3,F-95,CC0
F:AA-99,AB-99,AE-50,AD-99,F0,CC-99
G:AA-99,AB-99,AE-49,AD-99,G0,F1,CC-99
-----
AA:AA0,AB-99,AE-1,AD-2,F-95,CC-99
AB:AA-1,AB0,AE-2,AD-3,F-96,CC-99
AD:AA-99,AB-99,AE1,AD0,F-93,CC-99
AE:AA-99,AB-99,AE0,AD-99,F-95,CC-99
CC:AA-1,AB0,AE-2,AD-3,F-96,CC0
F:AA-99,AB-99,AE-50,AD-99,F0,CC-99
G:AA-99,AB-99,AE-49,AD-99,G0,F1,CC-99
-----
AA:AA0,AB-99,AE-1,AD-2,F-95,CC-99
AB:AA-1,AB0,AE-2,AD-3,F-96,CC-99
AD:AA-99,AB-99,AE1,AD0,F-94,CC-99
AE:AA-99,AB-99,AE0,AD-99,F-95,CC-99
CC:AA-1,AB0,AE-2,AD-3,F-96,CC0
F:AA-99,AB-99,AE-50,AD-99,F0,CC-99
G:AA-99,AB-99,AE-49,AD-99,G0,F1,CC-99
-----
AA:AA0,AB-99,AE-1,AD-2,F-96,CC-99
AB:AA-1,AB0,AE-2,AD-3,F-97,CC-99
AD:AA-99,AB-99,AE1,AD0,F-94,CC-99
AE:AA-99,AB-99,AE0,AD-99,F-96,CC-99
CC:AA-1,AB0,AE-2,AD-3,F-97,CC0
F:AA-99,AB-99,AE-50,AD-99,F0,CC-99
G:AA-99,AB-99,AE-49,AD-99,G0,F1,CC-99
-----
AA:AA0,AB-99,AE-1,AD-2,F-96,CC-99
AB:AA-1,AB0,AE-2,AD-3,F-97,CC-99
AD:AA-99,AB-99,AE1,AD0,F-95,CC-99
AE:AA-99,AB-99,AE0,AD-99,F-96,CC-99
CC:AA-1,AB0,AE-2,AD-3,F-97,CC0
F:AA-99,AB-99,AE-50,AD-99,F0,CC-99
G:AA-99,AB-99,AE-49,AD-99,G0,F1,CC-99
-----
AA:AA0,AB-99,AE-1,AD-2,F-97,CC-99
AB:AA-1,AB0,AE-2,AD-3,F-98,CC-99
AD:AA-99,AB-99,AE1,AD0,F-95,CC-99
AE:AA-99,AB-99,AE0,AD-99,F-97,CC-99
CC:AA-1,AB0,AE-2,AD-3,F-98,CC0
F:AA-99,AB-99,AE-50,AD-99,F0,CC-99
G:AA-99,AB-99,AE-49,AD-99,G0,F1,CC-99
-----
AA:AA0,AB-99,AE-1,AD-2,F-97,CC-99
AB:AA-1,AB0,AE-2,AD-3,F-98,CC-99
AD:AA-99,AB-99,AE1,AD0,F-96,CC-99
AE:AA-99,AB-99,AE0,AD-99,F-97,CC-99
CC:AA-1,AB0,AE-2,AD-3,F-98,CC0
F:AA-99,AB-99,AE-50,AD-99,F0,CC-99
G:AA-99,AB-99,AE-49,AD-99,G0,F1,CC-99
-----
AA:AA0,AB-99,AE-1,AD-2,F-98,CC-99
AB:AA-1,AB0,AE-2,AD-3,F-99,CC-99
AD:AA-99,AB-99,AE1,AD0,F-96,CC-99
AE:AA-99,AB-99,AE0,AD-99,F-99,CC-99
CC:AA-1,AB0,AE-2,AD-3,F-99,CC0
F:AA-99,AB-99,AE-50,AD-99,F0,CC-99
G:AA-99,AB-99,AE-49,AD-99,G0,F1,CC-99
-----
AA:AA0,AB-99,AE-1,AD-2,F-98,CC-99
AB:AA-1,AB0,AE-2,AD-3,F-99,CC-99
AD:AA-99,AB-99,AE1,AD0,F-99,CC-99
AE:AA-99,AB-99,AE0,AD-99,F-99,CC-99
CC:AA-1,AB0,AE-2,AD-3,F-99,CC0
F:AA-99,AB-99,AE-50,AD-99,F0,CC-99
G:AA-99,AB-99,AE-49,AD-99,G0,F1,CC-99
-----
AA:AA0,AB-99,AE-1,AD-2,F-99,CC-99
AB:AA-1,AB0,AE-2,AD-3,F-99,CC-99
AD:AA-99,AB-99,AE1,AD0,F-99,CC-99
AE:AA-99,AB-99,AE0,AD-99,F-99,CC-99
CC:AA-1,AB0,AE-2,AD-3,F-99,CC0
F:AA-99,AB-99,AE-50,AD-99,F0,CC-99
G:AA-99,AB-99,AE-49,AD-99,G0,F1,CC-99
-----
