A:A0,B3
B:C-6,B0,D4
C:A2,C0,B5,E5
D:D0
E:E0
F:G2,F0
G:H2,G0
H:I2,H0
I:I0,J2
J:K2,J0
K:K0
S:A5,E20,G20,F10,I40,H30,K60,J50,S0
-----
A:A0,C-3,B3,D7
B:A-4,C-6,B0,E-1,D4
C:A2,C0,B5,E5,D9
D:D0
E:E0
F:H4,G2,F0
G:I4,H2,G0
H:I2,H0,J4
I:I0,K4,J2
J:K2,J0
K:K0
S:A5,B8,E20,G12,F10,I32,H22,K52,J42,S0
-----
A:A0,C-3,B3,E2,D7
B:A-4,C-6,B0,E-1,D3
C:A2,C0,B5,E4,D9
D:D0
E:E0
F:I6,H4,G2,F0
G:I4,H2,J6,G0
H:I2,H0,K6,J4
I:I0,K4,J2
J:K2,J0
K:K0
S:A5,C2,B8,E20,D12,G12,F10,I24,H14,K44,J34,S0
-----
A:A0,C-3,B3,E2,D6
B:A-4,C-6,B0,E-2,D3
C:A2,C0,B5,E4,D8
D:D0
E:E0
F:I6,H4,J8,G2,F0
G:I4,H2,K8,J6,G0
H:I2,H0,K6,J4
I:I0,K4,J2
J:K2,J0
K:K0
S:A5,C2,B8,E7,D12,G12,F10,I16,H14,K36,J26,S0
-----
A:A0,C-3,B3,E1,D6
B:A-4,C-6,B0,E-2,D2
C:A2,C0,B5,E3,D8
D:D0
E:E0
F:G2,F0,I6,H4,K10,J8
G:I4,H2,K8,J6,G0
H:I2,H0,K6,J4
I:I0,K4,J2
J:K2,J0
K:K0
S:A5,C2,B8,E7,D11,G12,F10,I16,H14,K28,J18,S0
-----
A:A0,C-3,B3,E1,D5
B:A-4,C-6,B0,E-3,D2
C:A2,C0,B5,E3,D7
D:D0
E:E0
F:G2,F0,I6,H4,K10,J8
G:I4,H2,K8,J6,G0
H:I2,H0,K6,J4
I:I0,K4,J2
J:K2,J0
K:K0
S:A5,C2,B8,E6,D11,G12,F10,I16,H14,K20,J18,S0
-----
A:A0,C-3,B3,E0,D5
B:A-4,C-6,B0,E-3,D1
C:A2,C0,B5,E2,D7
D:D0
E:E0
F:G2,F0,I6,H4,K10,J8
G:I4,H2,K8,J6,G0
H:I2,H0,K6,J4
I:I0,K4,J2
J:K2,J0
K:K0
S:A5,C2,B8,E6,D10,G12,F10,I16,H14,K20,J18,S0
-----
A:A0,C-3,B3,E0,D4
B:A-4,C-6,B0,E-4,D1
C:A2,C0,B5,E2,D6
D:D0
E:E0
F:G2,F0,I6,H4,K10,J8
G:I4,H2,K8,J6,G0
H:I2,H0,K6,J4
I:I0,K4,J2
J:K2,J0
K:K0
S:A5,C2,B8,E5,D10,G12,F10,I16,H14,K20,J18,S0
-----
A:A0,C-3,B3,E-1,D4
B:A-4,C-6,B0,E-4,D0
C:A2,C0,B5,E1,D6
D:D0
E:E0
F:G2,F0,I6,H4,K10,J8
G:I4,H2,K8,J6,G0
H:I2,H0,K6,J4
I:I0,K4,J2
J:K2,J0
K:K0
S:A5,C2,B8,E5,D9,G12,F10,I16,H14,K20,J18,S0
-----
A:A0,C-3,B3,E-1,D3
B:A-4,C-6,B0,E-5,D0
C:A2,C0,B5,E1,D5
D:D0
E:E0
F:G2,F0,I6,H4,K10,J8
G:I4,H2,K8,J6,G0
H:I2,H0,K6,J4
I:I0,K4,J2
J:K2,J0
K:K0
S:A5,C2,B8,E4,D9,G12,F10,I16,H14,K20,J18,S0
-----
A:A0,C-3,B3,E-2,D3
B:A-4,C-6,B0,E-5,D-1
C:A2,C0,B5,E0,D5
D:D0
E:E0
F:G2,F0,I6,H4,K10,J8
G:I4,H2,K8,J6,G0
H:I2,H0,K6,J4
I:I0,K4,J2
J:K2,J0
K:K0
S:A5,C2,B8,E4,D8,G12,F10,I16,H14,K20,J18,S0
-----
A:A0,C-3,B3,E-2,D2
B:A-4,C-6,B0,E-6,D-1
C:A2,C0,B5,E0,D4
D:D0
E:E0
F:G2,F0,I6,H4,K10,J8
G:I4,H2,K8,J6,G0
H:I2,H0,K6,J4
I:I0,K4,J2
J:K2,J0
K:K0
S:A5,C2,B8,E3,D8,G12,F10,I16,H14,K20,J18,S0
-----
A:A0,C-3,B3,E-3,D2
B:A-4,C-6,B0,E-6,D-2
C:A2,C0,B5,E-1,D4
D:D0
E:E0
F:G2,F0,I6,H4,K10,J8
G:I4,H2,K8,J6,G0
H:I2,H0,K6,J4
I:I0,K4,J2
J:K2,J0
K:K0
S:A5,C2,B8,E3,D7,G12,F10,I16,H14,K20,J18,S0
-----
A:A0,C-3,B3,E-3,D1
B:A-4,C-6,B0,E-7,D-2
C:A2,C0,B5,E-1,D3
D:D0
E:E0
F:G2,F0,I6,H4,K10,J8
G:I4,H2,K8,J6,G0
H:I2,H0,K6,J4
I:I0,K4,J2
J:K2,J0
K:K0
S:A5,C2,B8,E2,D7,G12,F10,I16,H14,K20,J18,S0
-----
A:A0,C-3,B3,E-4,D1
B:A-4,C-6,B0,E-7,D-3
C:A2,C0,B5,E-2,D3
D:D0
E:E0
F:G2,F0,I6,H4,K10,J8
G:I4,H2,K8,J6,G0
H:I2,H0,K6,J4
I:I0,K4,J2
J:K2,J0
K:K0
S:A5,C2,B8,E2,D6,G12,F10,I16,H14,K20,J18,S0
-----
A:A0,C-3,B3,E-4,D0
B:A-4,C-6,B0,E-8,D-3
C:A2,C0,B5,E-2,D2
D:D0
E:E0
F:G2,F0,I6,H4,K10,J8
G:I4,H2,K8,J6,G0
H:I2,H0,K6,J4
I:I0,K4,J2
J:K2,J0
K:K0
S:A5,C2,B8,E1,D6,G12,F10,I16,H14,K20,J18,S0
-----
A:A0,C-3,B3,E-5,D0
B:A-4,C-6,B0,E-8,D-4
C:A2,C0,B5,E-3,D2
D:D0
E:E0
F:G2,F0,I6,H4,K10,J8
G:I4,H2,K8,J6,G0
H:I2,H0,K6,J4
I:I0,K4,J2
J:K2,J0
K:K0
S:A5,C2,B8,E1,D5,G12,F10,I16,H14,K20,J18,S0
-----
A:A0,C-3,B3,E-5,D-1
B:A-4,C-6,B0,E-9,D-4
C:A2,C0,B5,E-3,D1
D:D0
E:E0
F:G2,F0,I6,H4,K10,J8
G:I4,H2,K8,J6,G0
H:I2,H0,K6,J4
I:I0,K4,J2
J:K2,J0
K:K0
S:A5,C2,B8,E0,D5,G12,F10,I16,H14,K20,J18,S0
-----
A:A0,C-3,B3,E-6,D-1
B:A-4,C-6,B0,E-9,D-5
C:A2,C0,B5,E-4,D1
D:D0
E:E0
F:G2,F0,I6,H4,K10,J8
G:I4,H2,K8,J6,G0
H:I2,H0,K6,J4
I:I0,K4,J2
J:K2,J0
K:K0
S:A5,C2,B8,E0,D4,G12,F10,I16,H14,K20,J18,S0
-----
A:A0,C-3,B3,E-6,D-2
B:A-4,C-6,B0,E-10,D-5
C:A2,C0,B5,E-4,D0
D:D0
E:E0
F:G2,F0,I6,H4,K10,J8
G:I4,H2,K8,J6,G0
H:I2,H0,K6,J4
I:I0,K4,J2
J:K2,J0
K:K0
S:A5,C2,B8,E-1,D4,G12,F10,I16,H14,K20,J18,S0
-----
A:A0,C-3,B3,E-7,D-2
B:A-4,C-6,B0,E-10,D-6
C:A2,C0,B5,E-5,D0
D:D0
E:E0
F:G2,F0,I6,H4,K10,J8
G:I4,H2,K8,J6,G0
H:I2,H0,K6,J4
I:I0,K4,J2
J:K2,J0
K:K0
S:A5,C2,B8,E-1,D3,G12,F10,I16,H14,K20,J18,S0
-----
A:A0,C-3,B3,E-7,D-3
B:A-4,C-6,B0,E-11,D-6
C:A2,C0,B5,E-5,D-1
D:D0
E:E0
F:G2,F0,I6,H4,K10,J8
G:I4,H2,K8,J6,G0
H:I2,H0,K6,J4
I:I0,K4,J2
J:K2,J0
K:K0
S:A5,C2,B8,E-2,D3,G12,F10,I16,H14,K20,J18,S0
-----
A:A0,C-3,B3,E-8,D-3
B:A-4,C-6,B0,E-11,D-7
C:A2,C0,B5,E-6,D-1
D:D0
E:E0
F:G2,F0,I6,H4,K10,J8
G:I4,H2,K8,J6,G0
H:I2,H0,K6,J4
I:I0,K4,J2
J:K2,J0
K:K0
S:A5,C2,B8,E-2,D2,G12,F10,I16,H14,K20,J18,S0
-----
A:A0,C-3,B3,E-8,D-4
B:A-4,C-6,B0,E-12,D-7
C:A2,C0,B5,E-6,D-2
D:D0
E:E0
F:G2,F0,I6,H4,K10,J8
G:I4,H2,K8,J6,G0
H:I2,H0,K6,J4
I:I0,K4,J2
J:K2,J0
K:K0
S:A5,C2,B8,E-3,D2,G12,F10,I16,H14,K20,J18,S0
-----
A:A0,C-3,B3,E-9,D-4
B:A-4,C-6,B0,E-12,D-8
C:A2,C0,B5,E-7,D-2
D:D0
E:E0
F:G2,F0,I6,H4,K10,J8
G:I4,H2,K8,J6,G0
H:I2,H0,K6,J4
I:I0,K4,J2
J:K2,J0
K:K0
S:A5,C2,B8,E-3,D1,G12,F10,I16,H14,K20,J18,S0
-----
A:A0,C-3,B3,E-9,D-5
B:A-4,C-6,B0,E-13,D-8
C:A2,C0,B5,E-7,D-3
D:D0
E:E0
F:G2,F0,I6,H4,K10,J8
G:I4,H2,K8,J6,G0
H:I2,H0,K6,J4
I:I0,K4,J2
J:K2,J0
K:K0
S:A5,C2,B8,E-4,D1,G12,F10,I16,H14,K20,J18,S0
-----
A:A0,C-3,B3,E-10,D-5
B:A-4,C-6,B0,E-13,D-9
C:A2,C0,B5,E-8,D-3
D:D0
E:E0
F:G2,F0,I6,H4,K10,J8
G:I4,H2,K8,J6,G0
H:I2,H0,K6,J4
I:I0,K4,J2
J:K2,J0
K:K0
S:A5,C2,B8,E-4,D0,G12,F10,I16,H14,K20,J18,S0
-----
A:A0,C-3,B3,E-10,D-6
B:A-4,C-6,B0,E-14,D-9
C:A2,C0,B5,E-8,D-4
D:D0
E:E0
F:G2,F0,I6,H4,K10,J8
G:I4,H2,K8,J6,G0
H:I2,H0,K6,J4
I:I0,K4,J2
J:K2,J0
K:K0
S:A5,C2,B8,E-5,D0,G12,F10,I16,H14,K20,J18,S0
-----
A:A0,C-3,B3,E-11,D-6
B:A-4,C-6,B0,E-14,D-10
C:A2,C0,B5,E-9,D-4
D:D0
E:E0
F:G2,F0,I6,H4,K10,J8
G:I4,H2,K8,J6,G0
H:I2,H0,K6,J4
I:I0,K4,J2
J:K2,J0
K:K0
S:A5,C2,B8,E-5,D-1,G12,F10,I16,H14,K20,J18,S0
-----
A:A0,C-3,B3,E-11,D-7
B:A-4,C-6,B0,E-15,D-10
C:A2,C0,B5,E-9,D-5
D:D0
E:E0
F:G2,F0,I6,H4,K10,J8
G:I4,H2,K8,J6,G0
H:I2,H0,K6,J4
I:I0,K4,J2
J:K2,J0
K:K0
S:A5,C2,B8,E-6,D-1,G12,F10,I16,H14,K20,J18,S0
-----
A:A0,C-3,B3,E-12,D-7
B:A-4,C-6,B0,E-15,D-11
C:A2,C0,B5,E-10,D-5
D:D0
E:E0
F:G2,F0,I6,H4,K10,J8
G:I4,H2,K8,J6,G0
H:I2,H0,K6,J4
I:I0,K4,J2
J:K2,J0
K:K0
S:A5,C2,B8,E-6,D-2,G12,F10,I16,H14,K20,J18,S0
-----
A:A0,C-3,B3,E-12,D-8
B:A-4,C-6,B0,E-16,D-11
C:A2,C0,B5,E-10,D-6
D:D0
E:E0
F:G2,F0,I6,H4,K10,J8
G:I4,H2,K8,J6,G0
H:I2,H0,K6,J4
I:I0,K4,J2
J:K2,J0
K:K0
S:A5,C2,B8,E-7,D-2,G12,F10,I16,H14,K20,J18,S0
-----
A:A0,C-3,B3,E-13,D-8
B:A-4,C-6,B0,E-16,D-12
C:A2,C0,B5,E-11,D-6
D:D0
E:E0
F:G2,F0,I6,H4,K10,J8
G:I4,H2,K8,J6,G0
H:I2,H0,K6,J4
I:I0,K4,J2
J:K2,J0
K:K0
S:A5,C2,B8,E-7,D-3,G12,F10,I16,H14,K20,J18,S0
-----
A:A0,C-3,B3,E-13,D-9
B:A-4,C-6,B0,E-17,D-12
C:A2,C0,B5,E-11,D-7
D:D0
E:E0
F:G2,F0,I6,H4,K10,J8
G:I4,H2,K8,J6,G0
H:I2,H0,K6,J4
I:I0,K4,J2
J:K2,J0
K:K0
S:A5,C2,B8,E-8,D-3,G12,F10,I16,H14,K20,J18,S0
-----
A:A0,C-3,B3,E-14,D-9
B:A-4,C-6,B0,E-17,D-13
C:A2,C0,B5,E-12,D-7
D:D0
E:E0
F:G2,F0,I6,H4,K10,J8
G:I4,H2,K8,J6,G0
H:I2,H0,K6,J4
I:I0,K4,J2
J:K2,J0
K:K0
S:A5,C2,B8,E-8,D-4,G12,F10,I16,H14,K20,J18,S0
-----
A:A0,C-3,B3,E-14,D-10
B:A-4,C-6,B0,E-18,D-13
C:A2,C0,B5,E-12,D-8
D:D0
E:E0
F:G2,F0,I6,H4,K10,J8
G:I4,H2,K8,J6,G0
H:I2,H0,K6,J4
I:I0,K4,J2
J:K2,J0
K:K0
S:A5,C2,B8,E-9,D-4,G12,F10,I16,H14,K20,J18,S0
-----
A:A0,C-3,B3,E-15,D-10
B:A-4,C-6,B0,E-18,D-14
C:A2,C0,B5,E-13,D-8
D:D0
E:E0
F:G2,F0,I6,H4,K10,J8
G:I4,H2,K8,J6,G0
H:I2,H0,K6,J4
I:I0,K4,J2
J:K2,J0
K:K0
S:A5,C2,B8,E-9,D-5,G12,F10,I16,H14,K20,J18,S0
-----
A:A0,C-3,B3,E-15,D-11
B:A-4,C-6,B0,E-19,D-14
C:A2,C0,B5,E-13,D-9
D:D0
E:E0
F:G2,F0,I6,H4,K10,J8
G:I4,H2,K8,J6,G0
H:I2,H0,K6,J4
I:I0,K4,J2
J:K2,J0
K:K0
S:A5,C2,B8,E-10,D-5,G12,F10,I16,H14,K20,J18,S0
-----
A:A0,C-3,B3,E-16,D-11
B:A-4,C-6,B0,E-19,D-15
C:A2,C0,B5,E-14,D-9
D:D0
E:E0
F:G2,F0,I6,H4,K10,J8
G:I4,H2,K8,J6,G0
H:I2,H0,K6,J4
I:I0,K4,J2
J:K2,J0
K:K0
S:A5,C2,B8,E-10,D-6,G12,F10,I16,H14,K20,J18,S0
-----
A:A0,C-3,B3,E-16,D-12
B:A-4,C-6,B0,E-20,D-15
C:A2,C0,B5,E-14,D-10
D:D0
E:E0
F:G2,F0,I6,H4,K10,J8
G:I4,H2,K8,J6,G0
H:I2,H0,K6,J4
I:I0,K4,J2
J:K2,J0
K:K0
S:A5,C2,B8,E-11,D-6,G12,F10,I16,H14,K20,J18,S0
-----
A:A0,C-3,B3,E-17,D-12
B:A-4,C-6,B0,E-20,D-16
C:A2,C0,B5,E-15,D-10
D:D0
E:E0
F:G2,F0,I6,H4,K10,J8
G:I4,H2,K8,J6,G0
H:I2,H0,K6,J4
I:I0,K4,J2
J:K2,J0
K:K0
S:A5,C2,B8,E-11,D-7,G12,F10,I16,H14,K20,J18,S0
-----
A:A0,C-3,B3,E-17,D-13
B:A-4,C-6,B0,E-21,D-16
C:A2,C0,B5,E-15,D-11
D:D0
E:E0
F:G2,F0,I6,H4,K10,J8
G:I4,H2,K8,J6,G0
H:I2,H0,K6,J4
I:I0,K4,J2
J:K2,J0
K:K0
S:A5,C2,B8,E-12,D-7,G12,F10,I16,H14,K20,J18,S0
-----
A:A0,C-3,B3,E-18,D-13
B:A-4,C-6,B0,E-21,D-17
C:A2,C0,B5,E-16,D-11
D:D0
E:E0
F:G2,F0,I6,H4,K10,J8
G:I4,H2,K8,J6,G0
H:I2,H0,K6,J4
I:I0,K4,J2
J:K2,J0
K:K0
S:A5,C2,B8,E-12,D-8,G12,F10,I16,H14,K20,J18,S0
-----
A:A0,C-3,B3,E-18,D-14
B:A-4,C-6,B0,E-22,D-17
C:A2,C0,B5,E-16,D-12
D:D0
E:E0
F:G2,F0,I6,H4,K10,J8
G:I4,H2,K8,J6,G0
H:I2,H0,K6,J4
I:I0,K4,J2
J:K2,J0
K:K0
S:A5,C2,B8,E-13,D-8,G12,F10,I16,H14,K20,J18,S0
-----
A:A0,C-3,B3,E-19,D-14
B:A-4,C-6,B0,E-22,D-18
C:A2,C0,B5,E-17,D-12
D:D0
E:E0
F:G2,F0,I6,H4,K10,J8
G:I4,H2,K8,J6,G0
H:I2,H0,K6,J4
I:I0,K4,J2
J:K2,J0
K:K0
S:A5,C2,B8,E-13,D-9,G12,F10,I16,H14,K20,J18,S0
-----
A:A0,C-3,B3,E-19,D-15
B:A-4,C-6,B0,E-23,D-18
C:A2,C0,B5,E-17,D-13
D:D0
E:E0
F:G2,F0,I6,H4,K10,J8
G:I4,H2,K8,J6,G0
H:I2,H0,K6,J4
I:I0,K4,J2
J:K2,J0
K:K0
S:A5,C2,B8,E-14,D-9,G12,F10,I16,H14,K20,J18,S0
-----
A:A0,C-3,B3,E-20,D-15
B:A-4,C-6,B0,E-23,D-19
C:A2,C0,B5,E-18,D-13
D:D0
E:E0
F:G2,F0,I6,H4,K10,J8
G:I4,H2,K8,J6,G0
H:I2,H0,K6,J4
I:I0,K4,J2
J:K2,J0
K:K0
S:A5,C2,B8,E-14,D-10,G12,F10,I16,H14,K20,J18,S0
-----
A:A0,C-3,B3,E-20,D-16
B:A-4,C-6,B0,E-24,D-19
C:A2,C0,B5,E-18,D-14
D:D0
E:E0
F:G2,F0,I6,H4,K10,J8
G:I4,H2,K8,J6,G0
H:I2,H0,K6,J4
I:I0,K4,J2
J:K2,J0
K:K0
S:A5,C2,B8,E-15,D-10,G12,F10,I16,H14,K20,J18,S0
-----
A:A0,C-3,B3,E-21,D-16
B:A-4,C-6,B0,E-24,D-20
C:A2,C0,B5,E-19,D-14
D:D0
E:E0
F:G2,F0,I6,H4,K10,J8
G:I4,H2,K8,J6,G0
H:I2,H0,K6,J4
I:I0,K4,J2
J:K2,J0
K:K0
S:A5,C2,B8,E-15,D-11,G12,F10,I16,H14,K20,J18,S0
-----
A:A0,C-3,B3,E-21,D-17
B:A-4,C-6,B0,E-25,D-20
C:A2,C0,B5,E-19,D-15
D:D0
E:E0
F:G2,F0,I6,H4,K10,J8
G:I4,H2,K8,J6,G0
H:I2,H0,K6,J4
I:I0,K4,J2
J:K2,J0
K:K0
S:A5,C2,B8,E-16,D-11,G12,F10,I16,H14,K20,J18,S0
-----
A:A0,C-3,B3,E-22,D-17
B:A-4,C-6,B0,E-25,D-21
C:A2,C0,B5,E-20,D-15
D:D0
E:E0
F:G2,F0,I6,H4,K10,J8
G:I4,H2,K8,J6,G0
H:I2,H0,K6,J4
I:I0,K4,J2
J:K2,J0
K:K0
S:A5,C2,B8,E-16,D-12,G12,F10,I16,H14,K20,J18,S0
-----
A:A0,C-3,B3,E-22,D-18
B:A-4,C-6,B0,E-26,D-21
C:A2,C0,B5,E-20,D-16
D:D0
E:E0
F:G2,F0,I6,H4,K10,J8
G:I4,H2,K8,J6,G0
H:I2,H0,K6,J4
I:I0,K4,J2
J:K2,J0
K:K0
S:A5,C2,B8,E-17,D-12,G12,F10,I16,H14,K20,J18,S0
-----
A:A0,C-3,B3,E-23,D-18
B:A-4,C-6,B0,E-26,D-22
C:A2,C0,B5,E-21,D-16
D:D0
E:E0
F:G2,F0,I6,H4,K10,J8
G:I4,H2,K8,J6,G0
H:I2,H0,K6,J4
I:I0,K4,J2
J:K2,J0
K:K0
S:A5,C2,B8,E-17,D-13,G12,F10,I16,H14,K20,J18,S0
-----
A:A0,C-3,B3,E-23,D-19
B:A-4,C-6,B0,E-27,D-22
C:A2,C0,B5,E-21,D-17
D:D0
E:E0
F:G2,F0,I6,H4,K10,J8
G:I4,H2,K8,J6,G0
H:I2,H0,K6,J4
I:I0,K4,J2
J:K2,J0
K:K0
S:A5,C2,B8,E-18,D-13,G12,F10,I16,H14,K20,J18,S0
-----
A:A0,C-3,B3,E-24,D-19
B:A-4,C-6,B0,E-27,D-23
C:A2,C0,B5,E-22,D-17
D:D0
E:E0
F:G2,F0,I6,H4,K10,J8
G:I4,H2,K8,J6,G0
H:I2,H0,K6,J4
I:I0,K4,J2
J:K2,J0
K:K0
S:A5,C2,B8,E-18,D-14,G12,F10,I16,H14,K20,J18,S0
-----
A:A0,C-3,B3,E-24,D-20
B:A-4,C-6,B0,E-28,D-23
C:A2,C0,B5,E-22,D-18
D:D0
E:E0
F:G2,F0,I6,H4,K10,J8
G:I4,H2,K8,J6,G0
H:I2,H0,K6,J4
I:I0,K4,J2
J:K2,J0
K:K0
S:A5,C2,B8,E-19,D-14,G12,F10,I16,H14,K20,J18,S0
-----
A:A0,C-3,B3,E-25,D-20
B:A-4,C-6,B0,E-28,D-24
C:A2,C0,B5,E-23,D-18
D:D0
E:E0
F:G2,F0,I6,H4,K10,J8
G:I4,H2,K8,J6,G0
H:I2,H0,K6,J4
I:I0,K4,J2
J:K2,J0
K:K0
S:A5,C2,B8,E-19,D-15,G12,F10,I16,H14,K20,J18,S0
-----
A:A0,C-3,B3,E-25,D-21
B:A-4,C-6,B0,E-29,D-24
C:A2,C0,B5,E-23,D-19
D:D0
E:E0
F:G2,F0,I6,H4,K10,J8
G:I4,H2,K8,J6,G0
H:I2,H0,K6,J4
I:I0,K4,J2
J:K2,J0
K:K0
S:A5,C2,B8,E-20,D-15,G12,F10,I16,H14,K20,J18,S0
-----
A:A0,C-3,B3,E-26,D-21
B:A-4,C-6,B0,E-29,D-25
C:A2,C0,B5,E-24,D-19
D:D0
E:E0
F:G2,F0,I6,H4,K10,J8
G:I4,H2,K8,J6,G0
H:I2,H0,K6,J4
I:I0,K4,J2
J:K2,J0
K:K0
S:A5,C2,B8,E-20,D-16,G12,F10,I16,H14,K20,J18,S0
-----
A:A0,C-3,B3,E-26,D-22
B:A-4,C-6,B0,E-30,D-25
C:A2,C0,B5,E-24,D-20
D:D0
E:E0
F:G2,F0,I6,H4,K10,J8
G:I4,H2,K8,J6,G0
H:I2,H0,K6,J4
I:I0,K4,J2
J:K2,J0
K:K0
S:A5,C2,B8,E-21,D-16,G12,F10,I16,H14,K20,J18,S0
-----
A:A0,C-3,B3,E-27,D-22
B:A-4,C-6,B0,E-30,D-26
C:A2,C0,B5,E-25,D-20
D:D0
E:E0
F:G2,F0,I6,H4,K10,J8
G:I4,H2,K8,J6,G0
H:I2,H0,K6,J4
I:I0,K4,J2
J:K2,J0
K:K0
S:A5,C2,B8,E-21,D-17,G12,F10,I16,H14,K20,J18,S0
-----
A:A0,C-3,B3,E-27,D-23
B:A-4,C-6,B0,E-31,D-26
C:A2,C0,B5,E-25,D-21
D:D0
E:E0
F:G2,F0,I6,H4,K10,J8
G:I4,H2,K8,J6,G0
H:I2,H0,K6,J4
I:I0,K4,J2
J:K2,J0
K:K0
S:A5,C2,B8,E-22,D-17,G12,F10,I16,H14,K20,J18,S0
-----
A:A0,C-3,B3,E-28,D-23
B:A-4,C-6,B0,E-31,D-27
C:A2,C0,B5,E-26,D-21
D:D0
E:E0
F:G2,F0,I6,H4,K10,J8
G:I4,H2,K8,J6,G0
H:I2,H0,K6,J4
I:I0,K4,J2
J:K2,J0
K:K0
S:A5,C2,B8,E-22,D-18,G12,F10,I16,H14,K20,J18,S0
-----
A:A0,C-3,B3,E-28,D-24
B:A-4,C-6,B0,E-32,D-27
C:A2,C0,B5,E-26,D-22
D:D0
E:E0
F:G2,F0,I6,H4,K10,J8
G:I4,H2,K8,J6,G0
H:I2,H0,K6,J4
I:I0,K4,J2
J:K2,J0
K:K0
S:A5,C2,B8,E-23,D-18,G12,F10,I16,H14,K20,J18,S0
-----
A:A0,C-3,B3,E-29,D-24
B:A-4,C-6,B0,E-32,D-28
C:A2,C0,B5,E-27,D-22
D:D0
E:E0
F:G2,F0,I6,H4,K10,J8
G:I4,H2,K8,J6,G0
H:I2,H0,K6,J4
I:I0,K4,J2
J:K2,J0
K:K0
S:A5,C2,B8,E-23,D-19,G12,F10,I16,H14,K20,J18,S0
-----
A:A0,C-3,B3,E-29,D-25
B:A-4,C-6,B0,E-33,D-28
C:A2,C0,B5,E-27,D-23
D:D0
E:E0
F:G2,F0,I6,H4,K10,J8
G:I4,H2,K8,J6,G0
H:I2,H0,K6,J4
I:I0,K4,J2
J:K2,J0
K:K0
S:A5,C2,B8,E-24,D-19,G12,F10,I16,H14,K20,J18,S0
-----
A:A0,C-3,B3,E-30,D-25
B:A-4,C-6,B0,E-33,D-29
C:A2,C0,B5,E-28,D-23
D:D0
E:E0
F:G2,F0,I6,H4,K10,J8
G:I4,H2,K8,J6,G0
H:I2,H0,K6,J4
I:I0,K4,J2
J:K2,J0
K:K0
S:A5,C2,B8,E-24,D-20,G12,F10,I16,H14,K20,J18,S0
-----
A:A0,C-3,B3,E-30,D-26
B:A-4,C-6,B0,E-34,D-29
C:A2,C0,B5,E-28,D-24
D:D0
E:E0
F:G2,F0,I6,H4,K10,J8
G:I4,H2,K8,J6,G0
H:I2,H0,K6,J4
I:I0,K4,J2
J:K2,J0
K:K0
S:A5,C2,B8,E-25,D-20,G12,F10,I16,H14,K20,J18,S0
-----
A:A0,C-3,B3,E-31,D-26
B:A-4,C-6,B0,E-34,D-30
C:A2,C0,B5,E-29,D-24
D:D0
E:E0
F:G2,F0,I6,H4,K10,J8
G:I4,H2,K8,J6,G0
H:I2,H0,K6,J4
I:I0,K4,J2
J:K2,J0
K:K0
S:A5,C2,B8,E-25,D-21,G12,F10,I16,H14,K20,J18,S0
-----
A:A0,C-3,B3,E-31,D-27
B:A-4,C-6,B0,E-35,D-30
C:A2,C0,B5,E-29,D-25
D:D0
E:E0
F:G2,F0,I6,H4,K10,J8
G:I4,H2,K8,J6,G0
H:I2,H0,K6,J4
I:I0,K4,J2
J:K2,J0
K:K0
S:A5,C2,B8,E-26,D-21,G12,F10,I16,H14,K20,J18,S0
-----
A:A0,C-3,B3,E-32,D-27
B:A-4,C-6,B0,E-35,D-31
C:A2,C0,B5,E-30,D-25
D:D0
E:E0
F:G2,F0,I6,H4,K10,J8
G:I4,H2,K8,J6,G0
H:I2,H0,K6,J4
I:I0,K4,J2
J:K2,J0
K:K0
S:A5,C2,B8,E-26,D-22,G12,F10,I16,H14,K20,J18,S0
-----
A:A0,C-3,B3,E-32,D-28
B:A-4,C-6,B0,E-36,D-31
C:A2,C0,B5,E-30,D-26
D:D0
E:E0
F:G2,F0,I6,H4,K10,J8
G:I4,H2,K8,J6,G0
H:I2,H0,K6,J4
I:I0,K4,J2
J:K2,J0
K:K0
S:A5,C2,B8,E-27,D-22,G12,F10,I16,H14,K20,J18,S0
-----
A:A0,C-3,B3,E-33,D-28
B:A-4,C-6,B0,E-36,D-32
C:A2,C0,B5,E-31,D-26
D:D0
E:E0
F:G2,F0,I6,H4,K10,J8
G:I4,H2,K8,J6,G0
H:I2,H0,K6,J4
I:I0,K4,J2
J:K2,J0
K:K0
S:A5,C2,B8,E-27,D-23,G12,F10,I16,H14,K20,J18,S0
-----
A:A0,C-3,B3,E-33,D-29
B:A-4,C-6,B0,E-37,D-32
C:A2,C0,B5,E-31,D-27
D:D0
E:E0
F:G2,F0,I6,H4,K10,J8
G:I4,H2,K8,J6,G0
H:I2,H0,K6,J4
I:I0,K4,J2
J:K2,J0
K:K0
S:A5,C2,B8,E-28,D-23,G12,F10,I16,H14,K20,J18,S0
-----
A:A0,C-3,B3,E-34,D-29
B:A-4,C-6,B0,E-37,D-33
C:A2,C0,B5,E-32,D-27
D:D0
E:E0
F:G2,F0,I6,H4,K10,J8
G:I4,H2,K8,J6,G0
H:I2,H0,K6,J4
I:I0,K4,J2
J:K2,J0
K:K0
S:A5,C2,B8,E-28,D-24,G12,F10,I16,H14,K20,J18,S0
-----
A:A0,C-3,B3,E-34,D-30
B:A-4,C-6,B0,E-38,D-33
C:A2,C0,B5,E-32,D-28
D:D0
E:E0
F:G2,F0,I6,H4,K10,J8
G:I4,H2,K8,J6,G0
H:I2,H0,K6,J4
I:I0,K4,J2
J:K2,J0
K:K0
S:A5,C2,B8,E-29,D-24,G12,F10,I16,H14,K20,J18,S0
-----
A:A0,C-3,B3,E-35,D-30
B:A-4,C-6,B0,E-38,D-34
C:A2,C0,B5,E-33,D-28
D:D0
E:E0
F:G2,F0,I6,H4,K10,J8
G:I4,H2,K8,J6,G0
H:I2,H0,K6,J4
I:I0,K4,J2
J:K2,J0
K:K0
S:A5,C2,B8,E-29,D-25,G12,F10,I16,H14,K20,J18,S0
-----
A:A0,C-3,B3,E-35,D-31
B:A-4,C-6,B0,E-39,D-34
C:A2,C0,B5,E-33,D-29
D:D0
E:E0
F:G2,F0,I6,H4,K10,J8
G:I4,H2,K8,J6,G0
H:I2,H0,K6,J4
I:I0,K4,J2
J:K2,J0
K:K0
S:A5,C2,B8,E-30,D-25,G12,F10,I16,H14,K20,J18,S0
-----
A:A0,C-3,B3,E-36,D-31
B:A-4,C-6,B0,E-39,D-35
C:A2,C0,B5,E-34,D-29
D:D0
E:E0
F:G2,F0,I6,H4,K10,J8
G:I4,H2,K8,J6,G0
H:I2,H0,K6,J4
I:I0,K4,J2
J:K2,J0
K:K0
S:A5,C2,B8,E-30,D-26,G12,F10,I16,H14,K20,J18,S0
-----
A:A0,C-3,B3,E-36,D-32
B:A-4,C-6,B0,E-40,D-35
C:A2,C0,B5,E-34,D-30
D:D0
E:E0
F:G2,F0,I6,H4,K10,J8
G:I4,H2,K8,J6,G0
H:I2,H0,K6,J4
I:I0,K4,J2
J:K2,J0
K:K0
S:A5,C2,B8,E-31,D-26,G12,F10,I16,H14,K20,J18,S0
-----
A:A0,C-3,B3,E-37,D-32
B:A-4,C-6,B0,E-40,D-36
C:A2,C0,B5,E-35,D-30
D:D0
E:E0
F:G2,F0,I6,H4,K10,J8
G:I4,H2,K8,J6,G0
H:I2,H0,K6,J4
I:I0,K4,J2
J:K2,J0
K:K0
S:A5,C2,B8,E-31,D-27,G12,F10,I16,H14,K20,J18,S0
-----
A:A0,C-3,B3,E-37,D-33
B:A-4,C-6,B0,E-41,D-36
C:A2,C0,B5,E-35,D-31
D:D0
E:E0
F:G2,F0,I6,H4,K10,J8
G:I4,H2,K8,J6,G0
H:I2,H0,K6,J4
I:I0,K4,J2
J:K2,J0
K:K0
S:A5,C2,B8,E-32,D-27,G12,F10,I16,H14,K20,J18,S0
-----
A:A0,C-3,B3,E-38,D-33
B:A-4,C-6,B0,E-41,D-37
C:A2,C0,B5,E-36,D-31
D:D0
E:E0
F:G2,F0,I6,H4,K10,J8
G:I4,H2,K8,J6,G0
H:I2,H0,K6,J4
I:I0,K4,J2
J:K2,J0
K:K0
S:A5,C2,B8,E-32,D-28,G12,F10,I16,H14,K20,J18,S0
-----
A:A0,C-3,B3,E-38,D-34
B:A-4,C-6,B0,E-42,D-37
C:A2,C0,B5,E-36,D-32
D:D0
E:E0
F:G2,F0,I6,H4,K10,J8
G:I4,H2,K8,J6,G0
H:I2,H0,K6,J4
I:I0,K4,J2
J:K2,J0
K:K0
S:A5,C2,B8,E-33,D-28,G12,F10,I16,H14,K20,J18,S0
-----
A:A0,C-3,B3,E-39,D-34
B:A-4,C-6,B0,E-42,D-38
C:A2,C0,B5,E-37,D-32
D:D0
E:E0
F:G2,F0,I6,H4,K10,J8
G:I4,H2,K8,J6,G0
H:I2,H0,K6,J4
I:I0,K4,J2
J:K2,J0
K:K0
S:A5,C2,B8,E-33,D-29,G12,F10,I16,H14,K20,J18,S0
-----
A:A0,C-3,B3,E-39,D-35
B:A-4,C-6,B0,E-43,D-38
C:A2,C0,B5,E-37,D-33
D:D0
E:E0
F:G2,F0,I6,H4,K10,J8
G:I4,H2,K8,J6,G0
H:I2,H0,K6,J4
I:I0,K4,J2
J:K2,J0
K:K0
S:A5,C2,B8,E-34,D-29,G12,F10,I16,H14,K20,J18,S0
-----
A:A0,C-3,B3,E-40,D-35
B:A-4,C-6,B0,E-43,D-39
C:A2,C0,B5,E-38,D-33
D:D0
E:E0
F:G2,F0,I6,H4,K10,J8
G:I4,H2,K8,J6,G0
H:I2,H0,K6,J4
I:I0,K4,J2
J:K2,J0
K:K0
S:A5,C2,B8,E-34,D-30,G12,F10,I16,H14,K20,J18,S0
-----
A:A0,C-3,B3,E-40,D-36
B:A-4,C-6,B0,E-44,D-39
C:A2,C0,B5,E-38,D-34
D:D0
E:E0
F:G2,F0,I6,H4,K10,J8
G:I4,H2,K8,J6,G0
H:I2,H0,K6,J4
I:I0,K4,J2
J:K2,J0
K:K0
S:A5,C2,B8,E-35,D-30,G12,F10,I16,H14,K20,J18,S0
-----
A:A0,C-3,B3,E-41,D-36
B:A-4,C-6,B0,E-44,D-40
C:A2,C0,B5,E-39,D-34
D:D0
E:E0
F:G2,F0,I6,H4,K10,J8
G:I4,H2,K8,J6,G0
H:I2,H0,K6,J4
I:I0,K4,J2
J:K2,J0
K:K0
S:A5,C2,B8,E-35,D-31,G12,F10,I16,H14,K20,J18,S0
-----
A:A0,C-3,B3,E-41,D-37
B:A-4,C-6,B0,E-45,D-40
C:A2,C0,B5,E-39,D-35
D:D0
E:E0
F:G2,F0,I6,H4,K10,J8
G:I4,H2,K8,J6,G0
H:I2,H0,K6,J4
I:I0,K4,J2
J:K2,J0
K:K0
S:A5,C2,B8,E-36,D-31,G12,F10,I16,H14,K20,J18,S0
-----
A:A0,C-3,B3,E-42,D-37
B:A-4,C-6,B0,E-45,D-41
C:A2,C0,B5,E-40,D-35
D:D0
E:E0
F:G2,F0,I6,H4,K10,J8
G:I4,H2,K8,J6,G0
H:I2,H0,K6,J4
I:I0,K4,J2
J:K2,J0
K:K0
S:A5,C2,B8,E-36,D-32,G12,F10,I16,H14,K20,J18,S0
-----
A:A0,C-3,B3,E-42,D-38
B:A-4,C-6,B0,E-46,D-41
C:A2,C0,B5,E-40,D-36
D:D0
E:E0
F:G2,F0,I6,H4,K10,J8
G:I4,H2,K8,J6,G0
H:I2,H0,K6,J4
I:I0,K4,J2
J:K2,J0
K:K0
S:A5,C2,B8,E-37,D-32,G12,F10,I16,H14,K20,J18,S0
-----
A:A0,C-3,B3,E-43,D-38
B:A-4,C-6,B0,E-46,D-42
C:A2,C0,B5,E-41,D-36
D:D0
E:E0
F:G2,F0,I6,H4,K10,J8
G:I4,H2,K8,J6,G0
H:I2,H0,K6,J4
I:I0,K4,J2
J:K2,J0
K:K0
S:A5,C2,B8,E-37,D-33,G12,F10,I16,H14,K20,J18,S0
-----
A:A0,C-3,B3,E-43,D-39
B:A-4,C-6,B0,E-47,D-42
C:A2,C0,B5,E-41,D-37
D:D0
E:E0
F:G2,F0,I6,H4,K10,J8
G:I4,H2,K8,J6,G0
H:I2,H0,K6,J4
I:I0,K4,J2
J:K2,J0
K:K0
S:A5,C2,B8,E-38,D-33,G12,F10,I16,H14,K20,J18,S0
-----
A:A0,C-3,B3,E-44,D-39
B:A-4,C-6,B0,E-47,D-43
C:A2,C0,B5,E-42,D-37
D:D0
E:E0
F:G2,F0,I6,H4,K10,J8
G:I4,H2,K8,J6,G0
H:I2,H0,K6,J4
I:I0,K4,J2
J:K2,J0
K:K0
S:A5,C2,B8,E-38,D-34,G12,F10,I16,H14,K20,J18,S0
-----
A:A0,C-3,B3,E-44,D-40
B:A-4,C-6,B0,E-48,D-43
C:A2,C0,B5,E-42,D-38
D:D0
E:E0
F:G2,F0,I6,H4,K10,J8
G:I4,H2,K8,J6,G0
H:I2,H0,K6,J4
I:I0,K4,J2
J:K2,J0
K:K0
S:A5,C2,B8,E-39,D-34,G12,F10,I16,H14,K20,J18,S0
-----
A:A0,C-3,B3,E-45,D-40
B:A-4,C-6,B0,E-48,D-44
C:A2,C0,B5,E-43,D-38
D:D0
E:E0
F:G2,F0,I6,H4,K10,J8
G:I4,H2,K8,J6,G0
H:I2,H0,K6,J4
I:I0,K4,J2
J:K2,J0
K:K0
S:A5,C2,B8,E-39,D-35,G12,F10,I16,H14,K20,J18,S0
-----
A:A0,C-3,B3,E-45,D-41
B:A-4,C-6,B0,E-49,D-44
C:A2,C0,B5,E-43,D-39
D:D0
E:E0
F:G2,F0,I6,H4,K10,J8
G:I4,H2,K8,J6,G0
H:I2,H0,K6,J4
I:I0,K4,J2
J:K2,J0
K:K0
S:A5,C2,B8,E-40,D-35,G12,F10,I16,H14,K20,J18,S0
-----
A:A0,C-3,B3,E-46,D-41
B:A-4,C-6,B0,E-49,D-45
C:A2,C0,B5,E-44,D-39
D:D0
E:E0
F:G2,F0,I6,H4,K10,J8
G:I4,H2,K8,J6,G0
H:I2,H0,K6,J4
I:I0,K4,J2
J:K2,J0
K:K0
S:A5,C2,B8,E-40,D-36,G12,F10,I16,H14,K20,J18,S0
-----
A:A0,C-3,B3,E-46,D-42
B:A-4,C-6,B0,E-50,D-45
C:A2,C0,B5,E-44,D-40
D:D0
E:E0
F:G2,F0,I6,H4,K10,J8
G:I4,H2,K8,J6,G0
H:I2,H0,K6,J4
I:I0,K4,J2
J:K2,J0
K:K0
S:A5,C2,B8,E-41,D-36,G12,F10,I16,H14,K20,J18,S0
-----
A:A0,C-3,B3,E-47,D-42
B:A-4,C-6,B0,E-50,D-46
C:A2,C0,B5,E-45,D-40
D:D0
E:E0
F:G2,F0,I6,H4,K10,J8
G:I4,H2,K8,J6,G0
H:I2,H0,K6,J4
I:I0,K4,J2
J:K2,J0
K:K0
S:A5,C2,B8,E-41,D-37,G12,F10,I16,H14,K20,J18,S0
-----
A:A0,C-3,B3,E-47,D-43
B:A-4,C-6,B0,E-51,D-46
C:A2,C0,B5,E-45,D-41
D:D0
E:E0
F:G2,F0,I6,H4,K10,J8
G:I4,H2,K8,J6,G0
H:I2,H0,K6,J4
I:I0,K4,J2
J:K2,J0
K:K0
S:A5,C2,B8,E-42,D-37,G12,F10,I16,H14,K20,J18,S0
-----
A:A0,C-3,B3,E-48,D-43
B:A-4,C-6,B0,E-51,D-47
C:A2,C0,B5,E-46,D-41
D:D0
E:E0
F:G2,F0,I6,H4,K10,J8
G:I4,H2,K8,J6,G0
H:I2,H0,K6,J4
I:I0,K4,J2
J:K2,J0
K:K0
S:A5,C2,B8,E-42,D-38,G12,F10,I16,H14,K20,J18,S0
-----
A:A0,C-3,B3,E-48,D-44
B:A-4,C-6,B0,E-52,D-47
C:A2,C0,B5,E-46,D-42
D:D0
E:E0
F:G2,F0,I6,H4,K10,J8
G:I4,H2,K8,J6,G0
H:I2,H0,K6,J4
I:I0,K4,J2
J:K2,J0
K:K0
S:A5,C2,B8,E-43,D-38,G12,F10,I16,H14,K20,J18,S0
-----
A:A0,C-3,B3,E-49,D-44
B:A-4,C-6,B0,E-52,D-48
C:A2,C0,B5,E-47,D-42
D:D0
E:E0
F:G2,F0,I6,H4,K10,J8
G:I4,H2,K8,J6,G0
H:I2,H0,K6,J4
I:I0,K4,J2
J:K2,J0
K:K0
S:A5,C2,B8,E-43,D-39,G12,F10,I16,H14,K20,J18,S0
-----
A:A0,C-3,B3,E-49,D-45
B:A-4,C-6,B0,E-53,D-48
C:A2,C0,B5,E-47,D-43
D:D0
E:E0
F:G2,F0,I6,H4,K10,J8
G:I4,H2,K8,J6,G0
H:I2,H0,K6,J4
I:I0,K4,J2
J:K2,J0
K:K0
S:A5,C2,B8,E-44,D-39,G12,F10,I16,H14,K20,J18,S0
-----
A:A0,C-3,B3,E-50,D-45
B:A-4,C-6,B0,E-53,D-49
C:A2,C0,B5,E-48,D-43
D:D0
E:E0
F:G2,F0,I6,H4,K10,J8
G:I4,H2,K8,J6,G0
H:I2,H0,K6,J4
I:I0,K4,J2
J:K2,J0
K:K0
S:A5,C2,B8,E-44,D-40,G12,F10,I16,H14,K20,J18,S0
-----
A:A0,C-3,B3,E-50,D-46
B:A-4,C-6,B0,E-54,D-49
C:A2,C0,B5,E-48,D-44
D:D0
E:E0
F:G2,F0,I6,H4,K10,J8
G:I4,H2,K8,J6,G0
H:I2,H0,K6,J4
I:I0,K4,J2
J:K2,J0
K:K0
S:A5,C2,B8,E-45,D-40,G12,F10,I16,H14,K20,J18,S0
-----
A:A0,C-3,B3,E-51,D-46
B:A-4,C-6,B0,E-54,D-50
C:A2,C0,B5,E-49,D-44
D:D0
E:E0
F:G2,F0,I6,H4,K10,J8
G:I4,H2,K8,J6,G0
H:I2,H0,K6,J4
I:I0,K4,J2
J:K2,J0
K:K0
S:A5,C2,B8,E-45,D-41,G12,F10,I16,H14,K20,J18,S0
-----
A:A0,C-3,B3,E-51,D-47
B:A-4,C-6,B0,E-55,D-50
C:A2,C0,B5,E-49,D-45
D:D0
E:E0
F:G2,F0,I6,H4,K10,J8
G:I4,H2,K8,J6,G0
H:I2,H0,K6,J4
I:I0,K4,J2
J:K2,J0
K:K0
S:A5,C2,B8,E-46,D-41,G12,F10,I16,H14,K20,J18,S0
-----
A:A0,C-3,B3,E-52,D-47
B:A-4,C-6,B0,E-55,D-51
C:A2,C0,B5,E-50,D-45
D:D0
E:E0
F:G2,F0,I6,H4,K10,J8
G:I4,H2,K8,J6,G0
H:I2,H0,K6,J4
I:I0,K4,J2
J:K2,J0
K:K0
S:A5,C2,B8,E-46,D-42,G12,F10,I16,H14,K20,J18,S0
-----
A:A0,C-3,B3,E-52,D-48
B:A-4,C-6,B0,E-56,D-51
C:A2,C0,B5,E-50,D-46
D:D0
E:E0
F:G2,F0,I6,H4,K10,J8
G:I4,H2,K8,J6,G0
H:I2,H0,K6,J4
I:I0,K4,J2
J:K2,J0
K:K0
S:A5,C2,B8,E-47,D-42,G12,F10,I16,H14,K20,J18,S0
-----
A:A0,C-3,B3,E-53,D-48
B:A-4,C-6,B0,E-56,D-52
C:A2,C0,B5,E-51,D-46
D:D0
E:E0
F:G2,F0,I6,H4,K10,J8
G:I4,H2,K8,J6,G0
H:I2,H0,K6,J4
I:I0,K4,J2
J:K2,J0
K:K0
S:A5,C2,B8,E-47,D-43,G12,F10,I16,H14,K20,J18,S0
-----
A:A0,C-3,B3,E-53,D-49
B:A-4,C-6,B0,E-57,D-52
C:A2,C0,B5,E-51,D-47
D:D0
E:E0
F:G2,F0,I6,H4,K10,J8
G:I4,H2,K8,J6,G0
H:I2,H0,K6,J4
I:I0,K4,J2
J:K2,J0
K:K0
S:A5,C2,B8,E-48,D-43,G12,F10,I16,H14,K20,J18,S0
-----
A:A0,C-3,B3,E-54,D-49
B:A-4,C-6,B0,E-57,D-53
C:A2,C0,B5,E-52,D-47
D:D0
E:E0
F:G2,F0,I6,H4,K10,J8
G:I4,H2,K8,J6,G0
H:I2,H0,K6,J4
I:I0,K4,J2
J:K2,J0
K:K0
S:A5,C2,B8,E-48,D-44,G12,F10,I16,H14,K20,J18,S0
-----
A:A0,C-3,B3,E-54,D-50
B:A-4,C-6,B0,E-58,D-53
C:A2,C0,B5,E-52,D-48
D:D0
E:E0
F:G2,F0,I6,H4,K10,J8
G:I4,H2,K8,J6,G0
H:I2,H0,K6,J4
I:I0,K4,J2
J:K2,J0
K:K0
S:A5,C2,B8,E-49,D-44,G12,F10,I16,H14,K20,J18,S0
-----
A:A0,C-3,B3,E-55,D-50
B:A-4,C-6,B0,E-58,D-54
C:A2,C0,B5,E-53,D-48
D:D0
E:E0
F:G2,F0,I6,H4,K10,J8
G:I4,H2,K8,J6,G0
H:I2,H0,K6,J4
I:I0,K4,J2
J:K2,J0
K:K0
S:A5,C2,B8,E-49,D-45,G12,F10,I16,H14,K20,J18,S0
-----
A:A0,C-3,B3,E-55,D-51
B:A-4,C-6,B0,E-59,D-54
C:A2,C0,B5,E-53,D-49
D:D0
E:E0
F:G2,F0,I6,H4,K10,J8
G:I4,H2,K8,J6,G0
H:I2,H0,K6,J4
I:I0,K4,J2
J:K2,J0
K:K0
S:A5,C2,B8,E-50,D-45,G12,F10,I16,H14,K20,J18,S0
-----
A:A0,C-3,B3,E-56,D-51
B:A-4,C-6,B0,E-59,D-55
C:A2,C0,B5,E-54,D-49
D:D0
E:E0
F:G2,F0,I6,H4,K10,J8
G:I4,H2,K8,J6,G0
H:I2,H0,K6,J4
I:I0,K4,J2
J:K2,J0
K:K0
S:A5,C2,B8,E-50,D-46,G12,F10,I16,H14,K20,J18,S0
-----
A:A0,C-3,B3,E-56,D-52
B:A-4,C-6,B0,E-60,D-55
C:A2,C0,B5,E-54,D-50
D:D0
E:E0
F:G2,F0,I6,H4,K10,J8
G:I4,H2,K8,J6,G0
H:I2,H0,K6,J4
I:I0,K4,J2
J:K2,J0
K:K0
S:A5,C2,B8,E-51,D-46,G12,F10,I16,H14,K20,J18,S0
-----
A:A0,C-3,B3,E-57,D-52
B:A-4,C-6,B0,E-60,D-56
C:A2,C0,B5,E-55,D-50
D:D0
E:E0
F:G2,F0,I6,H4,K10,J8
G:I4,H2,K8,J6,G0
H:I2,H0,K6,J4
I:I0,K4,J2
J:K2,J0
K:K0
S:A5,C2,B8,E-51,D-47,G12,F10,I16,H14,K20,J18,S0
-----
A:A0,C-3,B3,E-57,D-53
B:A-4,C-6,B0,E-61,D-56
C:A2,C0,B5,E-55,D-51
D:D0
E:E0
F:G2,F0,I6,H4,K10,J8
G:I4,H2,K8,J6,G0
H:I2,H0,K6,J4
I:I0,K4,J2
J:K2,J0
K:K0
S:A5,C2,B8,E-52,D-47,G12,F10,I16,H14,K20,J18,S0
-----
A:A0,C-3,B3,E-58,D-53
B:A-4,C-6,B0,E-61,D-57
C:A2,C0,B5,E-56,D-51
D:D0
E:E0
F:G2,F0,I6,H4,K10,J8
G:I4,H2,K8,J6,G0
H:I2,H0,K6,J4
I:I0,K4,J2
J:K2,J0
K:K0
S:A5,C2,B8,E-52,D-48,G12,F10,I16,H14,K20,J18,S0
-----
A:A0,C-3,B3,E-58,D-54
B:A-4,C-6,B0,E-62,D-57
C:A2,C0,B5,E-56,D-52
D:D0
E:E0
F:G2,F0,I6,H4,K10,J8
G:I4,H2,K8,J6,G0
H:I2,H0,K6,J4
I:I0,K4,J2
J:K2,J0
K:K0
S:A5,C2,B8,E-53,D-48,G12,F10,I16,H14,K20,J18,S0
-----
A:A0,C-3,B3,E-59,D-54
B:A-4,C-6,B0,E-62,D-58
C:A2,C0,B5,E-57,D-52
D:D0
E:E0
F:G2,F0,I6,H4,K10,J8
G:I4,H2,K8,J6,G0
H:I2,H0,K6,J4
I:I0,K4,J2
J:K2,J0
K:K0
S:A5,C2,B8,E-53,D-49,G12,F10,I16,H14,K20,J18,S0
-----
A:A0,C-3,B3,E-59,D-55
B:A-4,C-6,B0,E-63,D-58
C:A2,C0,B5,E-57,D-53
D:D0
E:E0
F:G2,F0,I6,H4,K10,J8
G:I4,H2,K8,J6,G0
H:I2,H0,K6,J4
I:I0,K4,J2
J:K2,J0
K:K0
S:A5,C2,B8,E-54,D-49,G12,F10,I16,H14,K20,J18,S0
-----
A:A0,C-3,B3,E-60,D-55
B:A-4,C-6,B0,E-63,D-59
C:A2,C0,B5,E-58,D-53
D:D0
E:E0
F:G2,F0,I6,H4,K10,J8
G:I4,H2,K8,J6,G0
H:I2,H0,K6,J4
I:I0,K4,J2
J:K2,J0
K:K0
S:A5,C2,B8,E-54,D-50,G12,F10,I16,H14,K20,J18,S0
-----
A:A0,C-3,B3,E-60,D-56
B:A-4,C-6,B0,E-64,D-59
C:A2,C0,B5,E-58,D-54
D:D0
E:E0
F:G2,F0,I6,H4,K10,J8
G:I4,H2,K8,J6,G0
H:I2,H0,K6,J4
I:I0,K4,J2
J:K2,J0
K:K0
S:A5,C2,B8,E-55,D-50,G12,F10,I16,H14,K20,J18,S0
-----
A:A0,C-3,B3,E-61,D-56
B:A-4,C-6,B0,E-64,D-60
C:A2,C0,B5,E-59,D-54
D:D0
E:E0
F:G2,F0,I6,H4,K10,J8
G:I4,H2,K8,J6,G0
H:I2,H0,K6,J4
I:I0,K4,J2
J:K2,J0
K:K0
S:A5,C2,B8,E-55,D-51,G12,F10,I16,H14,K20,J18,S0
-----
A:A0,C-3,B3,E-61,D-57
B:A-4,C-6,B0,E-65,D-60
C:A2,C0,B5,E-59,D-55
D:D0
E:E0
F:G2,F0,I6,H4,K10,J8
G:I4,H2,K8,J6,G0
H:I2,H0,K6,J4
I:I0,K4,J2
J:K2,J0
K:K0
S:A5,C2,B8,E-56,D-51,G12,F10,I16,H14,K20,J18,S0
-----
A:A0,C-3,B3,E-62,D-57
B:A-4,C-6,B0,E-65,D-61
C:A2,C0,B5,E-60,D-55
D:D0
E:E0
F:G2,F0,I6,H4,K10,J8
G:I4,H2,K8,J6,G0
H:I2,H0,K6,J4
I:I0,K4,J2
J:K2,J0
K:K0
S:A5,C2,B8,E-56,D-52,G12,F10,I16,H14,K20,J18,S0
-----
A:A0,C-3,B3,E-62,D-58
B:A-4,C-6,B0,E-66,D-61
C:A2,C0,B5,E-60,D-56
D:D0
E:E0
F:G2,F0,I6,H4,K10,J8
G:I4,H2,K8,J6,G0
H:I2,H0,K6,J4
I:I0,K4,J2
J:K2,J0
K:K0
S:A5,C2,B8,E-57,D-52,G12,F10,I16,H14,K20,J18,S0
-----
A:A0,C-3,B3,E-63,D-58
B:A-4,C-6,B0,E-66,D-62
C:A2,C0,B5,E-61,D-56
D:D0
E:E0
F:G2,F0,I6,H4,K10,J8
G:I4,H2,K8,J6,G0
H:I2,H0,K6,J4
I:I0,K4,J2
J:K2,J0
K:K0
S:A5,C2,B8,E-57,D-53,G12,F10,I16,H14,K20,J18,S0
-----
A:A0,C-3,B3,E-63,D-59
B:A-4,C-6,B0,E-67,D-62
C:A2,C0,B5,E-61,D-57
D:D0
E:E0
F:G2,F0,I6,H4,K10,J8
G:I4,H2,K8,J6,G0
H:I2,H0,K6,J4
I:I0,K4,J2
J:K2,J0
K:K0
S:A5,C2,B8,E-58,D-53,G12,F10,I16,H14,K20,J18,S0
-----
A:A0,C-3,B3,E-64,D-59
B:A-4,C-6,B0,E-67,D-63
C:A2,C0,B5,E-62,D-57
D:D0
E:E0
F:G2,F0,I6,H4,K10,J8
G:I4,H2,K8,J6,G0
H:I2,H0,K6,J4
I:I0,K4,J2
J:K2,J0
K:K0
S:A5,C2,B8,E-58,D-54,G12,F10,I16,H14,K20,J18,S0
-----
A:A0,C-3,B3,E-64,D-60
B:A-4,C-6,B0,E-68,D-63
C:A2,C0,B5,E-62,D-58
D:D0
E:E0
F:G2,F0,I6,H4,K10,J8
G:I4,H2,K8,J6,G0
H:I2,H0,K6,J4
I:I0,K4,J2
J:K2,J0
K:K0
S:A5,C2,B8,E-59,D-54,G12,F10,I16,H14,K20,J18,S0
-----
A:A0,C-3,B3,E-65,D-60
B:A-4,C-6,B0,E-68,D-64
C:A2,C0,B5,E-63,D-58
D:D0
E:E0
F:G2,F0,I6,H4,K10,J8
G:I4,H2,K8,J6,G0
H:I2,H0,K6,J4
I:I0,K4,J2
J:K2,J0
K:K0
S:A5,C2,B8,E-59,D-55,G12,F10,I16,H14,K20,J18,S0
-----
A:A0,C-3,B3,E-65,D-61
B:A-4,C-6,B0,E-69,D-64
C:A2,C0,B5,E-63,D-59
D:D0
E:E0
F:G2,F0,I6,H4,K10,J8
G:I4,H2,K8,J6,G0
H:I2,H0,K6,J4
I:I0,K4,J2
J:K2,J0
K:K0
S:A5,C2,B8,E-60,D-55,G12,F10,I16,H14,K20,J18,S0
-----
A:A0,C-3,B3,E-66,D-61
B:A-4,C-6,B0,E-69,D-65
C:A2,C0,B5,E-64,D-59
D:D0
E:E0
F:G2,F0,I6,H4,K10,J8
G:I4,H2,K8,J6,G0
H:I2,H0,K6,J4
I:I0,K4,J2
J:K2,J0
K:K0
S:A5,C2,B8,E-60,D-56,G12,F10,I16,H14,K20,J18,S0
-----
A:A0,C-3,B3,E-66,D-62
B:A-4,C-6,B0,E-70,D-65
C:A2,C0,B5,E-64,D-60
D:D0
E:E0
F:G2,F0,I6,H4,K10,J8
G:I4,H2,K8,J6,G0
H:I2,H0,K6,J4
I:I0,K4,J2
J:K2,J0
K:K0
S:A5,C2,B8,E-61,D-56,G12,F10,I16,H14,K20,J18,S0
-----
A:A0,C-3,B3,E-67,D-62
B:A-4,C-6,B0,E-70,D-66
C:A2,C0,B5,E-65,D-60
D:D0
E:E0
F:G2,F0,I6,H4,K10,J8
G:I4,H2,K8,J6,G0
H:I2,H0,K6,J4
I:I0,K4,J2
J:K2,J0
K:K0
S:A5,C2,B8,E-61,D-57,G12,F10,I16,H14,K20,J18,S0
-----
A:A0,C-3,B3,E-67,D-63
B:A-4,C-6,B0,E-71,D-66
C:A2,C0,B5,E-65,D-61
D:D0
E:E0
F:G2,F0,I6,H4,K10,J8
G:I4,H2,K8,J6,G0
H:I2,H0,K6,J4
I:I0,K4,J2
J:K2,J0
K:K0
S:A5,C2,B8,E-62,D-57,G12,F10,I16,H14,K20,J18,S0
-----
A:A0,C-3,B3,E-68,D-63
B:A-4,C-6,B0,E-71,D-67
C:A2,C0,B5,E-66,D-61
D:D0
E:E0
F:G2,F0,I6,H4,K10,J8
G:I4,H2,K8,J6,G0
H:I2,H0,K6,J4
I:I0,K4,J2
J:K2,J0
K:K0
S:A5,C2,B8,E-62,D-58,G12,F10,I16,H14,K20,J18,S0
-----
A:A0,C-3,B3,E-68,D-64
B:A-4,C-6,B0,E-72,D-67
C:A2,C0,B5,E-66,D-62
D:D0
E:E0
F:G2,F0,I6,H4,K10,J8
G:I4,H2,K8,J6,G0
H:I2,H0,K6,J4
I:I0,K4,J2
J:K2,J0
K:K0
S:A5,C2,B8,E-63,D-58,G12,F10,I16,H14,K20,J18,S0
-----
A:A0,C-3,B3,E-69,D-64
B:A-4,C-6,B0,E-72,D-68
C:A2,C0,B5,E-67,D-62
D:D0
E:E0
F:G2,F0,I6,H4,K10,J8
G:I4,H2,K8,J6,G0
H:I2,H0,K6,J4
I:I0,K4,J2
J:K2,J0
K:K0
S:A5,C2,B8,E-63,D-59,G12,F10,I16,H14,K20,J18,S0
-----
A:A0,C-3,B3,E-69,D-65
B:A-4,C-6,B0,E-73,D-68
C:A2,C0,B5,E-67,D-63
D:D0
E:E0
F:G2,F0,I6,H4,K10,J8
G:I4,H2,K8,J6,G0
H:I2,H0,K6,J4
I:I0,K4,J2
J:K2,J0
K:K0
S:A5,C2,B8,E-64,D-59,G12,F10,I16,H14,K20,J18,S0
-----
A:A0,C-3,B3,E-70,D-65
B:A-4,C-6,B0,E-73,D-69
C:A2,C0,B5,E-68,D-63
D:D0
E:E0
F:G2,F0,I6,H4,K10,J8
G:I4,H2,K8,J6,G0
H:I2,H0,K6,J4
I:I0,K4,J2
J:K2,J0
K:K0
S:A5,C2,B8,E-64,D-60,G12,F10,I16,H14,K20,J18,S0
-----
A:A0,C-3,B3,E-70,D-66
B:A-4,C-6,B0,E-74,D-69
C:A2,C0,B5,E-68,D-64
D:D0
E:E0
F:G2,F0,I6,H4,K10,J8
G:I4,H2,K8,J6,G0
H:I2,H0,K6,J4
I:I0,K4,J2
J:K2,J0
K:K0
S:A5,C2,B8,E-65,D-60,G12,F10,I16,H14,K20,J18,S0
-----
A:A0,C-3,B3,E-71,D-66
B:A-4,C-6,B0,E-74,D-70
C:A2,C0,B5,E-69,D-64
D:D0
E:E0
F:G2,F0,I6,H4,K10,J8
G:I4,H2,K8,J6,G0
H:I2,H0,K6,J4
I:I0,K4,J2
J:K2,J0
K:K0
S:A5,C2,B8,E-65,D-61,G12,F10,I16,H14,K20,J18,S0
-----
A:A0,C-3,B3,E-71,D-67
B:A-4,C-6,B0,E-75,D-70
C:A2,C0,B5,E-69,D-65
D:D0
E:E0
F:G2,F0,I6,H4,K10,J8
G:I4,H2,K8,J6,G0
H:I2,H0,K6,J4
I:I0,K4,J2
J:K2,J0
K:K0
S:A5,C2,B8,E-66,D-61,G12,F10,I16,H14,K20,J18,S0
-----
A:A0,C-3,B3,E-72,D-67
B:A-4,C-6,B0,E-75,D-71
C:A2,C0,B5,E-70,D-65
D:D0
E:E0
F:G2,F0,I6,H4,K10,J8
G:I4,H2,K8,J6,G0
H:I2,H0,K6,J4
I:I0,K4,J2
J:K2,J0
K:K0
S:A5,C2,B8,E-66,D-62,G12,F10,I16,H14,K20,J18,S0
-----
A:A0,C-3,B3,E-72,D-68
B:A-4,C-6,B0,E-76,D-71
C:A2,C0,B5,E-70,D-66
D:D0
E:E0
F:G2,F0,I6,H4,K10,J8
G:I4,H2,K8,J6,G0
H:I2,H0,K6,J4
I:I0,K4,J2
J:K2,J0
K:K0
S:A5,C2,B8,E-67,D-62,G12,F10,I16,H14,K20,J18,S0
-----
A:A0,C-3,B3,E-73,D-68
B:A-4,C-6,B0,E-76,D-72
C:A2,C0,B5,E-71,D-66
D:D0
E:E0
F:G2,F0,I6,H4,K10,J8
G:I4,H2,K8,J6,G0
H:I2,H0,K6,J4
I:I0,K4,J2
J:K2,J0
K:K0
S:A5,C2,B8,E-67,D-63,G12,F10,I16,H14,K20,J18,S0
-----
A:A0,C-3,B3,E-73,D-69
B:A-4,C-6,B0,E-77,D-72
C:A2,C0,B5,E-71,D-67
D:D0
E:E0
F:G2,F0,I6,H4,K10,J8
G:I4,H2,K8,J6,G0
H:I2,H0,K6,J4
I:I0,K4,J2
J:K2,J0
K:K0
S:A5,C2,B8,E-68,D-63,G12,F10,I16,H14,K20,J18,S0
-----
A:A0,C-3,B3,E-74,D-69
B:A-4,C-6,B0,E-77,D-73
C:A2,C0,B5,E-72,D-67
D:D0
E:E0
F:G2,F0,I6,H4,K10,J8
G:I4,H2,K8,J6,G0
H:I2,H0,K6,J4
I:I0,K4,J2
J:K2,J0
K:K0
S:A5,C2,B8,E-68,D-64,G12,F10,I16,H14,K20,J18,S0
-----
A:A0,C-3,B3,E-74,D-70
B:A-4,C-6,B0,E-78,D-73
C:A2,C0,B5,E-72,D-68
D:D0
E:E0
F:G2,F0,I6,H4,K10,J8
G:I4,H2,K8,J6,G0
H:I2,H0,K6,J4
I:I0,K4,J2
J:K2,J0
K:K0
S:A5,C2,B8,E-69,D-64,G12,F10,I16,H14,K20,J18,S0
-----
A:A0,C-3,B3,E-75,D-70
B:A-4,C-6,B0,E-78,D-74
C:A2,C0,B5,E-73,D-68
D:D0
E:E0
F:G2,F0,I6,H4,K10,J8
G:I4,H2,K8,J6,G0
H:I2,H0,K6,J4
I:I0,K4,J2
J:K2,J0
K:K0
S:A5,C2,B8,E-69,D-65,G12,F10,I16,H14,K20,J18,S0
-----
A:A0,C-3,B3,E-75,D-71
B:A-4,C-6,B0,E-79,D-74
C:A2,C0,B5,E-73,D-69
D:D0
E:E0
F:G2,F0,I6,H4,K10,J8
G:I4,H2,K8,J6,G0
H:I2,H0,K6,J4
I:I0,K4,J2
J:K2,J0
K:K0
S:A5,C2,B8,E-70,D-65,G12,F10,I16,H14,K20,J18,S0
-----
A:A0,C-3,B3,E-76,D-71
B:A-4,C-6,B0,E-79,D-75
C:A2,C0,B5,E-74,D-69
D:D0
E:E0
F:G2,F0,I6,H4,K10,J8
G:I4,H2,K8,J6,G0
H:I2,H0,K6,J4
I:I0,K4,J2
J:K2,J0
K:K0
S:A5,C2,B8,E-70,D-66,G12,F10,I16,H14,K20,J18,S0
-----
A:A0,C-3,B3,E-76,D-72
B:A-4,C-6,B0,E-80,D-75
C:A2,C0,B5,E-74,D-70
D:D0
E:E0
F:G2,F0,I6,H4,K10,J8
G:I4,H2,K8,J6,G0
H:I2,H0,K6,J4
I:I0,K4,J2
J:K2,J0
K:K0
S:A5,C2,B8,E-71,D-66,G12,F10,I16,H14,K20,J18,S0
-----
A:A0,C-3,B3,E-77,D-72
B:A-4,C-6,B0,E-80,D-76
C:A2,C0,B5,E-75,D-70
D:D0
E:E0
F:G2,F0,I6,H4,K10,J8
G:I4,H2,K8,J6,G0
H:I2,H0,K6,J4
I:I0,K4,J2
J:K2,J0
K:K0
S:A5,C2,B8,E-71,D-67,G12,F10,I16,H14,K20,J18,S0
-----
A:A0,C-3,B3,E-77,D-73
B:A-4,C-6,B0,E-81,D-76
C:A2,C0,B5,E-75,D-71
D:D0
E:E0
F:G2,F0,I6,H4,K10,J8
G:I4,H2,K8,J6,G0
H:I2,H0,K6,J4
I:I0,K4,J2
J:K2,J0
K:K0
S:A5,C2,B8,E-72,D-67,G12,F10,I16,H14,K20,J18,S0
-----
A:A0,C-3,B3,E-78,D-73
B:A-4,C-6,B0,E-81,D-77
C:A2,C0,B5,E-76,D-71
D:D0
E:E0
F:G2,F0,I6,H4,K10,J8
G:I4,H2,K8,J6,G0
H:I2,H0,K6,J4
I:I0,K4,J2
J:K2,J0
K:K0
S:A5,C2,B8,E-72,D-68,G12,F10,I16,H14,K20,J18,S0
-----
A:A0,C-3,B3,E-78,D-74
B:A-4,C-6,B0,E-82,D-77
C:A2,C0,B5,E-76,D-72
D:D0
E:E0
F:G2,F0,I6,H4,K10,J8
G:I4,H2,K8,J6,G0
H:I2,H0,K6,J4
I:I0,K4,J2
J:K2,J0
K:K0
S:A5,C2,B8,E-73,D-68,G12,F10,I16,H14,K20,J18,S0
-----
A:A0,C-3,B3,E-79,D-74
B:A-4,C-6,B0,E-82,D-78
C:A2,C0,B5,E-77,D-72
D:D0
E:E0
F:G2,F0,I6,H4,K10,J8
G:I4,H2,K8,J6,G0
H:I2,H0,K6,J4
I:I0,K4,J2
J:K2,J0
K:K0
S:A5,C2,B8,E-73,D-69,G12,F10,I16,H14,K20,J18,S0
-----
A:A0,C-3,B3,E-79,D-75
B:A-4,C-6,B0,E-83,D-78
C:A2,C0,B5,E-77,D-73
D:D0
E:E0
F:G2,F0,I6,H4,K10,J8
G:I4,H2,K8,J6,G0
H:I2,H0,K6,J4
I:I0,K4,J2
J:K2,J0
K:K0
S:A5,C2,B8,E-74,D-69,G12,F10,I16,H14,K20,J18,S0
-----
A:A0,C-3,B3,E-80,D-75
B:A-4,C-6,B0,E-83,D-79
C:A2,C0,B5,E-78,D-73
D:D0
E:E0
F:G2,F0,I6,H4,K10,J8
G:I4,H2,K8,J6,G0
H:I2,H0,K6,J4
I:I0,K4,J2
J:K2,J0
K:K0
S:A5,C2,B8,E-74,D-70,G12,F10,I16,H14,K20,J18,S0
-----
A:A0,C-3,B3,E-80,D-76
B:A-4,C-6,B0,E-84,D-79
C:A2,C0,B5,E-78,D-74
D:D0
E:E0
F:G2,F0,I6,H4,K10,J8
G:I4,H2,K8,J6,G0
H:I2,H0,K6,J4
I:I0,K4,J2
J:K2,J0
K:K0
S:A5,C2,B8,E-75,D-70,G12,F10,I16,H14,K20,J18,S0
-----
A:A0,C-3,B3,E-81,D-76
B:A-4,C-6,B0,E-84,D-80
C:A2,C0,B5,E-79,D-74
D:D0
E:E0
F:G2,F0,I6,H4,K10,J8
G:I4,H2,K8,J6,G0
H:I2,H0,K6,J4
I:I0,K4,J2
J:K2,J0
K:K0
S:A5,C2,B8,E-75,D-71,G12,F10,I16,H14,K20,J18,S0
-----
A:A0,C-3,B3,E-81,D-77
B:A-4,C-6,B0,E-85,D-80
C:A2,C0,B5,E-79,D-75
D:D0
E:E0
F:G2,F0,I6,H4,K10,J8
G:I4,H2,K8,J6,G0
H:I2,H0,K6,J4
I:I0,K4,J2
J:K2,J0
K:K0
S:A5,C2,B8,E-76,D-71,G12,F10,I16,H14,K20,J18,S0
-----
A:A0,C-3,B3,E-82,D-77
B:A-4,C-6,B0,E-85,D-81
C:A2,C0,B5,E-80,D-75
D:D0
E:E0
F:G2,F0,I6,H4,K10,J8
G:I4,H2,K8,J6,G0
H:I2,H0,K6,J4
I:I0,K4,J2
J:K2,J0
K:K0
S:A5,C2,B8,E-76,D-72,G12,F10,I16,H14,K20,J18,S0
-----
A:A0,C-3,B3,E-82,D-78
B:A-4,C-6,B0,E-86,D-81
C:A2,C0,B5,E-80,D-76
D:D0
E:E0
F:G2,F0,I6,H4,K10,J8
G:I4,H2,K8,J6,G0
H:I2,H0,K6,J4
I:I0,K4,J2
J:K2,J0
K:K0
S:A5,C2,B8,E-77,D-72,G12,F10,I16,H14,K20,J18,S0
-----
A:A0,C-3,B3,E-83,D-78
B:A-4,C-6,B0,E-86,D-82
C:A2,C0,B5,E-81,D-76
D:D0
E:E0
F:G2,F0,I6,H4,K10,J8
G:I4,H2,K8,J6,G0
H:I2,H0,K6,J4
I:I0,K4,J2
J:K2,J0
K:K0
S:A5,C2,B8,E-77,D-73,G12,F10,I16,H14,K20,J18,S0
-----
A:A0,C-3,B3,E-83,D-79
B:A-4,C-6,B0,E-87,D-82
C:A2,C0,B5,E-81,D-77
D:D0
E:E0
F:G2,F0,I6,H4,K10,J8
G:I4,H2,K8,J6,G0
H:I2,H0,K6,J4
I:I0,K4,J2
J:K2,J0
K:K0
S:A5,C2,B8,E-78,D-73,G12,F10,I16,H14,K20,J18,S0
-----
A:A0,C-3,B3,E-84,D-79
B:A-4,C-6,B0,E-87,D-83
C:A2,C0,B5,E-82,D-77
D:D0
E:E0
F:G2,F0,I6,H4,K10,J8
G:I4,H2,K8,J6,G0
H:I2,H0,K6,J4
I:I0,K4,J2
J:K2,J0
K:K0
S:A5,C2,B8,E-78,D-74,G12,F10,I16,H14,K20,J18,S0
-----
A:A0,C-3,B3,E-84,D-80
B:A-4,C-6,B0,E-88,D-83
C:A2,C0,B5,E-82,D-78
D:D0
E:E0
F:G2,F0,I6,H4,K10,J8
G:I4,H2,K8,J6,G0
H:I2,H0,K6,J4
I:I0,K4,J2
J:K2,J0
K:K0
S:A5,C2,B8,E-79,D-74,G12,F10,I16,H14,K20,J18,S0
-----
A:A0,C-3,B3,E-85,D-80
B:A-4,C-6,B0,E-88,D-84
C:A2,C0,B5,E-83,D-78
D:D0
E:E0
F:G2,F0,I6,H4,K10,J8
G:I4,H2,K8,J6,G0
H:I2,H0,K6,J4
I:I0,K4,J2
J:K2,J0
K:K0
S:A5,C2,B8,E-79,D-75,G12,F10,I16,H14,K20,J18,S0
-----
A:A0,C-3,B3,E-85,D-81
B:A-4,C-6,B0,E-89,D-84
C:A2,C0,B5,E-83,D-79
D:D0
E:E0
F:G2,F0,I6,H4,K10,J8
G:I4,H2,K8,J6,G0
H:I2,H0,K6,J4
I:I0,K4,J2
J:K2,J0
K:K0
S:A5,C2,B8,E-80,D-75,G12,F10,I16,H14,K20,J18,S0
-----
A:A0,C-3,B3,E-86,D-81
B:A-4,C-6,B0,E-89,D-85
C:A2,C0,B5,E-84,D-79
D:D0
E:E0
F:G2,F0,I6,H4,K10,J8
G:I4,H2,K8,J6,G0
H:I2,H0,K6,J4
I:I0,K4,J2
J:K2,J0
K:K0
S:A5,C2,B8,E-80,D-76,G12,F10,I16,H14,K20,J18,S0
-----
A:A0,C-3,B3,E-86,D-82
B:A-4,C-6,B0,E-90,D-85
C:A2,C0,B5,E-84,D-80
D:D0
E:E0
F:G2,F0,I6,H4,K10,J8
G:I4,H2,K8,J6,G0
H:I2,H0,K6,J4
I:I0,K4,J2
J:K2,J0
K:K0
S:A5,C2,B8,E-81,D-76,G12,F10,I16,H14,K20,J18,S0
-----
A:A0,C-3,B3,E-87,D-82
B:A-4,C-6,B0,E-90,D-86
C:A2,C0,B5,E-85,D-80
D:D0
E:E0
F:G2,F0,I6,H4,K10,J8
G:I4,H2,K8,J6,G0
H:I2,H0,K6,J4
I:I0,K4,J2
J:K2,J0
K:K0
S:A5,C2,B8,E-81,D-77,G12,F10,I16,H14,K20,J18,S0
-----
A:A0,C-3,B3,E-87,D-83
B:A-4,C-6,B0,E-91,D-86
C:A2,C0,B5,E-85,D-81
D:D0
E:E0
F:G2,F0,I6,H4,K10,J8
G:I4,H2,K8,J6,G0
H:I2,H0,K6,J4
I:I0,K4,J2
J:K2,J0
K:K0
S:A5,C2,B8,E-82,D-77,G12,F10,I16,H14,K20,J18,S0
-----
A:A0,C-3,B3,E-88,D-83
B:A-4,C-6,B0,E-91,D-87
C:A2,C0,B5,E-86,D-81
D:D0
E:E0
F:G2,F0,I6,H4,K10,J8
G:I4,H2,K8,J6,G0
H:I2,H0,K6,J4
I:I0,K4,J2
J:K2,J0
K:K0
S:A5,C2,B8,E-82,D-78,G12,F10,I16,H14,K20,J18,S0
-----
A:A0,C-3,B3,E-88,D-84
B:A-4,C-6,B0,E-92,D-87
C:A2,C0,B5,E-86,D-82
D:D0
E:E0
F:G2,F0,I6,H4,K10,J8
G:I4,H2,K8,J6,G0
H:I2,H0,K6,J4
I:I0,K4,J2
J:K2,J0
K:K0
S:A5,C2,B8,E-83,D-78,G12,F10,I16,H14,K20,J18,S0
-----
A:A0,C-3,B3,E-89,D-84
B:A-4,C-6,B0,E-92,D-88
C:A2,C0,B5,E-87,D-82
D:D0
E:E0
F:G2,F0,I6,H4,K10,J8
G:I4,H2,K8,J6,G0
H:I2,H0,K6,J4
I:I0,K4,J2
J:K2,J0
K:K0
S:A5,C2,B8,E-83,D-79,G12,F10,I16,H14,K20,J18,S0
-----
A:A0,C-3,B3,E-89,D-85
B:A-4,C-6,B0,E-93,D-88
C:A2,C0,B5,E-87,D-83
D:D0
E:E0
F:G2,F0,I6,H4,K10,J8
G:I4,H2,K8,J6,G0
H:I2,H0,K6,J4
I:I0,K4,J2
J:K2,J0
K:K0
S:A5,C2,B8,E-84,D-79,G12,F10,I16,H14,K20,J18,S0
-----
A:A0,C-3,B3,E-90,D-85
B:A-4,C-6,B0,E-93,D-89
C:A2,C0,B5,E-88,D-83
D:D0
E:E0
F:G2,F0,I6,H4,K10,J8
G:I4,H2,K8,J6,G0
H:I2,H0,K6,J4
I:I0,K4,J2
J:K2,J0
K:K0
S:A5,C2,B8,E-84,D-80,G12,F10,I16,H14,K20,J18,S0
-----
A:A0,C-3,B3,E-90,D-86
B:A-4,C-6,B0,E-94,D-89
C:A2,C0,B5,E-88,D-84
D:D0
E:E0
F:G2,F0,I6,H4,K10,J8
G:I4,H2,K8,J6,G0
H:I2,H0,K6,J4
I:I0,K4,J2
J:K2,J0
K:K0
S:A5,C2,B8,E-85,D-80,G12,F10,I16,H14,K20,J18,S0
-----
A:A0,C-3,B3,E-91,D-86
B:A-4,C-6,B0,E-94,D-90
C:A2,C0,B5,E-89,D-84
D:D0
E:E0
F:G2,F0,I6,H4,K10,J8
G:I4,H2,K8,J6,G0
H:I2,H0,K6,J4
I:I0,K4,J2
J:K2,J0
K:K0
S:A5,C2,B8,E-85,D-81,G12,F10,I16,H14,K20,J18,S0
-----
A:A0,C-3,B3,E-91,D-87
B:A-4,C-6,B0,E-95,D-90
C:A2,C0,B5,E-89,D-85
D:D0
E:E0
F:G2,F0,I6,H4,K10,J8
G:I4,H2,K8,J6,G0
H:I2,H0,K6,J4
I:I0,K4,J2
J:K2,J0
K:K0
S:A5,C2,B8,E-86,D-81,G12,F10,I16,H14,K20,J18,S0
-----
A:A0,C-3,B3,E-92,D-87
B:A-4,C-6,B0,E-95,D-91
C:A2,C0,B5,E-90,D-85
D:D0
E:E0
F:G2,F0,I6,H4,K10,J8
G:I4,H2,K8,J6,G0
H:I2,H0,K6,J4
I:I0,K4,J2
J:K2,J0
K:K0
S:A5,C2,B8,E-86,D-82,G12,F10,I16,H14,K20,J18,S0
-----
A:A0,C-3,B3,E-92,D-88
B:A-4,C-6,B0,E-96,D-91
C:A2,C0,B5,E-90,D-86
D:D0
E:E0
F:G2,F0,I6,H4,K10,J8
G:I4,H2,K8,J6,G0
H:I2,H0,K6,J4
I:I0,K4,J2
J:K2,J0
K:K0
S:A5,C2,B8,E-87,D-82,G12,F10,I16,H14,K20,J18,S0
-----
A:A0,C-3,B3,E-93,D-88
B:A-4,C-6,B0,E-96,D-92
C:A2,C0,B5,E-91,D-86
D:D0
E:E0
F:G2,F0,I6,H4,K10,J8
G:I4,H2,K8,J6,G0
H:I2,H0,K6,J4
I:I0,K4,J2
J:K2,J0
K:K0
S:A5,C2,B8,E-87,D-83,G12,F10,I16,H14,K20,J18,S0
-----
A:A0,C-3,B3,E-93,D-89
B:A-4,C-6,B0,E-97,D-92
C:A2,C0,B5,E-91,D-87
D:D0
E:E0
F:G2,F0,I6,H4,K10,J8
G:I4,H2,K8,J6,G0
H:I2,H0,K6,J4
I:I0,K4,J2
J:K2,J0
K:K0
S:A5,C2,B8,E-88,D-83,G12,F10,I16,H14,K20,J18,S0
-----
A:A0,C-3,B3,E-94,D-89
B:A-4,C-6,B0,E-97,D-93
C:A2,C0,B5,E-92,D-87
D:D0
E:E0
F:G2,F0,I6,H4,K10,J8
G:I4,H2,K8,J6,G0
H:I2,H0,K6,J4
I:I0,K4,J2
J:K2,J0
K:K0
S:A5,C2,B8,E-88,D-84,G12,F10,I16,H14,K20,J18,S0
-----
A:A0,C-3,B3,E-94,D-90
B:A-4,C-6,B0,E-98,D-93
C:A2,C0,B5,E-92,D-88
D:D0
E:E0
F:G2,F0,I6,H4,K10,J8
G:I4,H2,K8,J6,G0
H:I2,H0,K6,J4
I:I0,K4,J2
J:K2,J0
K:K0
S:A5,C2,B8,E-89,D-84,G12,F10,I16,H14,K20,J18,S0
-----
A:A0,C-3,B3,E-95,D-90
B:A-4,C-6,B0,E-98,D-94
C:A2,C0,B5,E-93,D-88
D:D0
E:E0
F:G2,F0,I6,H4,K10,J8
G:I4,H2,K8,J6,G0
H:I2,H0,K6,J4
I:I0,K4,J2
J:K2,J0
K:K0
S:A5,C2,B8,E-89,D-85,G12,F10,I16,H14,K20,J18,S0
-----
A:A0,C-3,B3,E-95,D-91
B:A-4,C-6,B0,E-99,D-94
C:A2,C0,B5,E-93,D-89
D:D0
E:E0
F:G2,F0,I6,H4,K10,J8
G:I4,H2,K8,J6,G0
H:I2,H0,K6,J4
I:I0,K4,J2
J:K2,J0
K:K0
S:A5,C2,B8,E-90,D-85,G12,F10,I16,H14,K20,J18,S0
-----
A:A0,C-3,B3,E-99,D-91
B:A-4,C-6,B0,E-99,D-95
C:A2,C0,B5,E-99,D-89
D:D0
E:E0
F:G2,F0,I6,H4,K10,J8
G:I4,H2,K8,J6,G0
H:I2,H0,K6,J4
I:I0,K4,J2
J:K2,J0
K:K0
S:A5,C2,B8,E-90,D-86,G12,F10,I16,H14,K20,J18,S0
-----
A:A0,C-3,B3,E-99,D-92
B:A-4,C-6,B0,E-99,D-95
C:A2,C0,B5,E-99,D-90
D:D0
E:E0
F:G2,F0,I6,H4,K10,J8
G:I4,H2,K8,J6,G0
H:I2,H0,K6,J4
I:I0,K4,J2
J:K2,J0
K:K0
S:A5,C2,B8,E-99,D-86,G12,F10,I16,H14,K20,J18,S0
-----
A:A0,C-3,B3,E-99,D-92
B:A-4,C-6,B0,E-99,D-96
C:A2,C0,B5,E-99,D-90
D:D0
E:E0
F:G2,F0,I6,H4,K10,J8
G:I4,H2,K8,J6,G0
H:I2,H0,K6,J4
I:I0,K4,J2
J:K2,J0
K:K0
S:A5,C2,B8,E-99,D-87,G12,F10,I16,H14,K20,J18,S0
-----
A:A0,C-3,B3,E-99,D-93
B:A-4,C-6,B0,E-99,D-96
C:A2,C0,B5,E-99,D-91
D:D0
E:E0
F:G2,F0,I6,H4,K10,J8
G:I4,H2,K8,J6,G0
H:I2,H0,K6,J4
I:I0,K4,J2
J:K2,J0
K:K0
S:A5,C2,B8,E-99,D-87,G12,F10,I16,H14,K20,J18,S0
-----
A:A0,C-3,B3,E-99,D-93
B:A-4,C-6,B0,E-99,D-97
C:A2,C0,B5,E-99,D-91
D:D0
E:E0
F:G2,F0,I6,H4,K10,J8
G:I4,H2,K8,J6,G0
H:I2,H0,K6,J4
I:I0,K4,J2
J:K2,J0
K:K0
S:A5,C2,B8,E-99,D-88,G12,F10,I16,H14,K20,J18,S0
-----
A:A0,C-3,B3,E-99,D-94
B:A-4,C-6,B0,E-99,D-97
C:A2,C0,B5,E-99,D-92
D:D0
E:E0
F:G2,F0,I6,H4,K10,J8
G:I4,H2,K8,J6,G0
H:I2,H0,K6,J4
I:I0,K4,J2
J:K2,J0
K:K0
S:A5,C2,B8,E-99,D-88,G12,F10,I16,H14,K20,J18,S0
-----
A:A0,C-3,B3,E-99,D-94
B:A-4,C-6,B0,E-99,D-98
C:A2,C0,B5,E-99,D-92
D:D0
E:E0
F:G2,F0,I6,H4,K10,J8
G:I4,H2,K8,J6,G0
H:I2,H0,K6,J4
I:I0,K4,J2
J:K2,J0
K:K0
S:A5,C2,B8,E-99,D-89,G12,F10,I16,H14,K20,J18,S0
-----
A:A0,C-3,B3,E-99,D-95
B:A-4,C-6,B0,E-99,D-98
C:A2,C0,B5,E-99,D-93
D:D0
E:E0
F:G2,F0,I6,H4,K10,J8
G:I4,H2,K8,J6,G0
H:I2,H0,K6,J4
I:I0,K4,J2
J:K2,J0
K:K0
S:A5,C2,B8,E-99,D-89,G12,F10,I16,H14,K20,J18,S0
-----
A:A0,C-3,B3,E-99,D-95
B:A-4,C-6,B0,E-99,D-99
C:A2,C0,B5,E-99,D-93
D:D0
E:E0
F:G2,F0,I6,H4,K10,J8
G:I4,H2,K8,J6,G0
H:I2,H0,K6,J4
I:I0,K4,J2
J:K2,J0
K:K0
S:A5,C2,B8,E-99,D-90,G12,F10,I16,H14,K20,J18,S0
-----
A:A0,C-3,B3,E-99,D-99
B:A-4,C-6,B0,E-99,D-99
C:A2,C0,B5,E-99,D-99
D:D0
E:E0
F:G2,F0,I6,H4,K10,J8
G:I4,H2,K8,J6,G0
H:I2,H0,K6,J4
I:I0,K4,J2
J:K2,J0
K:K0
S:A5,C2,B8,E-99,D-90,G12,F10,I16,H14,K20,J18,S0
-----
A:A0,C-3,B3,E-99,D-99
B:A-4,C-6,B0,E-99,D-99
C:A2,C0,B5,E-99,D-99
D:D0
E:E0
F:G2,F0,I6,H4,K10,J8
G:I4,H2,K8,J6,G0
H:I2,H0,K6,J4
I:I0,K4,J2
J:K2,J0
K:K0
S:A5,C2,B8,E-99,D-99,G12,F10,I16,H14,K20,J18,S0
-----
