F:G2,F0
G:H2,G0
H:I2,H0
I:I0,J2
J:K2,J0
K:K0
S:G20,F10,I40,H30,K60,J50,S0
-----
F:H4,G2,F0
G:I4,H2,G0
H:I2,H0,J4
I:I0,K4,J2
J:K2,J0
K:K0
S:G12,F10,I32,H22,K52,J42,S0
-----
F:I6,H4,G2,F0
G:I4,H2,J6,G0
H:I2,H0,K6,J4
I:I0,K4,J2
J:K2,J0
K:K0
S:G12,F10,I24,H14,K44,J34,S0
-----
F:I6,H4,J8,G2,F0
G:I4,H2,K8,J6,G0
H:I2,H0,K6,J4
I:I0,K4,J2
J:K2,J0
K:K0
S:G12,F10,I16,H14,K36,J26,S0
-----
F:G2,F0,I6,H4,K10,J8
G:I4,H2,K8,J6,G0
H:I2,H0,K6,J4
I:I0,K4,J2
J:K2,J0
K:K0
S:G12,F10,I16,H14,K28,J18,S0
-----
F:G2,F0,I6,H4,K10,J8
G:I4,H2,K8,J6,G0
H:I2,H0,K6,J4
I:I0,K4,J2
J:K2,J0
K:K0
S:G12,F10,I16,H14,K20,J18,S0
-----
