AA:AA0,AD-2
AB:AA-1,CC0,AB0,AD-3
AD:AA0,CC1,AB1,AD0
CC:CC0,AA-1,AB0,AD-3
-----
AA:AA0,CC-1,AB-1,AD-2
AB:AA-1,CC-2,AB0,AD-3
AD:AA0,CC-1,AB1,AD0
CC:CC0,AA-1,AB0,AD-3
-----
AA:AA0,CC-3,AB-1,AD-2
AB:AA-1,CC-4,AB0,AD-3
AD:AA0,CC-3,AB1,AD0
CC:CC0,AA-1,AB0,AD-3
-----
AA:AA0,CC-5,AB-1,AD-2
AB:AA-1,CC-6,AB0,AD-3
AD:AA0,CC-5,AB1,AD0
CC:CC0,AA-1,AB0,AD-3
-----
AA:AA0,CC-7,AB-1,AD-2
AB:AA-1,CC-8,AB0,AD-3
AD:AA0,CC-7,AB1,AD0
CC:CC0,AA-1,AB0,AD-3
-----
AA:AA0,CC-9,AB-1,AD-2
AB:AA-1,CC-10,AB0,AD-3
AD:AA0,CC-9,AB1,AD0
CC:CC0,AA-1,AB0,AD-3
-----
AA:AA0,CC-11,AB-1,AD-2
AB:AA-1,CC-12,AB0,AD-3
AD:AA0,CC-11,AB1,AD0
CC:CC0,AA-1,AB0,AD-3
-----
AA:AA0,CC-13,AB-1,AD-2
AB:AA-1,CC-14,AB0,AD-3
AD:AA0,CC-13,AB1,AD0
CC:CC0,AA-1,AB0,AD-3
-----
AA:AA0,CC-15,AB-1,AD-2
AB:AA-1,CC-16,AB0,AD-3
AD:AA0,CC-15,AB1,AD0
CC:CC0,AA-1,AB0,AD-3
-----
AA:AA0,CC-17,AB-1,AD-2
AB:AA-1,CC-18,AB0,AD-3
AD:AA0,CC-17,AB1,AD0
CC:CC0,AA-1,AB0,AD-3
-----
AA:AA0,CC-19,AB-1,AD-2
AB:AA-1,CC-20,AB0,AD-3
AD:AA0,CC-19,AB1,AD0
CC:CC0,AA-1,AB0,AD-3
-----
AA:AA0,CC-21,AB-1,AD-2
AB:AA-1,CC-22,AB0,AD-3
AD:AA0,CC-21,AB1,AD0
CC:CC0,AA-1,AB0,AD-3
-----
AA:AA0,CC-23,AB-1,AD-2
AB:AA-1,CC-24,AB0,AD-3
AD:AA0,CC-23,AB1,AD0
CC:CC0,AA-1,AB0,AD-3
-----
AA:AA0,CC-25,AB-1,AD-2
AB:AA-1,CC-26,AB0,AD-3
AD:AA0,CC-25,AB1,AD0
CC:CC0,AA-1,AB0,AD-3
-----
AA:AA0,CC-27,AB-1,AD-2
AB:AA-1,CC-28,AB0,AD-3
AD:AA0,CC-27,AB1,AD0
CC:CC0,AA-1,AB0,AD-3
-----
AA:AA0,CC-29,AB-1,AD-2
AB:AA-1,CC-30,AB0,AD-3
AD:AA0,CC-29,AB1,AD0
CC:CC0,AA-1,AB0,AD-3
-----
AA:AA0,CC-31,AB-1,AD-2
AB:AA-1,CC-32,AB0,AD-3
AD:AA0,CC-31,AB1,AD0
CC:CC0,AA-1,AB0,AD-3
-----
AA:AA0,CC-33,AB-1,AD-2
AB:AA-1,CC-34,AB0,AD-3
AD:AA0,CC-33,AB1,AD0
CC:CC0,AA-1,AB0,AD-3
-----
AA:AA0,CC-35,AB-1,AD-2
AB:AA-1,CC-36,AB0,AD-3
AD:AA0,CC-35,AB1,AD0
CC:CC0,AA-1,AB0,AD-3
-----
AA:AA0,CC-37,AB-1,AD-2
AB:AA-1,CC-38,AB0,AD-3
AD:AA0,CC-37,AB1,AD0
CC:CC0,AA-1,AB0,AD-3
-----
AA:AA0,CC-39,AB-1,AD-2
AB:AA-1,CC-40,AB0,AD-3
AD:AA0,CC-39,AB1,AD0
CC:CC0,AA-1,AB0,AD-3
-----
AA:AA0,CC-41,AB-1,AD-2
AB:AA-1,CC-42,AB0,AD-3
AD:AA0,CC-41,AB1,AD0
CC:CC0,AA-1,AB0,AD-3
-----
AA:AA0,CC-43,AB-1,AD-2
AB:AA-1,CC-44,AB0,AD-3
AD:AA0,CC-43,AB1,AD0
CC:CC0,AA-1,AB0,AD-3
-----
AA:AA0,CC-45,AB-1,AD-2
AB:AA-1,CC-46,AB0,AD-3
AD:AA0,CC-45,AB1,AD0
CC:CC0,AA-1,AB0,AD-3
-----
AA:AA0,CC-47,AB-1,AD-2
AB:AA-1,CC-48,AB0,AD-3
AD:AA0,CC-47,AB1,AD0
CC:CC0,AA-1,AB0,AD-3
-----
AA:AA0,CC-49,AB-1,AD-2
AB:AA-1,CC-50,AB0,AD-3
AD:AA0,CC-49,AB1,AD0
CC:CC0,AA-1,AB0,AD-3
-----
AA:AA0,CC-51,AB-1,AD-2
AB:AA-1,CC-52,AB0,AD-3
AD:AA0,CC-51,AB1,AD0
CC:CC0,AA-1,AB0,AD-3
-----
AA:AA0,CC-53,AB-1,AD-2
AB:AA-1,CC-54,AB0,AD-3
AD:AA0,CC-53,AB1,AD0
CC:CC0,AA-1,AB0,AD-3
-----
AA:AA0,CC-55,AB-1,AD-2
AB:AA-1,CC-56,AB0,AD-3
AD:AA0,CC-55,AB1,AD0
CC:CC0,AA-1,AB0,AD-3
-----
AA:AA0,CC-57,AB-1,AD-2
AB:AA-1,CC-58,AB0,AD-3
AD:AA0,CC-57,AB1,AD0
CC:CC0,AA-1,AB0,AD-3
-----
AA:AA0,CC-59,AB-1,AD-2
AB:AA-1,CC-60,AB0,AD-3
AD:AA0,CC-59,AB1,AD0
CC:CC0,AA-1,AB0,AD-3
-----
AA:AA0,CC-61,AB-1,AD-2
AB:AA-1,CC-62,AB0,AD-3
AD:AA0,CC-61,AB1,AD0
CC:CC0,AA-1,AB0,AD-3
-----
AA:AA0,CC-63,AB-1,AD-2
AB:AA-1,CC-64,AB0,AD-3
AD:AA0,CC-63,AB1,AD0
CC:CC0,AA-1,AB0,AD-3
-----
AA:AA0,CC-65,AB-1,AD-2
AB:AA-1,CC-66,AB0,AD-3
AD:AA0,CC-65,AB1,AD0
CC:CC0,AA-1,AB0,AD-3
-----
AA:AA0,CC-67,AB-1,AD-2
AB:AA-1,CC-68,AB0,AD-3
AD:AA0,CC-67,AB1,AD0
CC:CC0,AA-1,AB0,AD-3
-----
AA:AA0,CC-69,AB-1,AD-2
AB:AA-1,CC-70,AB0,AD-3
AD:AA0,CC-69,AB1,AD0
CC:CC0,AA-1,AB0,AD-3
-----
AA:AA0,CC-71,AB-1,AD-2
AB:AA-1,CC-72,AB0,AD-3
AD:AA0,CC-71,AB1,AD0
CC:CC0,AA-1,AB0,AD-3
-----
AA:AA0,CC-73,AB-1,AD-2
AB:AA-1,CC-74,AB0,AD-3
AD:AA0,CC-73,AB1,AD0
CC:CC0,AA-1,AB0,AD-3
-----
AA:AA0,CC-75,AB-1,AD-2
AB:AA-1,CC-76,AB0,AD-3
AD:AA0,CC-75,AB1,AD0
CC:CC0,AA-1,AB0,AD-3
-----
AA:AA0,CC-77,AB-1,AD-2
AB:AA-1,CC-78,AB0,AD-3
AD:AA0,CC-77,AB1,AD0
CC:CC0,AA-1,AB0,AD-3
-----
AA:AA0,CC-79,AB-1,AD-2
AB:AA-1,CC-80,AB0,AD-3
AD:AA0,CC-79,AB1,AD0
CC:CC0,AA-1,AB0,AD-3
-----
AA:AA0,CC-81,AB-1,AD-2
AB:AA-1,CC-82,AB0,AD-3
AD:AA0,CC-81,AB1,AD0
CC:CC0,AA-1,AB0,AD-3
-----
AA:AA0,CC-83,AB-1,AD-2
AB:AA-1,CC-84,AB0,AD-3
AD:AA0,CC-83,AB1,AD0
CC:CC0,AA-1,AB0,AD-3
-----
AA:AA0,CC-85,AB-1,AD-2
AB:AA-1,CC-86,AB0,AD-3
AD:AA0,CC-85,AB1,AD0
CC:CC0,AA-1,AB0,AD-3
-----
AA:AA0,CC-87,AB-1,AD-2
AB:AA-1,CC-88,AB0,AD-3
AD:AA0,CC-87,AB1,AD0
CC:CC0,AA-1,AB0,AD-3
-----
AA:AA0,CC-89,AB-1,AD-2
AB:AA-1,CC-90,AB0,AD-3
AD:AA0,CC-89,AB1,AD0
CC:CC0,AA-1,AB0,AD-3
-----
AA:AA0,CC-91,AB-1,AD-2
AB:AA-1,CC-92,AB0,AD-3
AD:AA0,CC-91,AB1,AD0
CC:CC0,AA-1,AB0,AD-3
-----
AA:AA0,CC-93,AB-1,AD-2
AB:AA-1,CC-94,AB0,AD-3
AD:AA0,CC-93,AB1,AD0
CC:CC0,AA-1,AB0,AD-3
-----
AA:AA0,CC-95,AB-1,AD-2
AB:AA-1,CC-96,AB0,AD-3
AD:AA0,CC-95,AB1,AD0
CC:CC0,AA-1,AB0,AD-3
-----
AA:AA0,CC-97,AB-1,AD-2
AB:AA-1,CC-98,AB0,AD-3
AD:AA0,CC-97,AB1,AD0
CC:CC0,AA-1,AB0,AD-3
-----
AA:AA0,CC-99,AB-1,AD-2
AB:AA-1,CC-99,AB0,AD-3
AD:AA0,CC-99,AB1,AD0
CC:CC0,AA-1,AB0,AD-3
-----
AA:AA0,CC-99,AB-1,AD-2
AB:AA-1,CC-99,AB0,AD-3
AD:AA0,CC-99,AB1,AD0
CC:CC0,AA-1,AB0,AD-3
-----
